<?xml version="1.0" encoding="utf-8"?><testsuites name="pytest tests"><testsuite name="pytest" errors="0" failures="0" skipped="3" tests="10" time="3.784" timestamp="2026-06-24T20:14:26.442568+00:00" hostname="agent-env-dca90259-c859-447a-9f21-a21fe30c48f9"><testcase classname="backend.tests.test_commerce_flash_sales_mobility.TestCommerceCenter" name="test_commerce_center_overview" time="0.450" /><testcase classname="backend.tests.test_commerce_flash_sales_mobility.TestCommerceCenter" name="test_merchant_dashboard_api" time="0.389" /><testcase classname="backend.tests.test_commerce_flash_sales_mobility.TestFlashSales" name="test_create_flash_sale" time="0.491" /><testcase classname="backend.tests.test_commerce_flash_sales_mobility.TestFlashSales" name="test_cancel_flash_sale" time="0.500" /><testcase classname="backend.tests.test_commerce_flash_sales_mobility.TestMarketplaceDeepLinks" name="test_marketplace_detail_endpoint" time="0.435" /><testcase classname="backend.tests.test_commerce_flash_sales_mobility.TestMarketplaceDeepLinks" name="test_marketplace_favorites_endpoint" time="0.388"><skipped type="pytest.skip" message="Favorites endpoint not implemented">/app/backend/tests/test_commerce_flash_sales_mobility.py:205: Favorites endpoint not implemented</skipped></testcase><testcase classname="backend.tests.test_commerce_flash_sales_mobility.TestMobilityCenter" name="test_mobility_payment_options" time="0.395" /><testcase classname="backend.tests.test_commerce_flash_sales_mobility.TestMobilityCenter" name="test_mobility_bookings" time="0.394"><skipped type="pytest.skip" message="Bookings endpoint not implemented">/app/backend/tests/test_commerce_flash_sales_mobility.py:255: Bookings endpoint not implemented</skipped></testcase><testcase classname="backend.tests.test_commerce_flash_sales_mobility.TestAuctionsDeepLinks" name="test_auctions_list_endpoint" time="0.133" /><testcase classname="backend.tests.test_commerce_flash_sales_mobility.TestAuctionsDeepLinks" name="test_live_auctions_endpoint" time="0.108"><skipped type="pytest.skip" message="Live auctions endpoint not implemented">/app/backend/tests/test_commerce_flash_sales_mobility.py:286: Live auctions endpoint not implemented</skipped></testcase></testsuite></testsuites>