<?xml version="1.0" encoding="utf-8"?><testsuites name="pytest tests"><testsuite name="pytest" errors="0" failures="0" skipped="0" tests="41" time="5.847" timestamp="2026-04-29T06:36:46.343345+00:00" hostname="agent-env-ee676029-c86f-4f2c-bc3c-5c2b3ac03e65"><testcase classname="backend.tests.test_new_routes.TestLoyalty" name="test_my_points" time="0.456" /><testcase classname="backend.tests.test_new_routes.TestLoyalty" name="test_leaderboard" time="0.111" /><testcase classname="backend.tests.test_new_routes.TestLoyalty" name="test_levels_endpoint" time="0.121" /><testcase classname="backend.tests.test_new_routes.TestLoyalty" name="test_history_endpoint" time="0.102" /><testcase classname="backend.tests.test_new_routes.TestLoyalty" name="test_add_points_admin_only" time="0.118" /><testcase classname="backend.tests.test_new_routes.TestLoyalty" name="test_add_points_unauth_rejected" time="0.112" /><testcase classname="backend.tests.test_new_routes.TestReviews" name="test_create_and_get" time="0.333" /><testcase classname="backend.tests.test_new_routes.TestReviews" name="test_invalid_rating" time="0.112" /><testcase classname="backend.tests.test_new_routes.TestScheduled" name="test_create_and_cancel" time="0.325" /><testcase classname="backend.tests.test_new_routes.TestScheduled" name="test_past_time_rejected" time="0.108" /><testcase classname="backend.tests.test_new_routes.TestSubscriptions" name="test_plans" time="0.102" /><testcase classname="backend.tests.test_new_routes.TestSubscriptions" name="test_my_subs" time="0.109" /><testcase classname="backend.tests.test_new_routes.TestSubscriptions" name="test_check_benefits" time="0.117" /><testcase classname="backend.tests.test_new_routes.TestSafety" name="test_get_emergency_contacts" time="0.108" /><testcase classname="backend.tests.test_new_routes.TestSafety" name="test_add_emergency_contact" time="0.103" /><testcase classname="backend.tests.test_new_routes.TestSafety" name="test_share_location_no_ride" time="0.109" /><testcase classname="backend.tests.test_new_routes.TestSafety" name="test_emergency" time="0.117" /><testcase classname="backend.tests.test_new_routes.TestSafety" name="test_verify_pin_no_ride" time="0.150" /><testcase classname="backend.tests.test_new_routes.TestPromo" name="test_available" time="0.108" /><testcase classname="backend.tests.test_new_routes.TestPromo" name="test_apply_invalid" time="0.106" /><testcase classname="backend.tests.test_new_routes.TestFilters" name="test_restaurants" time="0.102" /><testcase classname="backend.tests.test_new_routes.TestFilters" name="test_cuisines" time="0.105" /><testcase classname="backend.tests.test_new_routes.TestFilters" name="test_with_filter_params" time="0.108" /><testcase classname="backend.tests.test_new_routes.TestGroupOrders" name="test_create_and_my_groups" time="0.331" /><testcase classname="backend.tests.test_new_routes.TestQuickActions" name="test_favorite_flow" time="0.316" /><testcase classname="backend.tests.test_new_routes.TestQuickActions" name="test_reorder_missing" time="0.106" /><testcase classname="backend.tests.test_new_routes.TestQuickActions" name="test_reorder_invalid_service_type" time="0.105" /><testcase classname="backend.tests.test_new_routes.TestTipsGifts" name="test_presets_endpoint" time="0.107" /><testcase classname="backend.tests.test_new_routes.TestTipsGifts" name="test_gift_card_invalid_amount" time="0.102" /><testcase classname="backend.tests.test_new_routes.TestDelivery" name="test_set_preferences" time="0.108" /><testcase classname="backend.tests.test_new_routes.TestDelivery" name="test_set_instructions_no_order" time="0.110" /><testcase classname="backend.tests.test_new_routes.TestBNPL" name="test_plans" time="0.103" /><testcase classname="backend.tests.test_new_routes.TestBNPL" name="test_eligibility" time="0.113" /><testcase classname="backend.tests.test_new_routes.TestBNPL" name="test_my_orders" time="0.101" /><testcase classname="backend.tests.test_new_routes.TestBNPL" name="test_create_invalid_plan" time="0.102" /><testcase classname="backend.tests.test_new_routes.TestSplitPayment" name="test_my_requests" time="0.120" /><testcase classname="backend.tests.test_new_routes.TestSplitPayment" name="test_taxi_create_no_ride" time="0.115" /><testcase classname="backend.tests.test_new_routes.TestSplitPayment" name="test_food_create_no_order" time="0.118" /><testcase classname="backend.tests.test_new_routes.TestSplitPayment" name="test_accept_no_split" time="0.125" /><testcase classname="backend.tests.test_new_routes.TestAuthGating" name="test_protected_requires_token" time="0.104" /><testcase classname="backend.tests.test_new_routes.TestAuthGating" name="test_subscriptions_my_requires_token" time="0.105" /></testsuite></testsuites>