<?xml version="1.0" encoding="utf-8"?><testsuites name="pytest tests"><testsuite name="pytest" errors="0" failures="0" skipped="0" tests="23" time="8.001" timestamp="2026-05-13T06:00:45.177584+00:00" hostname="agent-env-dfa818cb-6bfb-43e5-99e8-fd0879d78675"><testcase classname="backend.tests.test_staff_sprint_a_iter90.TestCoverUpload" name="test_upload_png_ok" time="0.593" /><testcase classname="backend.tests.test_staff_sprint_a_iter90.TestCoverUpload" name="test_upload_invalid_ext" time="0.085" /><testcase classname="backend.tests.test_staff_sprint_a_iter90.TestCoverUpload" name="test_upload_too_large" time="0.303" /><testcase classname="backend.tests.test_staff_sprint_a_iter90.TestCoverUpload" name="test_upload_requires_merchant" time="0.106" /><testcase classname="backend.tests.test_staff_sprint_a_iter90.TestAISummary" name="test_create_article_with_long_content" time="0.050" /><testcase classname="backend.tests.test_staff_sprint_a_iter90.TestAISummary" name="test_generate_summary" time="1.782" /><testcase classname="backend.tests.test_staff_sprint_a_iter90.TestAISummary" name="test_short_content_returns_400" time="0.146" /><testcase classname="backend.tests.test_staff_sprint_a_iter90.TestAISummary" name="test_summary_404" time="0.049" /><testcase classname="backend.tests.test_staff_sprint_a_iter90.TestAISummary" name="test_patch_content_invalidates_summary" time="0.097" /><testcase classname="backend.tests.test_staff_sprint_a_iter90.TestAISummary" name="test_patch_other_field_does_not_invalidate" time="1.078" /><testcase classname="backend.tests.test_staff_sprint_a_iter90.TestQuizAttempt" name="test_create_article_with_quiz" time="0.080" /><testcase classname="backend.tests.test_staff_sprint_a_iter90.TestQuizAttempt" name="test_staff_get_strips_correct_index" time="0.399" /><testcase classname="backend.tests.test_staff_sprint_a_iter90.TestQuizAttempt" name="test_submit_quiz_all_correct" time="0.057" /><testcase classname="backend.tests.test_staff_sprint_a_iter90.TestQuizAttempt" name="test_submit_quiz_mixed" time="0.053" /><testcase classname="backend.tests.test_staff_sprint_a_iter90.TestQuizAttempt" name="test_last_quiz_attempt_in_get" time="0.052" /><testcase classname="backend.tests.test_staff_sprint_a_iter90.TestQuizAttempt" name="test_submit_wrong_length" time="0.053" /><testcase classname="backend.tests.test_staff_sprint_a_iter90.TestShiftOverlapRepeat" name="test_overlap_returns_409_then_force_true_creates" time="0.145" /><testcase classname="backend.tests.test_staff_sprint_a_iter90.TestShiftOverlapRepeat" name="test_end_before_start_400" time="0.055" /><testcase classname="backend.tests.test_staff_sprint_a_iter90.TestShiftOverlapRepeat" name="test_patch_overlap_409_and_force" time="0.199" /><testcase classname="backend.tests.test_staff_sprint_a_iter90.TestShiftOverlapRepeat" name="test_shifts_repeat" time="1.651" /><testcase classname="backend.tests.test_staff_sprint_a_iter90.TestShiftOverlapRepeat" name="test_repeat_bad_date_400" time="0.047" /><testcase classname="backend.tests.test_staff_sprint_a_iter90.TestShiftOverlapRepeat" name="test_zzz_cleanup" time="0.283" /><testcase classname="backend.tests.test_staff_sprint_a_iter90" name="test_zzz_cleanup_kb" time="0.529" /></testsuite></testsuites>