<?xml version="1.0" encoding="utf-8"?><testsuites name="pytest tests"><testsuite name="pytest" errors="0" failures="0" skipped="0" tests="27" time="4.116" timestamp="2026-05-15T05:53:30.068154+00:00" hostname="agent-env-dfa818cb-6bfb-43e5-99e8-fd0879d78675"><testcase classname="backend.tests.test_iter97_e2e_rock_solid.TestGeneral" name="test_restaurants_list" time="0.136" /><testcase classname="backend.tests.test_iter97_e2e_rock_solid.TestGeneral" name="test_restaurants_cuisines" time="0.121" /><testcase classname="backend.tests.test_iter97_e2e_rock_solid.TestGeneral" name="test_apartments_search" time="0.128" /><testcase classname="backend.tests.test_iter97_e2e_rock_solid.TestGeneral" name="test_bookings_providers" time="0.115" /><testcase classname="backend.tests.test_iter97_e2e_rock_solid.TestTaxi" name="test_drivers_nearby" time="0.118" /><testcase classname="backend.tests.test_iter97_e2e_rock_solid.TestTaxi" name="test_estimate" time="0.112" /><testcase classname="backend.tests.test_iter97_e2e_rock_solid.TestTaxi" name="test_mapbox_readiness" time="0.374" /><testcase classname="backend.tests.test_iter97_e2e_rock_solid.TestTaxi" name="test_customer_book_active_ride_enriched" time="0.393" /><testcase classname="backend.tests.test_iter97_e2e_rock_solid.TestTaxi" name="test_driver_go_online" time="0.402" /><testcase classname="backend.tests.test_iter97_e2e_rock_solid.TestTaxi" name="test_driver_requests" time="0.056" /><testcase classname="backend.tests.test_iter97_e2e_rock_solid.TestHotels" name="test_hotels_properties_berlin" time="0.119" /><testcase classname="backend.tests.test_iter97_e2e_rock_solid.TestHotels" name="test_hotels_availability_quote" time="0.289" /><testcase classname="backend.tests.test_iter97_e2e_rock_solid.TestHotels" name="test_hotels_my_bookings" time="0.053" /><testcase classname="backend.tests.test_iter97_e2e_rock_solid.TestAuctions" name="test_active_or_list" time="0.252" /><testcase classname="backend.tests.test_iter97_e2e_rock_solid.TestAuctions" name="test_credits_packages" time="0.104" /><testcase classname="backend.tests.test_iter97_e2e_rock_solid.TestAuctions" name="test_credits_balance" time="0.053" /><testcase classname="backend.tests.test_iter97_e2e_rock_solid.TestAuctions" name="test_bid_invalid_auction" time="0.052" /><testcase classname="backend.tests.test_iter97_e2e_rock_solid.TestAuctions" name="test_feed" time="0.175" /><testcase classname="backend.tests.test_iter97_e2e_rock_solid.TestPOS" name="test_products_search" time="0.473" /><testcase classname="backend.tests.test_iter97_e2e_rock_solid.TestPOS" name="test_cart_lifecycle" time="0.151" /><testcase classname="backend.tests.test_iter97_e2e_rock_solid.TestPOS" name="test_checkout" time="0.047" /><testcase classname="backend.tests.test_iter97_e2e_rock_solid.TestPOS" name="test_dashboard_summary" time="0.049" /><testcase classname="backend.tests.test_iter97_e2e_rock_solid.TestPOS" name="test_registers" time="0.046" /><testcase classname="backend.tests.test_iter97_e2e_rock_solid.TestPOS" name="test_zbon_list" time="0.049" /><testcase classname="backend.tests.test_iter97_e2e_rock_solid.TestPOS" name="test_shift_current" time="0.051" /><testcase classname="backend.tests.test_iter97_e2e_rock_solid.TestPOS" name="test_reports_sales" time="0.047" /><testcase classname="backend.tests.test_iter97_e2e_rock_solid.TestPOS" name="test_barcode_nonexistent" time="0.051" /></testsuite></testsuites>