<?xml version="1.0" encoding="utf-8"?><testsuites name="pytest tests"><testsuite name="pytest" errors="0" failures="0" skipped="1" tests="6" time="10.657" timestamp="2026-07-06T11:50:48.214116+00:00" hostname="agent-env-4e4ad77f-aa60-4921-a668-59574991d2cb"><testcase classname="backend.tests.test_iter191_registration_kyc_regression" name="test_register_with_full_name_and_me_contract" time="0.619" /><testcase classname="backend.tests.test_iter191_registration_kyc_regression" name="test_register_with_name_field_still_works" time="0.592" /><testcase classname="backend.tests.test_iter191_registration_kyc_regression" name="test_kyc_submit_driver_license_alias_returns_structured_result" time="8.027" /><testcase classname="backend.tests.test_iter191_registration_kyc_regression" name="test_admin_canonical_login_and_removed_admin_rejected" time="0.497" /><testcase classname="backend.tests.test_iter191_registration_kyc_regression" name="test_preflight_explicit_origin_and_lockout_contract" time="0.697" /><testcase classname="backend.tests.test_iter191_registration_kyc_regression" name="test_admin_password_hash_is_bcrypt_2b_and_matches_credentials" time="0.000"><skipped type="pytest.skip" message="MONGO_URL is not a direct Mongo URI in this environment">/app/backend/tests/test_iter191_registration_kyc_regression.py:238: MONGO_URL is not a direct Mongo URI in this environment</skipped></testcase></testsuite></testsuites>