<?xml version="1.0" encoding="utf-8"?><testsuites name="pytest tests"><testsuite name="pytest" errors="0" failures="0" skipped="0" tests="12" time="2.650" timestamp="2026-06-24T19:35:17.300262+00:00" hostname="agent-env-dca90259-c859-447a-9f21-a21fe30c48f9"><testcase classname="tests.test_commerce_center.TestCommerceCenterOverview" name="test_overview_returns_200" time="0.335" /><testcase classname="tests.test_commerce_center.TestCommerceCenterOverview" name="test_overview_contains_stats" time="0.142" /><testcase classname="tests.test_commerce_center.TestCommerceCenterOverview" name="test_overview_contains_flash_sales" time="0.145" /><testcase classname="tests.test_commerce_center.TestCommerceCenterOverview" name="test_overview_contains_marketplace" time="0.127" /><testcase classname="tests.test_commerce_center.TestCommerceCenterOverview" name="test_overview_contains_penny_auctions" time="0.113" /><testcase classname="tests.test_commerce_center.TestCommerceCenterOverview" name="test_overview_contains_live_sections" time="0.113" /><testcase classname="tests.test_commerce_center.TestCommerceCenterOverview" name="test_overview_no_serialization_errors" time="0.116" /><testcase classname="tests.test_commerce_center.TestFlashSalePurchase" name="test_buy_requires_auth" time="0.245" /><testcase classname="tests.test_commerce_center.TestFlashSalePurchase" name="test_buy_invalid_sale_returns_404" time="0.395" /><testcase classname="tests.test_commerce_center.TestFlashSalePurchase" name="test_buy_flash_sale_success" time="0.579" /><testcase classname="tests.test_commerce_center.TestCommerceCenterIntegration" name="test_overview_marketplace_links_to_existing_listings" time="0.122" /><testcase classname="tests.test_commerce_center.TestCommerceCenterIntegration" name="test_overview_penny_auctions_links_to_existing_auctions" time="0.128" /></testsuite></testsuites>