<?xml version="1.0" encoding="utf-8"?><testsuites name="pytest tests"><testsuite name="pytest" errors="0" failures="1" skipped="0" tests="9" time="1.349" timestamp="2026-08-01T07:37:01.808967+00:00" hostname="agent-env-26662b5c-cbf6-4da0-a8f6-9fc904e66bf3"><testcase classname="backend.tests.test_investor_interest.TestInvestorInterestLead" name="test_create_lead_success_interest" time="0.231" /><testcase classname="backend.tests.test_investor_interest.TestInvestorInterestLead" name="test_create_lead_success_documents" time="0.103" /><testcase classname="backend.tests.test_investor_interest.TestInvestorInterestLead" name="test_duplicate_lead_returns_existing" time="0.243" /><testcase classname="backend.tests.test_investor_interest.TestInvestorInterestLead" name="test_consent_required" time="0.133" /><testcase classname="backend.tests.test_investor_interest.TestInvestorInterestLead" name="test_invalid_email_format" time="0.139" /><testcase classname="backend.tests.test_investor_interest.TestInvestorInterestLead" name="test_missing_required_fields" time="0.097" /><testcase classname="backend.tests.test_investor_interest.TestInvestorInterestLead" name="test_invalid_intent_value" time="0.095" /><testcase classname="backend.tests.test_investor_interest.TestInvestorInterestLead" name="test_optional_fields_empty" time="0.102" /><testcase classname="backend.tests.test_investor_interest.TestInvestorInterestLead" name="test_email_normalization" time="0.092"><failure message="assert 429 == 200&#10; +  where 429 = &lt;Response [429]&gt;.status_code">backend/tests/test_investor_interest.py:201: in test_email_normalization
    assert response.status_code == 200
E   assert 429 == 200
E    +  where 429 = &lt;Response [429]&gt;.status_code</failure></testcase></testsuite></testsuites>