<?xml version="1.0" encoding="utf-8"?><testsuites name="pytest tests"><testsuite name="pytest" errors="0" failures="0" skipped="0" tests="26" time="3.669" timestamp="2026-06-28T09:21:22.368133+00:00" hostname="agent-env-dca90259-c859-447a-9f21-a21fe30c48f9"><testcase classname="backend.tests.test_biopay_v3.TestCustomerPaymentPIN" name="test_payment_pin_status" time="0.548" /><testcase classname="backend.tests.test_biopay_v3.TestCustomerPaymentPIN" name="test_set_payment_pin" time="0.534" /><testcase classname="backend.tests.test_biopay_v3.TestCustomerPaymentPIN" name="test_verify_payment_pin_correct" time="0.271" /><testcase classname="backend.tests.test_biopay_v3.TestCustomerPaymentPIN" name="test_verify_payment_pin_wrong" time="0.267" /><testcase classname="backend.tests.test_biopay_v3.TestBioPayCustomerProfile" name="test_biopay_me" time="0.051" /><testcase classname="backend.tests.test_biopay_v3.TestBioPayCustomerProfile" name="test_biopay_enroll" time="0.048" /><testcase classname="backend.tests.test_biopay_v3.TestBioPayCustomerProfile" name="test_biopay_verify_self" time="0.046" /><testcase classname="backend.tests.test_biopay_v3.TestBioPayCustomerProfile" name="test_biopay_profiles_list" time="0.047" /><testcase classname="backend.tests.test_biopay_v3.TestBioPayTerminals" name="test_list_terminals" time="0.371" /><testcase classname="backend.tests.test_biopay_v3.TestBioPayTerminals" name="test_create_terminal" time="0.047" /><testcase classname="backend.tests.test_biopay_v3.TestBioPayTerminals" name="test_update_terminal" time="0.096" /><testcase classname="backend.tests.test_biopay_v3.TestBioPayDashboard" name="test_biopay_dashboard" time="0.051" /><testcase classname="backend.tests.test_biopay_v3.TestBioPayDashboard" name="test_biopay_sessions" time="0.049" /><testcase classname="backend.tests.test_biopay_v3.TestBioPayPayment" name="test_biopay_pay_low_value" time="0.115" /><testcase classname="backend.tests.test_biopay_v3.TestBioPayPayment" name="test_biopay_pay_high_value_requires_confirmation" time="0.141" /><testcase classname="backend.tests.test_biopay_v3.TestBioPayPayment" name="test_biopay_pay_wrong_token_declines" time="0.099" /><testcase classname="backend.tests.test_biopay_v3.TestMerchantSecurityDashboard" name="test_security_dashboard" time="0.052" /><testcase classname="backend.tests.test_biopay_v3.TestMerchantSecurityDashboard" name="test_security_roles" time="0.051" /><testcase classname="backend.tests.test_biopay_v3.TestMerchantSecurityDashboard" name="test_update_role_permissions" time="0.105" /><testcase classname="backend.tests.test_biopay_v3.TestSecurityLimits" name="test_get_limits" time="0.050" /><testcase classname="backend.tests.test_biopay_v3.TestSecurityLimits" name="test_update_limits" time="0.192" /><testcase classname="backend.tests.test_biopay_v3.TestApprovalQueue" name="test_get_approvals" time="0.050" /><testcase classname="backend.tests.test_biopay_v3.TestApprovalQueue" name="test_create_gift_card_approval" time="0.053" /><testcase classname="backend.tests.test_biopay_v3.TestApprovalQueue" name="test_reject_approval" time="0.095" /><testcase classname="backend.tests.test_biopay_v3.TestNoSensitiveDataExposure" name="test_biopay_me_no_biometric_images" time="0.049" /><testcase classname="backend.tests.test_biopay_v3.TestNoSensitiveDataExposure" name="test_biopay_dashboard_no_sensitive_data" time="0.050" /></testsuite></testsuites>