<?xml version="1.0" encoding="utf-8"?><testsuites name="pytest tests"><testsuite name="pytest" errors="0" failures="0" skipped="0" tests="22" time="2.249" timestamp="2026-07-30T07:12:25.470647+00:00" hostname="agent-env-26662b5c-cbf6-4da0-a8f6-9fc904e66bf3"><testcase classname="backend.tests.test_charge_offer_rules_admin.TestChargeOfferRulesAdminEndpoints" name="test_admin_list_offer_rules" time="0.528" /><testcase classname="backend.tests.test_charge_offer_rules_admin.TestChargeOfferRulesAdminEndpoints" name="test_admin_create_offer_rule" time="0.054" /><testcase classname="backend.tests.test_charge_offer_rules_admin.TestChargeOfferRulesAdminEndpoints" name="test_admin_update_offer_rule" time="0.101" /><testcase classname="backend.tests.test_charge_offer_rules_admin.TestChargeOfferRulesAdminEndpoints" name="test_admin_toggle_offer_rule" time="0.154" /><testcase classname="backend.tests.test_charge_offer_rules_admin.TestChargeOfferRulesAdminEndpoints" name="test_admin_update_nonexistent_rule_returns_404" time="0.049" /><testcase classname="backend.tests.test_charge_offer_rules_admin.TestChargeOfferRulesAdminEndpoints" name="test_admin_toggle_nonexistent_rule_returns_404" time="0.054" /><testcase classname="backend.tests.test_charge_offer_rules_admin.TestChargeOfferRulesNonAdminAccess" name="test_nonadmin_cannot_list_rules" time="0.367" /><testcase classname="backend.tests.test_charge_offer_rules_admin.TestChargeOfferRulesNonAdminAccess" name="test_nonadmin_cannot_create_rule" time="0.041" /><testcase classname="backend.tests.test_charge_offer_rules_admin.TestChargeOfferRulesNonAdminAccess" name="test_nonadmin_cannot_update_rule" time="0.043" /><testcase classname="backend.tests.test_charge_offer_rules_admin.TestChargeOfferRulesNonAdminAccess" name="test_nonadmin_cannot_toggle_rule" time="0.047" /><testcase classname="backend.tests.test_charge_offer_rules_admin.TestChargeDashboardWithAdminRules" name="test_reviewer_dashboard_includes_active_rules_total" time="0.060" /><testcase classname="backend.tests.test_charge_offer_rules_admin.TestChargeDashboardWithAdminRules" name="test_reviewer_dashboard_merchants_have_personalization_score" time="0.058" /><testcase classname="backend.tests.test_charge_offer_rules_admin.TestChargeDashboardWithAdminRules" name="test_reviewer_dashboard_personalized_offers_have_reasons" time="0.056" /><testcase classname="backend.tests.test_charge_offer_rules_admin.TestChargeDashboardWithAdminRules" name="test_reviewer_dashboard_includes_personalization_profile" time="0.058" /><testcase classname="backend.tests.test_charge_offer_rules_admin.TestChargeExistingFeaturesRegression" name="test_warranty_registration_still_works" time="0.044" /><testcase classname="backend.tests.test_charge_offer_rules_admin.TestChargeExistingFeaturesRegression" name="test_invoice_save_still_works" time="0.050" /><testcase classname="backend.tests.test_charge_offer_rules_admin.TestChargeExistingFeaturesRegression" name="test_interaction_tracking_still_works" time="0.084" /><testcase classname="backend.tests.test_charge_offer_rules_admin.TestChargeExistingFeaturesRegression" name="test_dashboard_warranties_list_still_works" time="0.058" /><testcase classname="backend.tests.test_charge_offer_rules_admin.TestChargeExistingFeaturesRegression" name="test_dashboard_invoices_list_still_works" time="0.058" /><testcase classname="backend.tests.test_charge_offer_rules_admin.TestChargeExistingFeaturesRegression" name="test_dashboard_offers_list_still_works" time="0.056" /><testcase classname="backend.tests.test_charge_offer_rules_admin.TestChargeExistingFeaturesRegression" name="test_dashboard_merchants_list_still_works" time="0.055" /><testcase classname="backend.tests.test_charge_offer_rules_admin.TestChargeExistingFeaturesRegression" name="test_dashboard_loyalty_still_works" time="0.058" /></testsuite></testsuites>