<?xml version="1.0" encoding="utf-8"?><testsuites name="pytest tests"><testsuite name="pytest" errors="0" failures="0" skipped="0" tests="7" time="5.057" timestamp="2026-06-27T13:43:09.047896+00:00" hostname="agent-env-dca90259-c859-447a-9f21-a21fe30c48f9"><testcase classname="backend.tests.test_staff_pin_auth.TestStaffPinAuth" name="test_staff_pin_login_with_identifier" time="3.473" /><testcase classname="backend.tests.test_staff_pin_auth.TestStaffPinAuth" name="test_staff_auth_me_after_pin_login" time="0.158" /><testcase classname="backend.tests.test_staff_pin_auth.TestStaffPinAuth" name="test_staff_pin_login_demo_fallback" time="0.135" /><testcase classname="backend.tests.test_staff_pin_auth.TestStaffPinAuth" name="test_staff_pin_invalid_pin" time="0.101" /><testcase classname="backend.tests.test_staff_pin_auth.TestStaffPinAuth" name="test_staff_pin_short_pin" time="0.099" /><testcase classname="backend.tests.test_staff_pin_auth.TestMerchantLoginRegression" name="test_merchant_login_ae_domain" time="0.385" /><testcase classname="backend.tests.test_staff_pin_auth.TestMerchantLoginRegression" name="test_admin_login_ae_domain" time="0.329" /></testsuite></testsuites>