<?xml version="1.0" encoding="utf-8"?><testsuites name="pytest tests"><testsuite name="pytest" errors="0" failures="0" skipped="0" tests="11" time="1.687" timestamp="2026-07-06T15:48:54.035548+00:00" hostname="agent-env-8c4f8949-ad1c-4337-961b-803039d97cb1"><testcase classname="backend.tests.test_iter196_commerce_center_v1_deepen.TestCommerceCenterOverviewNewFields" name="test_overview_returns_analytics_cards" time="0.883" /><testcase classname="backend.tests.test_iter196_commerce_center_v1_deepen.TestCommerceCenterOverviewNewFields" name="test_overview_returns_performance_rankings" time="0.072" /><testcase classname="backend.tests.test_iter196_commerce_center_v1_deepen.TestCommerceCenterOverviewNewFields" name="test_overview_returns_program_schedule" time="0.062" /><testcase classname="backend.tests.test_iter196_commerce_center_v1_deepen.TestCommerceCenterOverviewNewFields" name="test_overview_existing_fields_still_present" time="0.059" /><testcase classname="backend.tests.test_iter196_commerce_center_v1_deepen.TestCommerceCenterEventTracking" name="test_track_page_view_event" time="0.052" /><testcase classname="backend.tests.test_iter196_commerce_center_v1_deepen.TestCommerceCenterEventTracking" name="test_track_cta_click_event" time="0.054" /><testcase classname="backend.tests.test_iter196_commerce_center_v1_deepen.TestCommerceCenterEventTracking" name="test_track_category_filter_event" time="0.055" /><testcase classname="backend.tests.test_iter196_commerce_center_v1_deepen.TestCommerceCenterRouteIntegrity" name="test_program_schedule_routes_are_valid" time="0.057" /><testcase classname="backend.tests.test_iter196_commerce_center_v1_deepen.TestCommerceCenterRouteIntegrity" name="test_performance_rankings_routes_are_valid" time="0.057" /><testcase classname="backend.tests.test_iter196_commerce_center_v1_deepen.TestCommerceCenterAnalyticsCardValues" name="test_analytics_card_value_types" time="0.061" /><testcase classname="backend.tests.test_iter196_commerce_center_v1_deepen.TestCommerceCenterPublicAccess" name="test_overview_accessible_without_auth" time="0.169" /></testsuite></testsuites>