<?xml version="1.0" encoding="utf-8"?><testsuites name="pytest tests"><testsuite name="pytest" errors="0" failures="0" skipped="0" tests="8" time="3.827" timestamp="2026-07-07T09:55:45.374232+00:00" hostname="agent-env-8c4f8949-ad1c-4337-961b-803039d97cb1"><testcase classname="backend.tests.test_iter206_agimk_login_identity.TestAgimkLoginIdentity" name="test_agimk_login_success" time="0.385" /><testcase classname="backend.tests.test_iter206_agimk_login_identity.TestAgimkLoginIdentity" name="test_agimk_identity_matches_requested_email" time="0.325" /><testcase classname="backend.tests.test_iter206_agimk_login_identity.TestAgimkLoginIdentity" name="test_agimk_me_endpoint_consistency" time="0.399" /><testcase classname="backend.tests.test_iter206_agimk_login_identity.TestAgimkLoginIdentity" name="test_agimk_no_account_switch" time="0.466" /><testcase classname="backend.tests.test_iter206_agimk_login_identity.TestAdminLoginRegression" name="test_admin_login_success" time="0.328" /><testcase classname="backend.tests.test_iter206_agimk_login_identity.TestAdminLoginRegression" name="test_admin_me_endpoint" time="0.365" /><testcase classname="backend.tests.test_iter206_agimk_login_identity.TestStaleSessionHandling" name="test_login_clears_previous_session" time="0.725" /><testcase classname="backend.tests.test_iter206_agimk_login_identity.TestStaleSessionHandling" name="test_logout_then_login_different_user" time="0.753" /></testsuite></testsuites>