<?xml version="1.0" encoding="utf-8"?><testsuites name="pytest tests"><testsuite name="pytest" errors="0" failures="0" skipped="0" tests="14" time="3.789" timestamp="2026-04-29T03:24:13.383668+00:00" hostname="agent-env-24595d5a-3f37-409c-ae78-16d30f04aca6"><testcase classname="backend.tests.test_pos_features_stripe_checkout.TestRegression" name="test_catalog_public" time="0.290" /><testcase classname="backend.tests.test_pos_features_stripe_checkout.TestRegression" name="test_features_me" time="0.510" /><testcase classname="backend.tests.test_pos_features_stripe_checkout.TestRegression" name="test_admin_toggle" time="0.136" /><testcase classname="backend.tests.test_pos_features_stripe_checkout.TestCheckoutCreate" name="test_no_auth_returns_401" time="0.148" /><testcase classname="backend.tests.test_pos_features_stripe_checkout.TestCheckoutCreate" name="test_unknown_feature_returns_400" time="0.062" /><testcase classname="backend.tests.test_pos_features_stripe_checkout.TestCheckoutCreate" name="test_invalid_months_2_returns_400" time="0.062" /><testcase classname="backend.tests.test_pos_features_stripe_checkout.TestCheckoutCreate" name="test_create_1_month" time="0.577" /><testcase classname="backend.tests.test_pos_features_stripe_checkout.TestCheckoutCreate" name="test_create_3_months_5pct" time="0.486" /><testcase classname="backend.tests.test_pos_features_stripe_checkout.TestCheckoutCreate" name="test_create_6_months_10pct" time="0.436" /><testcase classname="backend.tests.test_pos_features_stripe_checkout.TestCheckoutCreate" name="test_create_12_months_20pct" time="0.424" /><testcase classname="backend.tests.test_pos_features_stripe_checkout.TestCheckoutStatus" name="test_status_invalid_id_returns_404" time="0.064" /><testcase classname="backend.tests.test_pos_features_stripe_checkout.TestCheckoutStatus" name="test_status_pending_for_real_session" time="0.275" /><testcase classname="backend.tests.test_pos_features_stripe_checkout.TestPurchasesList" name="test_purchases_me_contains_at_least_4" time="0.062" /><testcase classname="backend.tests.test_pos_features_stripe_checkout.TestPurchasesList" name="test_purchases_me_no_auth" time="0.167" /></testsuite></testsuites>