<?xml version="1.0" encoding="utf-8"?><testsuites name="pytest tests"><testsuite name="pytest" errors="0" failures="1" skipped="0" tests="18" time="10.124" timestamp="2026-07-01T19:28:50.347945+00:00" hostname="agent-env-4e4ad77f-aa60-4921-a668-59574991d2cb"><testcase classname="backend.tests.test_admin_customer_intelligence" name="test_admin_login_sets_httponly_cookie" time="0.593" /><testcase classname="backend.tests.test_admin_customer_intelligence" name="test_customer_intelligence_overview_rejects_unauthenticated" time="0.225" /><testcase classname="backend.tests.test_admin_customer_intelligence" name="test_customer_intelligence_overview_rejects_non_admin" time="0.513" /><testcase classname="backend.tests.test_admin_customer_intelligence" name="test_customer_intelligence_overview_contract_and_no_objectid" time="0.487" /><testcase classname="backend.tests.test_admin_customer_intelligence" name="test_customer_intelligence_customer_contract_and_no_objectid" time="0.569" /><testcase classname="backend.tests.test_admin_customer_intelligence" name="test_auth_preflight_has_credentials_and_explicit_origin" time="0.135"><failure message="AssertionError: assert '' == 'true'&#10;  &#10;  - true">backend/tests/test_admin_customer_intelligence.py:261: in test_auth_preflight_has_credentials_and_explicit_origin
    assert allow_credentials.lower() == "true"
E   AssertionError: assert '' == 'true'
E     
E     - true</failure></testcase><testcase classname="backend.tests.test_admin_customer_intelligence" name="test_auth_bruteforce_lockout_after_five_failures" time="0.659" /><testcase classname="backend.tests.test_admin_customer_intelligence" name="test_radar_action_rejects_unauthenticated" time="0.216" /><testcase classname="backend.tests.test_admin_customer_intelligence" name="test_radar_action_rejects_non_admin" time="0.464" /><testcase classname="backend.tests.test_admin_customer_intelligence" name="test_radar_templates_reject_unauthenticated" time="0.208" /><testcase classname="backend.tests.test_admin_customer_intelligence" name="test_radar_history_reject_unauthenticated" time="0.162" /><testcase classname="backend.tests.test_admin_customer_intelligence" name="test_radar_templates_reject_non_admin" time="0.478" /><testcase classname="backend.tests.test_admin_customer_intelligence" name="test_radar_history_reject_non_admin" time="0.472" /><testcase classname="backend.tests.test_admin_customer_intelligence" name="test_radar_template_create_and_apply_sets_template_id" time="1.049" /><testcase classname="backend.tests.test_admin_customer_intelligence" name="test_radar_action_coupon_creates_contract_no_objectid" time="0.967" /><testcase classname="backend.tests.test_admin_customer_intelligence" name="test_radar_action_push_best_effort_and_contract" time="0.929" /><testcase classname="backend.tests.test_admin_customer_intelligence" name="test_radar_action_manager_alert_contract" time="0.958" /><testcase classname="backend.tests.test_admin_customer_intelligence" name="test_radar_action_coupon_push_alert_returns_all_outputs" time="0.923" /></testsuite></testsuites>