<?xml version="1.0" encoding="utf-8"?><testsuites name="pytest tests"><testsuite name="pytest" errors="0" failures="0" skipped="0" tests="16" time="1.829" timestamp="2026-06-25T14:10:12.543143+00:00" hostname="agent-env-dca90259-c859-447a-9f21-a21fe30c48f9"><testcase classname="backend.tests.test_iter153_taxi_uber_features.TestTaxiModuleStatus" name="test_taxi_status_endpoint" time="0.444" /><testcase classname="backend.tests.test_iter153_taxi_uber_features.TestFavoriteLocations" name="test_get_favorite_locations" time="0.335" /><testcase classname="backend.tests.test_iter153_taxi_uber_features.TestFavoriteLocations" name="test_save_favorite_location" time="0.065" /><testcase classname="backend.tests.test_iter153_taxi_uber_features.TestFavoriteLocations" name="test_delete_favorite_location" time="0.115" /><testcase classname="backend.tests.test_iter153_taxi_uber_features.TestSavedPlaces" name="test_get_saved_places" time="0.057" /><testcase classname="backend.tests.test_iter153_taxi_uber_features.TestSavedPlaces" name="test_save_home_place" time="0.060" /><testcase classname="backend.tests.test_iter153_taxi_uber_features.TestSavedPlaces" name="test_save_work_place" time="0.061" /><testcase classname="backend.tests.test_iter153_taxi_uber_features.TestRecentAddresses" name="test_get_recent_addresses" time="0.071" /><testcase classname="backend.tests.test_iter153_taxi_uber_features.TestFavoriteRoutes" name="test_get_favorite_routes" time="0.060" /><testcase classname="backend.tests.test_iter153_taxi_uber_features.TestRideEstimate" name="test_estimate_all_vehicle_types" time="0.071" /><testcase classname="backend.tests.test_iter153_taxi_uber_features.TestBookingModes" name="test_book_ride_now_mode" time="0.060" /><testcase classname="backend.tests.test_iter153_taxi_uber_features.TestBookingModes" name="test_book_ride_later_mode_with_scheduled_at" time="0.056" /><testcase classname="backend.tests.test_iter153_taxi_uber_features.TestBookingModes" name="test_book_ride_for_other_with_recipient_fields" time="0.060" /><testcase classname="backend.tests.test_iter153_taxi_uber_features.TestNearbyDrivers" name="test_get_nearby_drivers" time="0.065" /><testcase classname="backend.tests.test_iter153_taxi_uber_features.TestQuickPlacesPresets" name="test_estimate_to_airport" time="0.080" /><testcase classname="backend.tests.test_iter153_taxi_uber_features.TestQuickPlacesPresets" name="test_estimate_to_hauptbahnhof" time="0.053" /></testsuite></testsuites>