<?xml version="1.0" encoding="utf-8"?><testsuites name="pytest tests"><testsuite name="pytest" errors="0" failures="0" skipped="0" tests="11" time="1.951" timestamp="2026-05-12T20:07:26.649139+00:00" hostname="agent-env-dfa818cb-6bfb-43e5-99e8-fd0879d78675"><testcase classname="backend.tests.test_iter85_tasks.TestStaffTasks" name="test_create_task_merchant" time="0.967" /><testcase classname="backend.tests.test_iter85_tasks.TestStaffTasks" name="test_my_tasks_open_contains_created" time="0.074" /><testcase classname="backend.tests.test_iter85_tasks.TestStaffTasks" name="test_list_team_tasks" time="0.059" /><testcase classname="backend.tests.test_iter85_tasks.TestStaffTasks" name="test_complete_task" time="0.210" /><testcase classname="backend.tests.test_iter85_tasks.TestStaffTasks" name="test_create_task_invalid_staff" time="0.060" /><testcase classname="backend.tests.test_iter85_tasks.TestStaffTasks" name="test_complete_task_unauth" time="0.136" /><testcase classname="backend.tests.test_iter85_tasks.TestStaffSmoke" name="test_profile_me" time="0.073" /><testcase classname="backend.tests.test_iter85_tasks.TestStaffSmoke" name="test_wallet_balance" time="0.078" /><testcase classname="backend.tests.test_iter85_tasks.TestStaffSmoke" name="test_timesheet_weekly" time="0.077" /><testcase classname="backend.tests.test_iter85_tasks.TestStaffSmoke" name="test_team_overview" time="0.061" /><testcase classname="backend.tests.test_iter85_tasks.TestStaffSmoke" name="test_clock_self_json" time="0.073" /></testsuite></testsuites>