<?xml version="1.0" encoding="utf-8"?><testsuites name="pytest tests"><testsuite name="pytest" errors="0" failures="1" skipped="1" tests="28" time="4.360" timestamp="2026-05-16T14:02:23.935308+00:00" hostname="agent-env-43f83302-198c-4cf9-be60-0d3831b528f7"><testcase classname="backend.tests.test_iter123_taxi_pro_suite.TestPreBooking" name="test_create_future" time="0.591" /><testcase classname="backend.tests.test_iter123_taxi_pro_suite.TestPreBooking" name="test_create_past_rejected" time="0.075" /><testcase classname="backend.tests.test_iter123_taxi_pro_suite.TestPreBooking" name="test_create_too_soon" time="0.069" /><testcase classname="backend.tests.test_iter123_taxi_pro_suite.TestPreBooking" name="test_list_own_only" time="0.070" /><testcase classname="backend.tests.test_iter123_taxi_pro_suite.TestPreBooking" name="test_cancel_then_404" time="0.140" /><testcase classname="backend.tests.test_iter123_taxi_pro_suite.TestPreBooking" name="test_watchdog_status_public" time="0.169" /><testcase classname="backend.tests.test_iter123_taxi_pro_suite.TestRecurring" name="test_create" time="0.083" /><testcase classname="backend.tests.test_iter123_taxi_pro_suite.TestRecurring" name="test_toggle_inactive" time="0.070" /><testcase classname="backend.tests.test_iter123_taxi_pro_suite.TestRecurring" name="test_delete" time="0.068" /><testcase classname="backend.tests.test_iter123_taxi_pro_suite.TestCorporate" name="test_create_account" time="0.462" /><testcase classname="backend.tests.test_iter123_taxi_pro_suite.TestCorporate" name="test_mine" time="0.079" /><testcase classname="backend.tests.test_iter123_taxi_pro_suite.TestCorporate" name="test_duplicate_create_409" time="0.072" /><testcase classname="backend.tests.test_iter123_taxi_pro_suite.TestCorporate" name="test_invite" time="0.084" /><testcase classname="backend.tests.test_iter123_taxi_pro_suite.TestCorporate" name="test_summary" time="0.071" /><testcase classname="backend.tests.test_iter123_taxi_pro_suite.TestDriverPro" name="test_heatmap_merchant_forbidden" time="0.071" /><testcase classname="backend.tests.test_iter123_taxi_pro_suite.TestDriverPro" name="test_heatmap_admin_ok" time="0.458" /><testcase classname="backend.tests.test_iter123_taxi_pro_suite.TestDriverPro" name="test_document_add" time="0.079" /><testcase classname="backend.tests.test_iter123_taxi_pro_suite.TestDriverPro" name="test_documents_list_with_expiry" time="0.072" /><testcase classname="backend.tests.test_iter123_taxi_pro_suite.TestDriverPro" name="test_earnings_pro" time="0.076" /><testcase classname="backend.tests.test_iter123_taxi_pro_suite.TestDriverPro" name="test_earnings_csv" time="0.072" /><testcase classname="backend.tests.test_iter123_taxi_pro_suite.TestLostFound" name="test_open_case_invalid_ride_404" time="0.076" /><testcase classname="backend.tests.test_iter123_taxi_pro_suite.TestTariffsAirport" name="test_zones_public" time="0.181" /><testcase classname="backend.tests.test_iter123_taxi_pro_suite.TestTariffsAirport" name="test_zone_create_admin" time="0.076" /><testcase classname="backend.tests.test_iter123_taxi_pro_suite.TestTariffsAirport" name="test_airport_join_admin" time="0.084" /><testcase classname="backend.tests.test_iter123_taxi_pro_suite.TestTariffsAirport" name="test_airport_status" time="0.068"><failure message="AssertionError: assert 'drivers' in {'airport_code': 'BER', 'position': 1, 'total': 1, 'updated_at': '2026-05-16T14:02:27.340474+00:00'}">backend/tests/test_iter123_taxi_pro_suite.py:273: in test_airport_status
    assert "drivers" in data
E   AssertionError: assert 'drivers' in {'airport_code': 'BER', 'position': 1, 'total': 1, 'updated_at': '2026-05-16T14:02:27.340474+00:00'}</failure></testcase><testcase classname="backend.tests.test_iter123_taxi_pro_suite.TestTariffsAirport" name="test_airport_leave" time="0.151" /><testcase classname="backend.tests.test_iter123_taxi_pro_suite.TestTariffsAirport" name="test_public_demand_map" time="0.171" /><testcase classname="backend.tests.test_iter123_taxi_pro_suite.TestPDFReceipt" name="test_pdf_for_completed" time="0.497"><skipped type="pytest.skip" message="No completed ride found to test PDF">/app/backend/tests/test_iter123_taxi_pro_suite.py:315: No completed ride found to test PDF</skipped></testcase></testsuite></testsuites>