<?xml version="1.0" encoding="utf-8"?><testsuites name="pytest tests"><testsuite name="pytest" errors="0" failures="0" skipped="0" tests="17" time="3.801" timestamp="2026-07-12T08:21:53.405452+00:00" hostname="agent-env-2794b739-c3d3-4798-8c94-d2100a8574f8"><testcase classname="backend.tests.test_iter248_driver_documents_photo.TestDriverDocumentsPhotoUpload" name="test_upload_jpeg_success" time="0.891" /><testcase classname="backend.tests.test_iter248_driver_documents_photo.TestDriverDocumentsPhotoUpload" name="test_upload_png_success" time="0.324" /><testcase classname="backend.tests.test_iter248_driver_documents_photo.TestDriverDocumentsPhotoUpload" name="test_upload_invalid_type_rejected" time="0.046" /><testcase classname="backend.tests.test_iter248_driver_documents_photo.TestDriverDocumentsPhotoUpload" name="test_upload_non_image_rejected" time="0.045" /><testcase classname="backend.tests.test_iter248_driver_documents_photo.TestDriverDocumentsPhotoUpload" name="test_upload_empty_file_rejected" time="0.045" /><testcase classname="backend.tests.test_iter248_driver_documents_photo.TestDriverDocumentsCreateWithPhoto" name="test_create_document_with_media_id" time="0.459" /><testcase classname="backend.tests.test_iter248_driver_documents_photo.TestDriverDocumentsCreateWithPhoto" name="test_create_document_without_photo" time="0.045" /><testcase classname="backend.tests.test_iter248_driver_documents_photo.TestDriverDocumentsList" name="test_list_documents_returns_items" time="0.048" /><testcase classname="backend.tests.test_iter248_driver_documents_photo.TestDriverDocumentsList" name="test_list_documents_has_annotations" time="0.045" /><testcase classname="backend.tests.test_iter248_driver_documents_photo.TestDriverDocumentsStream" name="test_stream_uploaded_file" time="0.553" /><testcase classname="backend.tests.test_iter248_driver_documents_photo.TestDriverDocumentsStream" name="test_stream_nonexistent_file_404" time="0.046" /><testcase classname="backend.tests.test_iter248_driver_documents_photo.TestDriverDocumentsDelete" name="test_delete_document_with_photo" time="0.496" /><testcase classname="backend.tests.test_iter248_driver_documents_photo.TestDriverDocumentsSummary" name="test_summary_returns_counts" time="0.045" /><testcase classname="backend.tests.test_iter248_driver_documents_photo.TestDriverDocumentsAuth" name="test_upload_requires_auth" time="0.097" /><testcase classname="backend.tests.test_iter248_driver_documents_photo.TestDriverDocumentsAuth" name="test_list_requires_auth" time="0.133" /><testcase classname="backend.tests.test_iter248_driver_documents_photo.TestDriverDocumentsAuth" name="test_stream_requires_auth" time="0.145" /><testcase classname="backend.tests.test_iter248_driver_documents_photo.TestCleanup" name="test_cleanup_test_documents" time="0.224" /></testsuite></testsuites>