<?xml version="1.0" encoding="utf-8"?><testsuites name="pytest tests"><testsuite name="pytest" errors="0" failures="0" skipped="0" tests="5" time="0.068" timestamp="2026-05-17T17:36:16.763846+00:00" hostname="agent-env-3ffed1c7-9f2d-443b-8300-da3e09627c12"><testcase classname="backend.tests.test_iter124_p0_launch_blockers.TestMobileBuildSetup" name="test_ios_ats_flag_disabled" time="0.001" /><testcase classname="backend.tests.test_iter124_p0_launch_blockers.TestMobileBuildSetup" name="test_android_keystore_env_based" time="0.000" /><testcase classname="backend.tests.test_iter124_p0_launch_blockers.TestMobileBuildSetup" name="test_android_keystore_gitignored" time="0.000" /><testcase classname="backend.tests.test_iter124_p0_launch_blockers.TestMobileBuildSetup" name="test_version_bump_script_exists" time="0.000" /><testcase classname="backend.tests.test_iter124_p0_launch_blockers.TestMobileBuildSetup" name="test_version_bump_script_syntax" time="0.003" /></testsuite></testsuites>