<?xml version="1.0" encoding="utf-8"?><testsuites name="pytest tests"><testsuite name="pytest" errors="0" failures="0" skipped="2" tests="16" time="7.337" timestamp="2026-07-10T13:07:18.585573+00:00" hostname="agent-env-2794b739-c3d3-4798-8c94-d2100a8574f8"><testcase classname="backend.tests.test_dating_roses_priority_inbox.TestDatingRosePackConsumables" name="test_monetization_includes_rose_packs" time="0.614" /><testcase classname="backend.tests.test_dating_roses_priority_inbox.TestDatingRosePackConsumables" name="test_premium_plans_includes_rose_credits_entitlement" time="0.404" /><testcase classname="backend.tests.test_dating_roses_priority_inbox.TestDatingUseRoseLikePayload" name="test_like_with_use_rose_without_credits_returns_402" time="0.406"><skipped type="pytest.skip" message="No profiles available to test">/app/backend/tests/test_dating_roses_priority_inbox.py:70: No profiles available to test</skipped></testcase><testcase classname="backend.tests.test_dating_roses_priority_inbox.TestDatingUseRoseLikePayload" name="test_like_without_use_rose_works_normally" time="0.419"><skipped type="pytest.skip" message="No profiles available to test">/app/backend/tests/test_dating_roses_priority_inbox.py:103: No profiles available to test</skipped></testcase><testcase classname="backend.tests.test_dating_roses_priority_inbox.TestDatingPriorityInboxMetadata" name="test_likes_you_includes_priority_inbox_field" time="0.404" /><testcase classname="backend.tests.test_dating_roses_priority_inbox.TestDatingPriorityInboxMetadata" name="test_likes_you_ordering_prioritizes_priority_inbox" time="0.382" /><testcase classname="backend.tests.test_dating_roses_priority_inbox.TestDatingDailyRotationMetadata" name="test_top_picks_includes_rotation_metadata" time="0.420" /><testcase classname="backend.tests.test_dating_roses_priority_inbox.TestDatingDailyRotationMetadata" name="test_standouts_includes_rotation_metadata" time="0.430" /><testcase classname="backend.tests.test_dating_roses_priority_inbox.TestDatingDailyRotationMetadata" name="test_rotation_key_format_is_daily" time="0.381" /><testcase classname="backend.tests.test_dating_roses_priority_inbox.TestDatingRegressionExistingFeatures" name="test_discover_endpoint_still_works" time="0.395" /><testcase classname="backend.tests.test_dating_roses_priority_inbox.TestDatingRegressionExistingFeatures" name="test_matches_endpoint_still_works" time="0.396" /><testcase classname="backend.tests.test_dating_roses_priority_inbox.TestDatingRegressionExistingFeatures" name="test_profile_me_endpoint_still_works" time="0.390" /><testcase classname="backend.tests.test_dating_roses_priority_inbox.TestDatingRegressionExistingFeatures" name="test_swipes_left_endpoint_still_works" time="0.395" /><testcase classname="backend.tests.test_dating_roses_priority_inbox.TestDatingRegressionExistingFeatures" name="test_premium_plans_endpoint_still_works" time="0.408" /><testcase classname="backend.tests.test_dating_roses_priority_inbox.TestDatingRegressionExistingFeatures" name="test_monetization_endpoint_still_works" time="0.402" /><testcase classname="backend.tests.test_dating_roses_priority_inbox.TestDatingConsumableCheckout" name="test_rose_pack_checkout_initiates" time="0.974" /></testsuite></testsuites>