<?xml version="1.0" encoding="utf-8"?><testsuites name="pytest tests"><testsuite name="pytest" errors="0" failures="0" skipped="0" tests="37" time="4.051" timestamp="2026-04-30T15:49:29.547351+00:00" hostname="agent-env-e411b08f-2d54-4ed0-b7f7-d64dbe1b6fb1"><testcase classname="backend.tests.test_p2p_card_live.TestP2PHandle" name="test_handle_me_admin" time="0.546" /><testcase classname="backend.tests.test_p2p_card_live.TestP2PHandle" name="test_handle_me_kunde" time="0.404" /><testcase classname="backend.tests.test_p2p_card_live.TestP2PHandle" name="test_handle_claim_no_auth" time="0.134" /><testcase classname="backend.tests.test_p2p_card_live.TestP2PHandle" name="test_handle_claim_invalid_chars" time="0.057" /><testcase classname="backend.tests.test_p2p_card_live.TestP2PHandle" name="test_handle_claim_reserved" time="0.076" /><testcase classname="backend.tests.test_p2p_card_live.TestP2PHandle" name="test_handle_claim_taken" time="0.067" /><testcase classname="backend.tests.test_p2p_card_live.TestP2PHandle" name="test_handle_lookup_valid" time="0.060" /><testcase classname="backend.tests.test_p2p_card_live.TestP2PHandle" name="test_handle_lookup_unknown" time="0.060" /><testcase classname="backend.tests.test_p2p_card_live.TestP2PSend" name="test_send_self" time="0.056" /><testcase classname="backend.tests.test_p2p_card_live.TestP2PSend" name="test_send_unknown_handle" time="0.055" /><testcase classname="backend.tests.test_p2p_card_live.TestP2PSend" name="test_send_amount_too_high" time="0.059" /><testcase classname="backend.tests.test_p2p_card_live.TestP2PSend" name="test_send_amount_zero" time="0.058" /><testcase classname="backend.tests.test_p2p_card_live.TestP2PSend" name="test_send_valid" time="0.062" /><testcase classname="backend.tests.test_p2p_card_live.TestP2PSend" name="test_history" time="0.060" /><testcase classname="backend.tests.test_p2p_card_live.TestCard" name="test_tiers_public" time="0.130" /><testcase classname="backend.tests.test_p2p_card_live.TestCard" name="test_status_admin" time="0.058" /><testcase classname="backend.tests.test_p2p_card_live.TestCard" name="test_apply_without_consent" time="0.070" /><testcase classname="backend.tests.test_p2p_card_live.TestCard" name="test_apply_physical_missing_shipping" time="0.063" /><testcase classname="backend.tests.test_p2p_card_live.TestCard" name="test_apply_virtual_admin" time="0.060" /><testcase classname="backend.tests.test_p2p_card_live.TestCard" name="test_apply_duplicate_virtual_kunde" time="0.061" /><testcase classname="backend.tests.test_p2p_card_live.TestLive" name="test_active_public_shape" time="0.147" /><testcase classname="backend.tests.test_p2p_card_live.TestLive" name="test_create_stream" time="0.066" /><testcase classname="backend.tests.test_p2p_card_live.TestLive" name="test_start_wrong_host" time="0.060" /><testcase classname="backend.tests.test_p2p_card_live.TestLive" name="test_start_by_host" time="0.060" /><testcase classname="backend.tests.test_p2p_card_live.TestLive" name="test_join" time="0.066" /><testcase classname="backend.tests.test_p2p_card_live.TestLive" name="test_active_contains_stream" time="0.120" /><testcase classname="backend.tests.test_p2p_card_live.TestLive" name="test_pin_product" time="0.060" /><testcase classname="backend.tests.test_p2p_card_live.TestLive" name="test_pin_invalid_product" time="0.064" /><testcase classname="backend.tests.test_p2p_card_live.TestLive" name="test_react" time="0.057" /><testcase classname="backend.tests.test_p2p_card_live.TestLive" name="test_get_stream_non_host_no_roomkey" time="0.062" /><testcase classname="backend.tests.test_p2p_card_live.TestLive" name="test_get_stream_host_has_roomkey" time="0.089" /><testcase classname="backend.tests.test_p2p_card_live.TestLive" name="test_leave" time="0.065" /><testcase classname="backend.tests.test_p2p_card_live.TestLive" name="test_end" time="0.063" /><testcase classname="backend.tests.test_p2p_card_live.TestRegression" name="test_login_sets_cookie" time="0.360" /><testcase classname="backend.tests.test_p2p_card_live.TestRegression" name="test_auctions_list" time="0.153" /><testcase classname="backend.tests.test_p2p_card_live.TestRegression" name="test_food_restaurants" time="0.136" /><testcase classname="backend.tests.test_p2p_card_live.TestRegression" name="test_payments_requires_auth" time="0.115" /></testsuite></testsuites>