<?xml version="1.0" encoding="utf-8"?><testsuites name="pytest tests"><testsuite name="pytest" errors="0" failures="0" skipped="0" tests="20" time="5.023" timestamp="2026-06-25T12:36:45.031439+00:00" hostname="agent-env-dca90259-c859-447a-9f21-a21fe30c48f9"><testcase classname="backend.tests.test_iter152_ci_fix.TestCIWorkflowFix" name="test_requirements_contains_emergentintegrations" time="0.000" /><testcase classname="backend.tests.test_iter152_ci_fix.TestCIWorkflowFix" name="test_ci_workflow_filtering_logic" time="0.000" /><testcase classname="backend.tests.test_iter152_ci_fix.TestCIWorkflowFix" name="test_ci_workflow_file_exists" time="0.000" /><testcase classname="backend.tests.test_iter152_ci_fix.TestCIWorkflowFix" name="test_ci_workflow_has_filtering_step" time="0.005" /><testcase classname="backend.tests.test_iter152_ci_fix.TestRequirementsPinsCleaned" name="test_greenlet_version" time="0.000" /><testcase classname="backend.tests.test_iter152_ci_fix.TestRequirementsPinsCleaned" name="test_multitasking_version" time="0.000" /><testcase classname="backend.tests.test_iter152_ci_fix.TestRequirementsPinsCleaned" name="test_numpy_version" time="0.000" /><testcase classname="backend.tests.test_iter152_ci_fix.TestRequirementsPinsCleaned" name="test_pandas_version" time="0.000" /><testcase classname="backend.tests.test_iter152_ci_fix.TestRequirementsPinsCleaned" name="test_tiktoken_version" time="0.000" /><testcase classname="backend.tests.test_iter152_ci_fix.TestRequirementsPinsCleaned" name="test_http_ece_removed" time="0.000" /><testcase classname="backend.tests.test_iter152_ci_fix.TestRequirementsPinsCleaned" name="test_jq_removed" time="0.000" /><testcase classname="backend.tests.test_iter152_ci_fix.TestTaxiCustomerAPIs" name="test_taxi_status_endpoint" time="3.700" /><testcase classname="backend.tests.test_iter152_ci_fix.TestTaxiCustomerAPIs" name="test_nearby_drivers_endpoint" time="0.107" /><testcase classname="backend.tests.test_iter152_ci_fix.TestTaxiCustomerAPIs" name="test_estimate_endpoint" time="0.107" /><testcase classname="backend.tests.test_iter152_ci_fix.TestTaxiCustomerAPIs" name="test_geocode_short_query" time="0.256" /><testcase classname="backend.tests.test_iter152_ci_fix.TestTaxiCustomerAPIs" name="test_geocode_alexanderplatz" time="0.249" /><testcase classname="backend.tests.test_iter152_ci_fix.TestTaxiVehicleTypes" name="test_standard_vehicle_has_fare" time="0.116" /><testcase classname="backend.tests.test_iter152_ci_fix.TestTaxiVehicleTypes" name="test_premium_vehicle_has_fare" time="0.145" /><testcase classname="backend.tests.test_iter152_ci_fix.TestTaxiVehicleTypes" name="test_van_vehicle_has_fare" time="0.109" /><testcase classname="backend.tests.test_iter152_ci_fix.TestTaxiVehicleTypes" name="test_premium_more_expensive_than_standard" time="0.115" /></testsuite></testsuites>