<?xml version="1.0" encoding="utf-8"?><testsuites name="pytest tests"><testsuite name="pytest" errors="0" failures="0" skipped="0" tests="22" time="1.843" timestamp="2026-07-12T00:55:07.085692+00:00" hostname="agent-env-2794b739-c3d3-4798-8c94-d2100a8574f8"><testcase classname="backend.tests.test_iter243_legacy_restore_bulk.TestLegacyRestoreOverviewPriorityList" name="test_overview_returns_top_candidates" time="0.473" /><testcase classname="backend.tests.test_iter243_legacy_restore_bulk.TestLegacyRestoreOverviewPriorityList" name="test_overview_returns_top_missing_candidates" time="0.066" /><testcase classname="backend.tests.test_iter243_legacy_restore_bulk.TestNewRestoredAccountsSearchable" name="test_restored_account_in_admin_wallet_search[account0]" time="0.052" /><testcase classname="backend.tests.test_iter243_legacy_restore_bulk.TestNewRestoredAccountsSearchable" name="test_restored_account_in_admin_wallet_search[account1]" time="0.056" /><testcase classname="backend.tests.test_iter243_legacy_restore_bulk.TestNewRestoredAccountsSearchable" name="test_restored_account_in_admin_wallet_search[account2]" time="0.055" /><testcase classname="backend.tests.test_iter243_legacy_restore_bulk.TestNewRestoredAccountsSearchable" name="test_restored_account_in_admin_customers_search[account0]" time="0.056" /><testcase classname="backend.tests.test_iter243_legacy_restore_bulk.TestNewRestoredAccountsSearchable" name="test_restored_account_in_admin_customers_search[account1]" time="0.050" /><testcase classname="backend.tests.test_iter243_legacy_restore_bulk.TestNewRestoredAccountsSearchable" name="test_restored_account_in_admin_customers_search[account2]" time="0.053" /><testcase classname="backend.tests.test_iter243_legacy_restore_bulk.TestLegacyRestoreDetailForRestoredAccounts" name="test_legacy_restore_detail_shows_restored_status[account0]" time="0.056" /><testcase classname="backend.tests.test_iter243_legacy_restore_bulk.TestLegacyRestoreDetailForRestoredAccounts" name="test_legacy_restore_detail_shows_restored_status[account1]" time="0.073" /><testcase classname="backend.tests.test_iter243_legacy_restore_bulk.TestLegacyRestoreDetailForRestoredAccounts" name="test_legacy_restore_detail_shows_restored_status[account2]" time="0.058" /><testcase classname="backend.tests.test_iter243_legacy_restore_bulk.TestLegacyRestoreDetailForRestoredAccounts" name="test_legacy_restore_detail_shows_correct_evidence[account0]" time="0.064" /><testcase classname="backend.tests.test_iter243_legacy_restore_bulk.TestLegacyRestoreDetailForRestoredAccounts" name="test_legacy_restore_detail_shows_correct_evidence[account1]" time="0.059" /><testcase classname="backend.tests.test_iter243_legacy_restore_bulk.TestLegacyRestoreDetailForRestoredAccounts" name="test_legacy_restore_detail_shows_correct_evidence[account2]" time="0.058" /><testcase classname="backend.tests.test_iter243_legacy_restore_bulk.TestBulkRestoreWorkflow" name="test_bulk_preview_marks_restored_as_blocked" time="0.057" /><testcase classname="backend.tests.test_iter243_legacy_restore_bulk.TestBulkRestoreWorkflow" name="test_bulk_preview_with_mixed_candidates" time="0.111" /><testcase classname="backend.tests.test_iter243_legacy_restore_bulk.TestBulkRestoreUIElements" name="test_overview_has_bulk_restore_data" time="0.063" /><testcase classname="backend.tests.test_iter243_legacy_restore_bulk.TestNoRegression" name="test_admin_wallet_page_loads" time="0.047" /><testcase classname="backend.tests.test_iter243_legacy_restore_bulk.TestNoRegression" name="test_legacy_restore_tab_loads" time="0.068" /><testcase classname="backend.tests.test_iter243_legacy_restore_bulk.TestNoRegression" name="test_previously_restored_albin_still_exists" time="0.050" /><testcase classname="backend.tests.test_iter243_legacy_restore_bulk.TestNoRegression" name="test_previously_restored_afrim_still_exists" time="0.051" /><testcase classname="backend.tests.test_iter243_legacy_restore_bulk.TestLegacyRestoreHistory" name="test_history_endpoint_works" time="0.049" /></testsuite></testsuites>