<?xml version="1.0" encoding="utf-8"?><testsuites name="pytest tests"><testsuite name="pytest" errors="0" failures="1" skipped="0" tests="9" time="3.995" timestamp="2026-07-06T07:08:40.988019+00:00" hostname="agent-env-4e4ad77f-aa60-4921-a668-59574991d2cb"><testcase classname="backend.tests.test_iter187_admin_ae_migration" name="test_db_has_only_ae_admin_active" time="0.007" /><testcase classname="backend.tests.test_iter187_admin_ae_migration" name="test_admin_bcrypt_and_aliases_contract" time="0.001" /><testcase classname="backend.tests.test_iter187_admin_ae_migration" name="test_verified_driver_seed_uses_ae_admin_identity" time="0.001" /><testcase classname="backend.tests.test_iter187_admin_ae_migration" name="test_login_admin_ae_contract" time="1.949" /><testcase classname="backend.tests.test_iter187_admin_ae_migration" name="test_login_admin_dashed_alias_normalizes_to_canonical" time="0.319" /><testcase classname="backend.tests.test_iter187_admin_ae_migration" name="test_login_legacy_admin_com_is_rejected" time="0.130" /><testcase classname="backend.tests.test_iter187_admin_ae_migration" name="test_login_sets_http_only_cookie_and_options_allows_credentials" time="0.393"><failure message="AssertionError: assert '' == 'true'&#10;  &#10;  - true">backend/tests/test_iter187_admin_ae_migration.py:154: in test_login_sets_http_only_cookie_and_options_allows_credentials
    assert preflight.headers.get("access-control-allow-credentials", "").lower() == "true"
E   AssertionError: assert '' == 'true'
E     
E     - true</failure></testcase><testcase classname="backend.tests.test_iter187_admin_ae_migration" name="test_bruteforce_lockout_contract" time="0.941" /><testcase classname="backend.tests.test_iter187_admin_ae_migration" name="test_seed_admin_startup_logic_present" time="0.001" /></testsuite></testsuites>