<?xml version="1.0" encoding="utf-8"?><testsuites name="pytest tests"><testsuite name="pytest" errors="0" failures="0" skipped="0" tests="7" time="3.872" timestamp="2026-07-06T11:08:56.067230+00:00" hostname="agent-env-4e4ad77f-aa60-4921-a668-59574991d2cb"><testcase classname="backend.tests.test_iter190_admin_wallet_consistency" name="test_admin_ae_login_sets_http_only_cookie" time="1.332" /><testcase classname="backend.tests.test_iter190_admin_wallet_consistency" name="test_removed_admin_com_login_rejected" time="0.109" /><testcase classname="backend.tests.test_iter190_admin_wallet_consistency" name="test_auth_me_returns_canonical_admin_and_balance" time="0.374" /><testcase classname="backend.tests.test_iter190_admin_wallet_consistency" name="test_wallet_users_matches_auth_me_balance_and_blz" time="0.092" /><testcase classname="backend.tests.test_iter190_admin_wallet_consistency" name="test_admin_wallet_users_not_returning_huge_stale_balance" time="0.088" /><testcase classname="backend.tests.test_iter190_admin_wallet_consistency" name="test_self_topup_blz_updates_and_restores_consistently" time="0.249" /><testcase classname="backend.tests.test_iter190_admin_wallet_consistency" name="test_auth_login_bruteforce_lockout_contract" time="1.530" /></testsuite></testsuites>