<?xml version="1.0" encoding="utf-8"?><testsuites name="pytest tests"><testsuite name="pytest" errors="0" failures="0" skipped="0" tests="21" time="5.679" timestamp="2026-05-20T20:18:22.020169+00:00" hostname="agent-env-3ffed1c7-9f2d-443b-8300-da3e09627c12"><testcase classname="backend.tests.test_iter128_invoicing_productivity.TestInvoicingDashboard" name="test_dashboard_returns_summary_tasks_clients" time="2.641" /><testcase classname="backend.tests.test_iter128_invoicing_productivity.TestInvoicingDashboard" name="test_tasks_have_priority_and_type" time="0.080" /><testcase classname="backend.tests.test_iter128_invoicing_productivity.TestInvoicingDashboard" name="test_clients_have_health_score" time="0.088" /><testcase classname="backend.tests.test_iter128_invoicing_productivity.TestInvoiceCreateAndRecurring" name="test_create_invoice_basic" time="0.074" /><testcase classname="backend.tests.test_iter128_invoicing_productivity.TestInvoiceCreateAndRecurring" name="test_create_recurring_invoice" time="0.064" /><testcase classname="backend.tests.test_iter128_invoicing_productivity.TestInvoiceCreateAndRecurring" name="test_my_invoices_returns_recurring_info" time="0.072" /><testcase classname="backend.tests.test_iter128_invoicing_productivity.TestGenerateNextInvoice" name="test_generate_next_requires_recurring_enabled" time="0.133" /><testcase classname="backend.tests.test_iter128_invoicing_productivity.TestGenerateNextInvoice" name="test_generate_next_creates_new_invoice" time="0.132" /><testcase classname="backend.tests.test_iter128_invoicing_productivity.TestPaymentReminders" name="test_send_reminder_email" time="0.510" /><testcase classname="backend.tests.test_iter128_invoicing_productivity.TestPaymentReminders" name="test_reminder_history_endpoint" time="0.412" /><testcase classname="backend.tests.test_iter128_invoicing_productivity.TestPaymentReminders" name="test_reminder_requires_client_email" time="0.147" /><testcase classname="backend.tests.test_iter128_invoicing_productivity.TestClientEndpoints" name="test_clients_list" time="0.076" /><testcase classname="backend.tests.test_iter128_invoicing_productivity.TestClientEndpoints" name="test_client_detail_with_audit_logs" time="0.152" /><testcase classname="backend.tests.test_iter128_invoicing_productivity.TestClientEndpoints" name="test_toggle_client_lock" time="0.199" /><testcase classname="backend.tests.test_iter128_invoicing_productivity.TestClientImport" name="test_import_preview_csv" time="0.100" /><testcase classname="backend.tests.test_iter128_invoicing_productivity.TestClientImport" name="test_import_clients" time="0.066" /><testcase classname="backend.tests.test_iter128_invoicing_productivity.TestAuditLog" name="test_audit_log_returns_logs" time="0.085" /><testcase classname="backend.tests.test_iter128_invoicing_productivity.TestAuditLog" name="test_audit_log_filter_by_client" time="0.145" /><testcase classname="backend.tests.test_iter128_invoicing_productivity.TestTaskComplete" name="test_complete_task" time="0.165" /><testcase classname="backend.tests.test_iter128_invoicing_productivity.TestInvoiceUpdate" name="test_update_invoice" time="0.135" /><testcase classname="backend.tests.test_iter128_invoicing_productivity.TestInvoiceUpdate" name="test_update_nonexistent_invoice_returns_404" time="0.087" /></testsuite></testsuites>