<?xml version="1.0" encoding="utf-8"?><testsuites name="pytest tests"><testsuite name="pytest" errors="0" failures="0" skipped="0" tests="12" time="1.872" timestamp="2026-07-12T07:23:06.228189+00:00" hostname="agent-env-2794b739-c3d3-4798-8c94-d2100a8574f8"><testcase classname="backend.tests.test_iter244_legacy_restore_filters.TestLegacyRestoreOverviewFilters" name="test_real_only_view_default" time="0.941" /><testcase classname="backend.tests.test_iter244_legacy_restore_filters.TestLegacyRestoreOverviewFilters" name="test_noise_only_view" time="0.061" /><testcase classname="backend.tests.test_iter244_legacy_restore_filters.TestLegacyRestoreOverviewFilters" name="test_review_view" time="0.242" /><testcase classname="backend.tests.test_iter244_legacy_restore_filters.TestLegacyRestoreOverviewFilters" name="test_all_view" time="0.066" /><testcase classname="backend.tests.test_iter244_legacy_restore_filters.TestLegacyRestoreSummaryCounters" name="test_summary_counters_present" time="0.057" /><testcase classname="backend.tests.test_iter244_legacy_restore_filters.TestLegacyRestoreSummaryCounters" name="test_summary_counters_math" time="0.062" /><testcase classname="backend.tests.test_iter244_legacy_restore_filters.TestLegacyRestoreCandidateClassification" name="test_real_customer_classification" time="0.062" /><testcase classname="backend.tests.test_iter244_legacy_restore_filters.TestLegacyRestoreCandidateClassification" name="test_attack_trace_classification" time="0.060" /><testcase classname="backend.tests.test_iter244_legacy_restore_filters.TestNoRegression" name="test_priority_list_still_works" time="0.058" /><testcase classname="backend.tests.test_iter244_legacy_restore_filters.TestNoRegression" name="test_bulk_restore_endpoint_works" time="0.053" /><testcase classname="backend.tests.test_iter244_legacy_restore_filters.TestNoRegression" name="test_admin_wallet_endpoint_works" time="0.059" /><testcase classname="backend.tests.test_iter244_legacy_restore_filters.TestNoRegression" name="test_history_endpoint_works" time="0.048" /></testsuite></testsuites>