<?xml version="1.0" encoding="utf-8"?><testsuites name="pytest tests"><testsuite name="pytest" errors="0" failures="0" skipped="0" tests="23" time="4.108" timestamp="2026-07-10T12:35:48.635584+00:00" hostname="agent-env-2794b739-c3d3-4798-8c94-d2100a8574f8"><testcase classname="backend.tests.test_dating_monetization.TestDatingPremiumPlansMultiTier" name="test_premium_plans_returns_three_tiers" time="1.160" /><testcase classname="backend.tests.test_dating_monetization.TestDatingPremiumPlansMultiTier" name="test_premium_plans_have_correct_pricing" time="0.049" /><testcase classname="backend.tests.test_dating_monetization.TestDatingPremiumPlansMultiTier" name="test_premium_plans_have_starter_prices" time="0.049" /><testcase classname="backend.tests.test_dating_monetization.TestDatingConsumables" name="test_monetization_returns_consumables" time="0.054" /><testcase classname="backend.tests.test_dating_monetization.TestDatingConsumables" name="test_consumables_have_correct_structure" time="0.049" /><testcase classname="backend.tests.test_dating_monetization.TestDatingConsumables" name="test_consumable_checkout_creates_stripe_session" time="0.571" /><testcase classname="backend.tests.test_dating_monetization.TestDatingConsumables" name="test_consumable_checkout_invalid_item" time="0.049" /><testcase classname="backend.tests.test_dating_monetization.TestDatingEntitlements" name="test_monetization_returns_entitlements" time="0.049" /><testcase classname="backend.tests.test_dating_monetization.TestDatingEntitlements" name="test_swipes_left_returns_entitlements" time="0.049" /><testcase classname="backend.tests.test_dating_monetization.TestDatingStarterOffer" name="test_monetization_returns_starter_offer_metadata" time="0.048" /><testcase classname="backend.tests.test_dating_monetization.TestDatingStarterOffer" name="test_premium_plans_include_starter_offer_on_eligible_plans" time="0.045" /><testcase classname="backend.tests.test_dating_monetization.TestDatingLikesYouPaywall" name="test_likes_you_returns_locked_status" time="0.049" /><testcase classname="backend.tests.test_dating_monetization.TestDatingLikesYouPaywall" name="test_likes_you_count_visible_even_when_locked" time="0.048" /><testcase classname="backend.tests.test_dating_monetization.TestDatingMonetizationEndpoint" name="test_monetization_returns_complete_catalog" time="0.048" /><testcase classname="backend.tests.test_dating_monetization.TestDatingMonetizationEndpoint" name="test_monetization_likes_you_count_for_conversion" time="0.065" /><testcase classname="backend.tests.test_dating_monetization.TestDatingPremiumCheckoutMultiTier" name="test_checkout_plus_tier" time="0.448" /><testcase classname="backend.tests.test_dating_monetization.TestDatingPremiumCheckoutMultiTier" name="test_checkout_gold_tier" time="0.462" /><testcase classname="backend.tests.test_dating_monetization.TestDatingPremiumCheckoutMultiTier" name="test_checkout_platinum_tier" time="0.425" /><testcase classname="backend.tests.test_dating_monetization.TestDatingRegression" name="test_discover_endpoint_works" time="0.051" /><testcase classname="backend.tests.test_dating_monetization.TestDatingRegression" name="test_matches_endpoint_works" time="0.049" /><testcase classname="backend.tests.test_dating_monetization.TestDatingRegression" name="test_profile_me_endpoint_works" time="0.048" /><testcase classname="backend.tests.test_dating_monetization.TestDatingRegression" name="test_safety_scan_endpoint_works" time="0.050" /><testcase classname="backend.tests.test_dating_monetization.TestDatingRegression" name="test_demo_upgrade_still_exists" time="0.047" /></testsuite></testsuites>