<?xml version="1.0" encoding="utf-8"?><testsuites name="pytest tests"><testsuite name="pytest" errors="0" failures="1" skipped="0" tests="18" time="11.276" timestamp="2026-07-01T19:13:37.514469+00:00" hostname="agent-env-4e4ad77f-aa60-4921-a668-59574991d2cb"><testcase classname="backend.tests.test_admin_customer_intelligence" name="test_admin_login_sets_httponly_cookie" time="0.568" /><testcase classname="backend.tests.test_admin_customer_intelligence" name="test_customer_intelligence_overview_rejects_unauthenticated" time="0.201" /><testcase classname="backend.tests.test_admin_customer_intelligence" name="test_customer_intelligence_overview_rejects_non_admin" time="0.465" /><testcase classname="backend.tests.test_admin_customer_intelligence" name="test_customer_intelligence_overview_contract_and_no_objectid" time="0.578" /><testcase classname="backend.tests.test_admin_customer_intelligence" name="test_customer_intelligence_customer_contract_and_no_objectid" time="0.626" /><testcase classname="backend.tests.test_admin_customer_intelligence" name="test_auth_preflight_has_credentials_and_explicit_origin" time="0.136"><failure message="AssertionError: assert '' == 'true'&#10;  &#10;  - true">backend/tests/test_admin_customer_intelligence.py:261: in test_auth_preflight_has_credentials_and_explicit_origin
    assert allow_credentials.lower() == "true"
E   AssertionError: assert '' == 'true'
E     
E     - true</failure></testcase><testcase classname="backend.tests.test_admin_customer_intelligence" name="test_auth_bruteforce_lockout_after_five_failures" time="0.893" /><testcase classname="backend.tests.test_admin_customer_intelligence" name="test_radar_action_rejects_unauthenticated" time="0.201" /><testcase classname="backend.tests.test_admin_customer_intelligence" name="test_radar_action_rejects_non_admin" time="0.444" /><testcase classname="backend.tests.test_admin_customer_intelligence" name="test_radar_templates_reject_unauthenticated" time="0.220" /><testcase classname="backend.tests.test_admin_customer_intelligence" name="test_radar_history_reject_unauthenticated" time="0.177" /><testcase classname="backend.tests.test_admin_customer_intelligence" name="test_radar_templates_reject_non_admin" time="0.703" /><testcase classname="backend.tests.test_admin_customer_intelligence" name="test_radar_history_reject_non_admin" time="0.533" /><testcase classname="backend.tests.test_admin_customer_intelligence" name="test_radar_template_create_and_apply_sets_template_id" time="1.240" /><testcase classname="backend.tests.test_admin_customer_intelligence" name="test_radar_action_coupon_creates_contract_no_objectid" time="0.979" /><testcase classname="backend.tests.test_admin_customer_intelligence" name="test_radar_action_push_best_effort_and_contract" time="1.012" /><testcase classname="backend.tests.test_admin_customer_intelligence" name="test_radar_action_manager_alert_contract" time="1.171" /><testcase classname="backend.tests.test_admin_customer_intelligence" name="test_radar_action_coupon_push_alert_returns_all_outputs" time="1.011" /></testsuite></testsuites>