<?xml version="1.0" encoding="utf-8"?><testsuites name="pytest tests"><testsuite name="pytest" errors="0" failures="0" skipped="0" tests="8" time="3.559" timestamp="2026-05-16T11:54:10.827877+00:00" hostname="agent-env-43f83302-198c-4cf9-be60-0d3831b528f7"><testcase classname="backend.tests.test_offline_sync_iter120" name="test_sync_requires_auth" time="2.504" /><testcase classname="backend.tests.test_offline_sync_iter120" name="test_status_requires_auth" time="0.161" /><testcase classname="backend.tests.test_offline_sync_iter120" name="test_sync_batch_three_unique_events" time="0.454" /><testcase classname="backend.tests.test_offline_sync_iter120" name="test_sync_idempotent_resync_same_batch" time="0.062" /><testcase classname="backend.tests.test_offline_sync_iter120" name="test_sync_status_endpoint" time="0.050" /><testcase classname="backend.tests.test_offline_sync_iter120" name="test_sync_partial_dedup_mixed_batch" time="0.064" /><testcase classname="backend.tests.test_offline_sync_iter120" name="test_sync_validation_rejects_empty" time="0.051" /><testcase classname="backend.tests.test_offline_sync_iter120" name="test_sync_validation_rejects_bad_action" time="0.051" /></testsuite></testsuites>