<?xml version="1.0" encoding="utf-8"?><testsuites name="pytest tests"><testsuite name="pytest" errors="0" failures="0" skipped="1" tests="20" time="3.624" timestamp="2026-05-04T06:49:08.837366+00:00" hostname="agent-env-35d17ec2-4383-4a7b-b391-00bd82de5616"><testcase classname="tests.test_iter54_features.TestBuyCreditsStripe" name="test_buy_credits_stripe_returns_checkout_url" time="1.108" /><testcase classname="tests.test_iter54_features.TestBuyCreditsStripe" name="test_buy_credits_stripe_invalid_package" time="0.054" /><testcase classname="tests.test_iter54_features.TestBuyCreditsStripe" name="test_buy_credits_stripe_unauthenticated" time="0.207" /><testcase classname="tests.test_iter54_features.TestCreditsPurchaseStatus" name="test_status_unknown_session_returns_404" time="0.063" /><testcase classname="tests.test_iter54_features.TestCreditsPurchaseStatus" name="test_status_for_real_session_returns_contract" time="0.319" /><testcase classname="tests.test_iter54_features.TestCreditsPurchaseStatus" name="test_status_unauthenticated" time="0.154" /><testcase classname="tests.test_iter54_features.TestStripeWebhookBidCredits" name="test_webhook_endpoint_exists" time="0.113" /><testcase classname="tests.test_iter54_features.TestStripeWebhookBidCredits" name="test_webhook_idempotency_via_db" time="0.000" /><testcase classname="tests.test_iter54_features.TestKYCStatus" name="test_kyc_status_for_unverified_user" time="0.376" /><testcase classname="tests.test_iter54_features.TestKYCStatus" name="test_kyc_status_unauthenticated" time="0.111" /><testcase classname="tests.test_iter54_features.TestKYCStatus" name="test_kyc_status_admin" time="0.375" /><testcase classname="tests.test_iter54_features.TestKYCSubmit" name="test_kyc_submit_unauthenticated" time="0.132" /><testcase classname="tests.test_iter54_features.TestKYCSubmit" name="test_kyc_submit_invalid_doctype" time="0.096" /><testcase classname="tests.test_iter54_features.TestKYCSubmit" name="test_kyc_submit_resubmit_when_pending_returns_400" time="0.048"><skipped type="pytest.skip" message="KYC user has status not_started — cannot test resubmit blocking">/app/backend/tests/test_iter54_features.py:235: KYC user has status not_started — cannot test resubmit blocking</skipped></testcase><testcase classname="tests.test_iter54_features.TestRegression" name="test_kyc_status_endpoint_alive" time="0.049" /><testcase classname="tests.test_iter54_features.TestRegression" name="test_funnel_analytics_still_works" time="0.055" /><testcase classname="tests.test_iter54_features.TestRegression" name="test_score_session_still_works" time="0.053" /><testcase classname="tests.test_iter54_features.TestRegression" name="test_livekit_egress_list" time="0.056" /><testcase classname="tests.test_iter54_features.TestRegression" name="test_wallet_balance_endpoint" time="0.058" /><testcase classname="tests.test_iter54_features.TestRegression" name="test_auctions_list" time="0.131" /></testsuite></testsuites>