<?xml version="1.0" encoding="utf-8"?><testsuites name="pytest tests"><testsuite name="pytest" errors="0" failures="2" skipped="0" tests="16" time="2.539" timestamp="2026-05-04T05:28:05.917471+00:00" hostname="agent-env-35d17ec2-4383-4a7b-b391-00bd82de5616"><testcase classname="backend.tests.test_iter48_p2_cleanup.TestWalletReadOnly" name="test_wallet_balance_returns_wallet_exists_flag" time="0.567" /><testcase classname="backend.tests.test_iter48_p2_cleanup.TestWalletReadOnly" name="test_wallet_balance_idempotent_read" time="0.109" /><testcase classname="backend.tests.test_iter48_p2_cleanup.TestPOSHardwareJSONBody" name="test_cash_drawer_open_json_body" time="0.059" /><testcase classname="backend.tests.test_iter48_p2_cleanup.TestPOSHardwareJSONBody" name="test_cash_drawer_open_empty_body" time="0.052" /><testcase classname="backend.tests.test_iter48_p2_cleanup.TestPOSHardwareJSONBody" name="test_cash_drawer_open_requires_auth" time="0.146" /><testcase classname="backend.tests.test_iter48_p2_cleanup.TestPOSHardwareJSONBody" name="test_scanner_register_json_body" time="0.053" /><testcase classname="backend.tests.test_iter48_p2_cleanup.TestPOSHardwareJSONBody" name="test_scanner_test_heartbeat_no_barcode" time="0.054" /><testcase classname="backend.tests.test_iter48_p2_cleanup.TestPOSHardwareJSONBody" name="test_scanner_test_with_unknown_barcode" time="0.054" /><testcase classname="backend.tests.test_iter48_p2_cleanup.TestAgeVerifyRangeValidation" name="test_birth_year_too_low_rejected" time="0.056" /><testcase classname="backend.tests.test_iter48_p2_cleanup.TestAgeVerifyRangeValidation" name="test_birth_year_future_rejected" time="0.048" /><testcase classname="backend.tests.test_iter48_p2_cleanup.TestAgeVerifyRangeValidation" name="test_birth_year_valid_allowed" time="0.054" /><testcase classname="backend.tests.test_iter48_p2_cleanup.TestRegressions" name="test_landing_chatbot_chat" time="0.993" /><testcase classname="backend.tests.test_iter48_p2_cleanup.TestRegressions" name="test_livekit_create_room" time="0.054"><failure message="AssertionError: 500: {&quot;detail&quot;:&quot;url must be set&quot;}&#10;assert 500 == 200&#10; +  where 500 = &lt;Response [500]&gt;.status_code">backend/tests/test_iter48_p2_cleanup.py:155: in test_livekit_create_room
    assert r.status_code == 200, f"{r.status_code}: {r.text[:300]}"
E   AssertionError: 500: {"detail":"url must be set"}
E   assert 500 == 200
E    +  where 500 = &lt;Response [500]&gt;.status_code</failure></testcase><testcase classname="backend.tests.test_iter48_p2_cleanup.TestRegressions" name="test_livekit_list_rooms" time="0.052" /><testcase classname="backend.tests.test_iter48_p2_cleanup.TestRegressions" name="test_livekit_token" time="0.047"><failure message="assert 500 == 200&#10; +  where 500 = &lt;Response [500]&gt;.status_code">backend/tests/test_iter48_p2_cleanup.py:170: in test_livekit_token
    assert r.status_code == 200
E   assert 500 == 200
E    +  where 500 = &lt;Response [500]&gt;.status_code</failure></testcase><testcase classname="backend.tests.test_iter48_p2_cleanup.TestRegressions" name="test_pos_receipts_void_not_found" time="0.051" /></testsuite></testsuites>