<?xml version="1.0" encoding="utf-8"?><testsuites name="pytest tests"><testsuite name="pytest" errors="0" failures="0" skipped="0" tests="8" time="1.556" timestamp="2026-07-23T09:41:21.464213+00:00" hostname="agent-env-26662b5c-cbf6-4da0-a8f6-9fc904e66bf3"><testcase classname="backend.tests.test_iter290_kyc_review_page_feedback.TestKYCSubmitResponseStructure" name="test_submit_response_contains_user_feedback_field" time="0.499" /><testcase classname="backend.tests.test_iter290_kyc_review_page_feedback.TestKYCSubmitResponseStructure" name="test_submit_response_contains_failed_attempts" time="0.053" /><testcase classname="backend.tests.test_iter290_kyc_review_page_feedback.TestKYCSubmitResponseStructure" name="test_submit_response_contains_can_request_manual_review" time="0.049" /><testcase classname="backend.tests.test_iter290_kyc_review_page_feedback.TestKYCStatusEndpointFeedback" name="test_status_returns_user_feedback_for_rejected_user" time="0.401" /><testcase classname="backend.tests.test_iter290_kyc_review_page_feedback.TestKYCIssueMessageMapping" name="test_common_issue_codes_have_german_messages" time="0.050" /><testcase classname="backend.tests.test_iter290_kyc_review_page_feedback.TestKYCManualReviewThreshold" name="test_manual_review_available_after_threshold" time="0.362" /><testcase classname="backend.tests.test_iter290_kyc_review_page_feedback.TestFrontendDataTestIds" name="test_document_expected_testids" time="0.000" /><testcase classname="backend.tests.test_iter290_kyc_review_page_feedback.TestKYCSubmitRejectionFlow" name="test_rejection_response_structure" time="0.050" /></testsuite></testsuites>