<?xml version="1.0" encoding="utf-8"?><testsuites name="pytest tests"><testsuite name="pytest" errors="0" failures="0" skipped="0" tests="16" time="1.902" timestamp="2026-05-03T21:19:34.693183+00:00" hostname="agent-env-35d17ec2-4383-4a7b-b391-00bd82de5616"><testcase classname="backend.tests.test_iter46_livekit_hardware.TestLiveKit" name="test_create_room" time="0.537" /><testcase classname="backend.tests.test_iter46_livekit_hardware.TestLiveKit" name="test_list_rooms" time="0.070" /><testcase classname="backend.tests.test_iter46_livekit_hardware.TestLiveKit" name="test_generate_token_publisher" time="0.052" /><testcase classname="backend.tests.test_iter46_livekit_hardware.TestLiveKit" name="test_generate_token_viewer" time="0.053" /><testcase classname="backend.tests.test_iter46_livekit_hardware.TestLiveKit" name="test_token_no_auth" time="0.121" /><testcase classname="backend.tests.test_iter46_livekit_hardware.TestPOSHardware" name="test_scanner_test_unknown_barcode" time="0.056" /><testcase classname="backend.tests.test_iter46_livekit_hardware.TestPOSHardware" name="test_cash_drawer_open" time="0.057" /><testcase classname="backend.tests.test_iter46_livekit_hardware.TestPOSHardware" name="test_printer_print_receipt_not_found" time="0.054" /><testcase classname="backend.tests.test_iter46_livekit_hardware.TestPOSHardware" name="test_scale_weight_no_config" time="0.052" /><testcase classname="backend.tests.test_iter46_livekit_hardware.TestPOSRetail" name="test_age_verify_cart_not_found" time="0.056" /><testcase classname="backend.tests.test_iter46_livekit_hardware.TestPOSRetail" name="test_receipts_void_not_found" time="0.056" /><testcase classname="backend.tests.test_iter46_livekit_hardware.TestLandingChatbot" name="test_chat_what_is_bidblitz" time="0.160" /><testcase classname="backend.tests.test_iter46_livekit_hardware.TestLandingChatbot" name="test_chat_demo_requires_email" time="0.170" /><testcase classname="backend.tests.test_iter46_livekit_hardware.TestSuperApp" name="test_marketplace_categories_public" time="0.117" /><testcase classname="backend.tests.test_iter46_livekit_hardware.TestSuperApp" name="test_wallet_balance_auth" time="0.060" /><testcase classname="backend.tests.test_iter46_livekit_hardware.TestSuperApp" name="test_wallet_balance_no_auth" time="0.162" /></testsuite></testsuites>