<?xml version="1.0" encoding="utf-8"?><testsuites name="pytest tests"><testsuite name="pytest" errors="0" failures="0" skipped="0" tests="15" time="2.542" timestamp="2026-06-25T10:07:19.081635+00:00" hostname="agent-env-dca90259-c859-447a-9f21-a21fe30c48f9"><testcase classname="backend.tests.test_iter150_taxi_customer_flow.TestTaxiModuleStatus" name="test_taxi_status_returns_enabled" time="0.343" /><testcase classname="backend.tests.test_iter150_taxi_customer_flow.TestTaxiModuleStatus" name="test_taxi_status_has_driver_counts" time="0.119" /><testcase classname="backend.tests.test_iter150_taxi_customer_flow.TestNearbyDrivers" name="test_nearby_drivers_berlin" time="0.108" /><testcase classname="backend.tests.test_iter150_taxi_customer_flow.TestNearbyDrivers" name="test_nearby_drivers_with_car_type_filter" time="0.096" /><testcase classname="backend.tests.test_iter150_taxi_customer_flow.TestNearbyDrivers" name="test_nearby_drivers_returns_pricing" time="0.113" /><testcase classname="backend.tests.test_iter150_taxi_customer_flow.TestRideEstimate" name="test_estimate_returns_all_vehicle_types" time="0.109" /><testcase classname="backend.tests.test_iter150_taxi_customer_flow.TestRideEstimate" name="test_estimate_has_fare_breakdown" time="0.098" /><testcase classname="backend.tests.test_iter150_taxi_customer_flow.TestRideEstimate" name="test_estimate_detects_region" time="0.101" /><testcase classname="backend.tests.test_iter150_taxi_customer_flow.TestRideEstimate" name="test_estimate_includes_surge_info" time="0.104" /><testcase classname="backend.tests.test_iter150_taxi_customer_flow.TestGeocode" name="test_geocode_short_query_pot" time="0.203" /><testcase classname="backend.tests.test_iter150_taxi_customer_flow.TestGeocode" name="test_geocode_short_query_ale" time="0.372" /><testcase classname="backend.tests.test_iter150_taxi_customer_flow.TestGeocode" name="test_geocode_with_proximity" time="0.286" /><testcase classname="backend.tests.test_iter150_taxi_customer_flow.TestVehicleLabels" name="test_estimate_has_uber_like_names" time="0.110" /><testcase classname="backend.tests.test_iter150_taxi_customer_flow.TestTariffZones" name="test_estimate_includes_tariff_zone" time="0.105" /><testcase classname="backend.tests.test_iter150_taxi_customer_flow.TestTariffZones" name="test_estimate_includes_time_tariff" time="0.136" /></testsuite></testsuites>