<?xml version="1.0" encoding="utf-8"?><testsuites name="pytest tests"><testsuite name="pytest" errors="0" failures="1" skipped="1" tests="18" time="3.391" timestamp="2026-05-03T14:32:00.701514+00:00" hostname="agent-env-b935cda7-78f0-4fd9-bbef-b470b7cca576"><testcase classname="tests.test_geo_and_new_routers.TestGeoCities" name="test_cities_ber_returns_berlin_top" time="0.362" /><testcase classname="tests.test_geo_and_new_routers.TestGeoCities" name="test_cities_ber_country_DE" time="0.129" /><testcase classname="tests.test_geo_and_new_routers.TestGeoCities" name="test_cities_single_char_empty" time="0.195" /><testcase classname="tests.test_geo_and_new_routers.TestGeoCities" name="test_cities_empty_q" time="0.151" /><testcase classname="tests.test_geo_and_new_routers.TestGeoCities" name="test_cities_invalid_limit" time="0.154" /><testcase classname="tests.test_geo_and_new_routers.TestGeoAirports" name="test_airports_fra_top_frankfurt" time="0.148" /><testcase classname="tests.test_geo_and_new_routers.TestGeoAirports" name="test_airports_BER_exact_iata" time="0.176" /><testcase classname="tests.test_geo_and_new_routers.TestGeoAirports" name="test_airports_lon_returns_london_set" time="0.134" /><testcase classname="tests.test_geo_and_new_routers.TestReferralEngine" name="test_referral_me_requires_auth" time="0.111" /><testcase classname="tests.test_geo_and_new_routers.TestReferralEngine" name="test_referral_apply_exists" time="0.123" /><testcase classname="tests.test_geo_and_new_routers.TestReferralEngine" name="test_referral_leaderboard_public" time="0.154"><failure message="AssertionError: Got 401: {&quot;detail&quot;:&quot;Not authenticated&quot;}&#10;assert 401 == 200&#10; +  where 401 = &lt;Response [401]&gt;.status_code">tests/test_geo_and_new_routers.py:103: in test_referral_leaderboard_public
    assert r.status_code == 200, f"Got {r.status_code}: {r.text[:200]}"
E   AssertionError: Got 401: {"detail":"Not authenticated"}
E   assert 401 == 200
E    +  where 401 = &lt;Response [401]&gt;.status_code</failure></testcase><testcase classname="tests.test_geo_and_new_routers.TestBotPersonalization" name="test_bots_me_requires_auth" time="0.123" /><testcase classname="tests.test_geo_and_new_routers.TestBotPersonalization" name="test_bots_me_setup_requires_auth" time="0.106" /><testcase classname="tests.test_geo_and_new_routers.TestBotPersonalization" name="test_bots_active_auctions" time="0.095" /><testcase classname="tests.test_geo_and_new_routers.TestAdminViewers" name="test_admin_audit_list_requires_auth" time="0.114" /><testcase classname="tests.test_geo_and_new_routers.TestAdminViewers" name="test_admin_fraud_alerts_requires_auth" time="0.115" /><testcase classname="tests.test_geo_and_new_routers.TestAdminViewers" name="test_admin_referrals_top_requires_auth" time="0.105" /><testcase classname="tests.test_geo_and_new_routers.TestAdminViewers" name="test_admin_audit_list_with_admin_auth" time="0.788"><skipped type="pytest.skip" message="Admin login unavailable">/app/backend/tests/test_geo_and_new_routers.py:161: Admin login unavailable</skipped></testcase></testsuite></testsuites>