<?xml version="1.0" encoding="utf-8"?><testsuites name="pytest tests"><testsuite name="pytest" errors="0" failures="0" skipped="0" tests="19" time="1.927" timestamp="2026-07-07T10:43:55.406803+00:00" hostname="agent-env-8c4f8949-ad1c-4337-961b-803039d97cb1"><testcase classname="backend.tests.test_iter209_admin_wallet_canonical.TestAdminWalletUserSearch" name="test_search_agimk_by_exact_email" time="0.565" /><testcase classname="backend.tests.test_iter209_admin_wallet_canonical.TestAdminWalletUserSearch" name="test_search_agimk_by_partial" time="0.054" /><testcase classname="backend.tests.test_iter209_admin_wallet_canonical.TestAdminWalletUserSearch" name="test_search_agimk_by_alias_afrimk" time="0.049" /><testcase classname="backend.tests.test_iter209_admin_wallet_canonical.TestAdminWalletUserSearch" name="test_search_returns_canonical_email_field" time="0.048" /><testcase classname="backend.tests.test_iter209_admin_wallet_canonical.TestAdminWalletUserSearch" name="test_search_returns_email_aliases_field" time="0.047" /><testcase classname="backend.tests.test_iter209_admin_wallet_canonical.TestAdminWalletLoginHistory" name="test_login_history_returns_200" time="0.106" /><testcase classname="backend.tests.test_iter209_admin_wallet_canonical.TestAdminWalletLoginHistory" name="test_login_history_returns_canonical_email" time="0.094" /><testcase classname="backend.tests.test_iter209_admin_wallet_canonical.TestAdminWalletLoginHistory" name="test_login_history_returns_email_aliases" time="0.094" /><testcase classname="backend.tests.test_iter209_admin_wallet_canonical.TestAdminWalletLoginHistory" name="test_login_history_returns_balances" time="0.116" /><testcase classname="backend.tests.test_iter209_admin_wallet_canonical.TestAdminWalletLoginHistory" name="test_login_history_returns_kyc_status" time="0.138" /><testcase classname="backend.tests.test_iter209_admin_wallet_canonical.TestAdminWalletLoginHistory" name="test_login_history_returns_history_array" time="0.099" /><testcase classname="backend.tests.test_iter209_admin_wallet_canonical.TestAdminIdentityCanonical" name="test_admin_search_returns_canonical_email" time="0.048" /><testcase classname="backend.tests.test_iter209_admin_wallet_canonical.TestAdminIdentityCanonical" name="test_admin_has_canonical_balances" time="0.047" /><testcase classname="backend.tests.test_iter209_admin_wallet_canonical.TestAdminIdentityCanonical" name="test_legacy_admin_com_not_separate_row" time="0.047" /><testcase classname="backend.tests.test_iter209_admin_wallet_canonical.TestAgimkUserRecord" name="test_agimk_has_own_user_id" time="0.046" /><testcase classname="backend.tests.test_iter209_admin_wallet_canonical.TestAgimkUserRecord" name="test_agimk_not_inheriting_admin_data" time="0.047" /><testcase classname="backend.tests.test_iter209_admin_wallet_canonical.TestAdminCustomerListRegression" name="test_admin_customers_endpoint_returns_200" time="0.060" /><testcase classname="backend.tests.test_iter209_admin_wallet_canonical.TestAdminCustomerListRegression" name="test_admin_customers_canonical_admin_email" time="0.051" /><testcase classname="backend.tests.test_iter209_admin_wallet_canonical.TestAdminCustomerListRegression" name="test_agimk_findable_in_customer_list" time="0.049" /></testsuite></testsuites>