<?xml version="1.0" encoding="utf-8"?><testsuites name="pytest tests"><testsuite name="pytest" errors="0" failures="0" skipped="1" tests="11" time="7.047" timestamp="2026-06-15T19:27:06.762819+00:00" hostname="agent-env-b63097c9-f8b0-4302-9fc1-6d33d2b05987"><testcase classname="backend.tests.test_reward_plinko.TestRewardPlinkoAPI" name="test_plinko_status_endpoint_exists" time="2.612" /><testcase classname="backend.tests.test_reward_plinko.TestRewardPlinkoAPI" name="test_plinko_status_has_required_fields" time="0.446" /><testcase classname="backend.tests.test_reward_plinko.TestRewardPlinkoAPI" name="test_plinko_status_has_payouts" time="0.454" /><testcase classname="backend.tests.test_reward_plinko.TestRewardPlinkoAPI" name="test_plinko_history_endpoint_exists" time="0.440" /><testcase classname="backend.tests.test_reward_plinko.TestRewardPlinkoAPI" name="test_plinko_history_structure" time="0.474" /><testcase classname="backend.tests.test_reward_plinko.TestRewardPlinkoAPI" name="test_plinko_drop_with_free_source" time="0.526" /><testcase classname="backend.tests.test_reward_plinko.TestRewardPlinkoAPI" name="test_plinko_drop_returns_path" time="0.449" /><testcase classname="backend.tests.test_reward_plinko.TestRewardPlinkoAPI" name="test_plinko_history_after_drop" time="0.498" /><testcase classname="backend.tests.test_reward_plinko.TestRewardPlinkoAPI" name="test_reward_hub_includes_plinko" time="0.448" /><testcase classname="backend.tests.test_reward_plinko.TestRewardPlinkoAPI" name="test_plinko_drop_invalid_source" time="0.446" /><testcase classname="backend.tests.test_reward_plinko.TestRewardPlinkoAPI" name="test_plinko_status_unauthenticated" time="0.111"><skipped type="pytest.skip" message="Login failed: 429 - {&quot;error&quot;:&quot;rate_limit_exceeded&quot;,&quot;message&quot;:&quot;Too many requests. Please slow down and try again.&quot;,&quot;retry_after&quot;:60}">/app/backend/tests/test_reward_plinko.py:198: Login failed: 429 - {"error":"rate_limit_exceeded","message":"Too many requests. Please slow down and try again.","retry_after":60}</skipped></testcase></testsuite></testsuites>