<?xml version="1.0" encoding="utf-8"?><testsuites name="pytest tests"><testsuite name="pytest" errors="0" failures="0" skipped="0" tests="7" time="11.228" timestamp="2026-07-07T09:36:03.015324+00:00" hostname="agent-env-8c4f8949-ad1c-4337-961b-803039d97cb1"><testcase classname="backend.tests.test_iter205_kyc_move_earn.TestAdminAuth" name="test_admin_login_canonical_email" time="0.403" /><testcase classname="backend.tests.test_iter205_kyc_move_earn.TestAdminAuth" name="test_legacy_admin_email_rejected" time="0.099" /><testcase classname="backend.tests.test_iter205_kyc_move_earn.TestCustomerAuth" name="test_customer_login" time="0.347" /><testcase classname="backend.tests.test_iter205_kyc_move_earn.TestCustomerAuth" name="test_customer_me_endpoint" time="0.367" /><testcase classname="backend.tests.test_iter205_kyc_move_earn.TestMoveEarnPremiumTracking" name="test_move_status_includes_premium_tracking" time="5.487" /><testcase classname="backend.tests.test_iter205_kyc_move_earn.TestMoveEarnPremiumTracking" name="test_move_status_structure" time="4.074" /><testcase classname="backend.tests.test_iter205_kyc_move_earn.TestKYCStatus" name="test_kyc_status_endpoint" time="0.362" /></testsuite></testsuites>