<?xml version="1.0" encoding="utf-8"?><testsuites name="pytest tests"><testsuite name="pytest" errors="0" failures="0" skipped="0" tests="17" time="1.827" timestamp="2026-07-12T07:37:44.142598+00:00" hostname="agent-env-2794b739-c3d3-4798-8c94-d2100a8574f8"><testcase classname="backend.tests.test_iter245_review_enrichment.TestReviewEnrichmentEndpoint" name="test_review_enrichment_returns_200" time="0.561" /><testcase classname="backend.tests.test_iter245_review_enrichment.TestReviewEnrichmentEndpoint" name="test_review_enrichment_returns_summary" time="0.056" /><testcase classname="backend.tests.test_iter245_review_enrichment.TestReviewEnrichmentEndpoint" name="test_review_enrichment_returns_candidates" time="0.055" /><testcase classname="backend.tests.test_iter245_review_enrichment.TestReviewEnrichmentEndpoint" name="test_enriched_candidates_have_required_fields" time="0.055" /><testcase classname="backend.tests.test_iter245_review_enrichment.TestReviewEnrichmentEndpoint" name="test_enriched_candidates_have_positive_signal_count" time="0.056" /><testcase classname="backend.tests.test_iter245_review_enrichment.TestExpectedEnrichedCandidates" name="test_albin_is_enriched" time="0.055" /><testcase classname="backend.tests.test_iter245_review_enrichment.TestExpectedEnrichedCandidates" name="test_anuar_is_enriched" time="0.055" /><testcase classname="backend.tests.test_iter245_review_enrichment.TestExpectedEnrichedCandidates" name="test_emma_is_enriched" time="0.055" /><testcase classname="backend.tests.test_iter245_review_enrichment.TestExpectedEnrichedCandidates" name="test_upgrade_ready_count_matches_expected" time="0.098" /><testcase classname="backend.tests.test_iter245_review_enrichment.TestOverviewEnrichedReviewCandidates" name="test_overview_includes_enriched_review_candidates" time="0.063" /><testcase classname="backend.tests.test_iter245_review_enrichment.TestCandidateDetailChildSignalCount" name="test_candidate_detail_includes_child_signal_count" time="0.106" /><testcase classname="backend.tests.test_iter245_review_enrichment.TestNoRegressionExistingFeatures" name="test_overview_still_works" time="0.049" /><testcase classname="backend.tests.test_iter245_review_enrichment.TestNoRegressionExistingFeatures" name="test_view_filters_still_work" time="0.211" /><testcase classname="backend.tests.test_iter245_review_enrichment.TestNoRegressionExistingFeatures" name="test_priority_list_still_works" time="0.051" /><testcase classname="backend.tests.test_iter245_review_enrichment.TestNoRegressionExistingFeatures" name="test_bulk_preview_still_works" time="0.043" /><testcase classname="backend.tests.test_iter245_review_enrichment.TestNoRegressionExistingFeatures" name="test_history_still_works" time="0.047" /><testcase classname="backend.tests.test_iter245_review_enrichment.TestUnauthorizedAccess" name="test_review_enrichment_requires_auth" time="0.101" /></testsuite></testsuites>