<?xml version="1.0" encoding="utf-8"?><testsuites name="pytest tests"><testsuite name="pytest" errors="0" failures="1" skipped="0" tests="19" time="2.784" timestamp="2026-08-01T07:05:24.810799+00:00" hostname="agent-env-26662b5c-cbf6-4da0-a8f6-9fc904e66bf3"><testcase classname="tests.test_bidblitz_pay.TestBidBlitzPayConfig" name="test_config_returns_mock_mode" time="0.267" /><testcase classname="tests.test_bidblitz_pay.TestBidBlitzPayPaymentCreation" name="test_create_sandbox_payment" time="0.059" /><testcase classname="tests.test_bidblitz_pay.TestBidBlitzPayPaymentCreation" name="test_idempotency_reuses_payment" time="0.096" /><testcase classname="tests.test_bidblitz_pay.TestBidBlitzPayGetPayment" name="test_get_payment_by_id" time="0.098" /><testcase classname="tests.test_bidblitz_pay.TestBidBlitzPayGetPayment" name="test_get_nonexistent_payment_returns_404" time="0.046" /><testcase classname="tests.test_bidblitz_pay.TestBidBlitzPayMockConfirm" name="test_mock_confirm_requires_auth" time="0.157" /><testcase classname="tests.test_bidblitz_pay.TestBidBlitzPayMockConfirm" name="test_mock_confirm_changes_status_to_paid" time="0.369" /><testcase classname="tests.test_bidblitz_pay.TestBidBlitzPayCancel" name="test_cancel_pending_payment" time="0.100" /><testcase classname="tests.test_bidblitz_pay.TestBidBlitzPayCancel" name="test_cannot_cancel_already_cancelled" time="0.153" /><testcase classname="tests.test_bidblitz_pay.TestBidBlitzPayRefund" name="test_refund_paid_payment" time="0.153" /><testcase classname="tests.test_bidblitz_pay.TestBidBlitzPayRefund" name="test_partial_refund" time="0.155" /><testcase classname="tests.test_bidblitz_pay.TestBidBlitzPayRefund" name="test_cannot_refund_pending_payment" time="0.095" /><testcase classname="tests.test_bidblitz_pay.TestBidBlitzPayWebhook" name="test_webhook_with_valid_signature" time="0.097" /><testcase classname="tests.test_bidblitz_pay.TestBidBlitzPayWebhook" name="test_webhook_rejects_invalid_signature" time="0.047" /><testcase classname="tests.test_bidblitz_pay.TestBidBlitzPayAuditLogs" name="test_audit_logs_requires_admin_or_merchant" time="0.134" /><testcase classname="tests.test_bidblitz_pay.TestBidBlitzPayAuditLogs" name="test_admin_can_access_audit_logs" time="0.378" /><testcase classname="tests.test_bidblitz_pay.TestBidBlitzPayAuditLogs" name="test_audit_logs_filter_by_payment_id" time="0.092" /><testcase classname="tests.test_bidblitz_pay.TestLegacyPayRoutes" name="test_pay_session_endpoint_exists" time="0.049" /><testcase classname="tests.test_bidblitz_pay.TestLegacyPayRoutes" name="test_pay_my_keys_requires_auth" time="0.104"><failure message="assert 404 == 401&#10; +  where 404 = &lt;Response [404]&gt;.status_code">tests/test_bidblitz_pay.py:475: in test_pay_my_keys_requires_auth
    assert resp.status_code == 401
E   assert 404 == 401
E    +  where 404 = &lt;Response [404]&gt;.status_code</failure></testcase></testsuite></testsuites>