<?xml version="1.0" encoding="utf-8"?><testsuites name="pytest tests"><testsuite name="pytest" errors="0" failures="0" skipped="0" tests="13" time="2.600" timestamp="2026-05-15T16:43:34.783307+00:00" hostname="agent-env-43f83302-198c-4cf9-be60-0d3831b528f7"><testcase classname="backend.tests.test_iter111_chat_reminders.TestChat" name="test_manager_create_thread" time="0.737" /><testcase classname="backend.tests.test_iter111_chat_reminders.TestChat" name="test_manager_list_threads" time="0.100" /><testcase classname="backend.tests.test_iter111_chat_reminders.TestChat" name="test_manager_send_message" time="0.099" /><testcase classname="backend.tests.test_iter111_chat_reminders.TestChat" name="test_manager_empty_message_rejected" time="0.093" /><testcase classname="backend.tests.test_iter111_chat_reminders.TestChat" name="test_staff_list_only_own_threads" time="0.644" /><testcase classname="backend.tests.test_iter111_chat_reminders.TestChat" name="test_staff_get_messages" time="0.083" /><testcase classname="backend.tests.test_iter111_chat_reminders.TestChat" name="test_staff_unread_count_before_read" time="0.089" /><testcase classname="backend.tests.test_iter111_chat_reminders.TestChat" name="test_staff_mark_read" time="0.075" /><testcase classname="backend.tests.test_iter111_chat_reminders.TestChat" name="test_staff_unread_count_after_read" time="0.078" /><testcase classname="backend.tests.test_iter111_chat_reminders.TestChat" name="test_staff_send_reply_triggers_manager_unread" time="0.180" /><testcase classname="backend.tests.test_iter111_chat_reminders.TestReminders" name="test_check_reminders" time="0.087" /><testcase classname="backend.tests.test_iter111_chat_reminders.TestReminders" name="test_check_requires_staff_session" time="0.171" /><testcase classname="backend.tests.test_iter111_chat_reminders.TestReminders" name="test_dispatch_fake_id_skipped" time="0.090" /></testsuite></testsuites>