<?xml version="1.0" encoding="utf-8"?><testsuites name="pytest tests"><testsuite name="pytest" errors="2" failures="0" skipped="0" tests="12" time="6.037" timestamp="2026-06-17T09:48:19.408407+00:00" hostname="agent-env-b63097c9-f8b0-4302-9fc1-6d33d2b05987"><testcase classname="tests.test_smart_invoice_payment_links.TestSmartInvoicePaymentLinks" name="test_create_invoice_and_get_payment_link" time="0.579" /><testcase classname="tests.test_smart_invoice_payment_links.TestSmartInvoicePaymentLinks" name="test_create_or_refresh_payment_link" time="0.481" /><testcase classname="tests.test_smart_invoice_payment_links.TestSmartInvoicePaymentLinks" name="test_public_pay_endpoint_returns_invoice_data" time="0.567" /><testcase classname="tests.test_smart_invoice_payment_links.TestSmartInvoicePaymentLinks" name="test_public_pay_invalid_token_returns_404" time="0.487" /><testcase classname="tests.test_smart_invoice_payment_links.TestSmartInvoicePaymentLinks" name="test_payment_pdf_generation" time="0.472" /><testcase classname="tests.test_smart_invoice_payment_links.TestSmartInvoicePaymentLinks" name="test_reminder_requires_client_email" time="0.464" /><testcase classname="tests.test_smart_invoice_payment_links.TestSmartInvoicePaymentLinks" name="test_reminder_with_client_email_succeeds" time="0.690" /><testcase classname="tests.test_smart_invoice_payment_links.TestSmartInvoicePaymentLinks" name="test_reminder_history_endpoint" time="0.445" /><testcase classname="tests.test_smart_invoice_payment_links.TestSmartInvoicePaymentLinks" name="test_checkout_stripe_creates_session" time="1.104" /><testcase classname="tests.test_smart_invoice_payment_links.TestSmartInvoicePaymentLinks" name="test_my_invoices_includes_payment_link_data" time="0.416" /><testcase classname="tests.test_smart_invoice_payment_links.TestSmartInvoicePaymentLinks" name="test_public_invoice_by_scan_code" time="0.103"><error message="failed on setup with &quot;AssertionError: Login failed: {&quot;error&quot;:&quot;rate_limit_exceeded&quot;,&quot;message&quot;:&quot;Too many requests. Please slow down and try again.&quot;,&quot;retry_after&quot;:60}&#10;assert 429 == 200&#10; +  where 429 = &lt;Response [429]&gt;.status_code&quot;">tests/test_smart_invoice_payment_links.py:32: in setup
    assert login_response.status_code == 200, f"Login failed: {login_response.text}"
E   AssertionError: Login failed: {"error":"rate_limit_exceeded","message":"Too many requests. Please slow down and try again.","retry_after":60}
E   assert 429 == 200
E    +  where 429 = &lt;Response [429]&gt;.status_code</error></testcase><testcase classname="tests.test_smart_invoice_payment_links.TestMerchantDashboardInvoiceLinks" name="test_invoicing_dashboard_endpoint" time="0.094"><error message="failed on setup with &quot;assert 429 == 200&#10; +  where 429 = &lt;Response [429]&gt;.status_code&quot;">tests/test_smart_invoice_payment_links.py:388: in setup
    assert login_response.status_code == 200
E   assert 429 == 200
E    +  where 429 = &lt;Response [429]&gt;.status_code</error></testcase></testsuite></testsuites>