<?xml version="1.0" encoding="utf-8"?><testsuites name="pytest tests"><testsuite name="pytest" errors="0" failures="0" skipped="0" tests="12" time="1.334" timestamp="2026-07-07T10:24:02.004594+00:00" hostname="agent-env-8c4f8949-ad1c-4337-961b-803039d97cb1"><testcase classname="backend.tests.test_iter208_admin_customer_list_canonical.TestAdminCustomerListCanonical" name="test_admin_customers_endpoint_returns_200" time="0.532" /><testcase classname="backend.tests.test_iter208_admin_customer_list_canonical.TestAdminCustomerListCanonical" name="test_canonical_admin_appears_with_correct_email" time="0.082" /><testcase classname="backend.tests.test_iter208_admin_customer_list_canonical.TestAdminCustomerListCanonical" name="test_legacy_admin_com_not_separate_active_row" time="0.075" /><testcase classname="backend.tests.test_iter208_admin_customer_list_canonical.TestAdminCustomerListCanonical" name="test_canonical_admin_has_correct_balances" time="0.049" /><testcase classname="backend.tests.test_iter208_admin_customer_list_canonical.TestAgimkUserFindability" name="test_agimk_findable_in_customer_list" time="0.053" /><testcase classname="backend.tests.test_iter208_admin_customer_list_canonical.TestAgimkUserFindability" name="test_agimk_findable_by_exact_email" time="0.050" /><testcase classname="backend.tests.test_iter208_admin_customer_list_canonical.TestAgimkUserFindability" name="test_agimk_has_own_user_id" time="0.050" /><testcase classname="backend.tests.test_iter208_admin_customer_list_canonical.TestAgimkUserFindability" name="test_agimk_customer_detail_returns_correct_record" time="0.098" /><testcase classname="backend.tests.test_iter208_admin_customer_list_canonical.TestAgimkUserFindability" name="test_agimk_not_inheriting_admin_data" time="0.048" /><testcase classname="backend.tests.test_iter208_admin_customer_list_canonical.TestAdminCustomerDetailCanonical" name="test_admin_detail_shows_canonical_balances" time="0.096" /><testcase classname="backend.tests.test_iter208_admin_customer_list_canonical.TestLiveAnalyticsCanonical" name="test_online_users_normalizes_admin" time="0.049" /><testcase classname="backend.tests.test_iter208_admin_customer_list_canonical.TestLiveAnalyticsCanonical" name="test_last_seen_normalizes_admin" time="0.049" /></testsuite></testsuites>