<?xml version="1.0" encoding="utf-8"?><testsuites name="pytest tests"><testsuite name="pytest" errors="0" failures="0" skipped="0" tests="21" time="3.060" timestamp="2026-08-02T14:14:39.527804+00:00" hostname="agent-env-26662b5c-cbf6-4da0-a8f6-9fc904e66bf3"><testcase classname="backend.tests.test_merchant_settlements_iter315.TestMerchantBalance" name="test_merchant_balance_returns_200" time="1.000" /><testcase classname="backend.tests.test_merchant_settlements_iter315.TestMerchantBalance" name="test_merchant_balance_requires_auth" time="0.116" /><testcase classname="backend.tests.test_merchant_settlements_iter315.TestMerchantCommandCenter" name="test_command_center_returns_200" time="0.102" /><testcase classname="backend.tests.test_merchant_settlements_iter315.TestMerchantCommandCenter" name="test_command_center_top_cards_structure" time="0.068" /><testcase classname="backend.tests.test_merchant_settlements_iter315.TestMerchantCommandCenter" name="test_command_center_live_status_structure" time="0.074" /><testcase classname="backend.tests.test_merchant_settlements_iter315.TestMerchantCommandCenter" name="test_command_center_requires_auth" time="0.099" /><testcase classname="backend.tests.test_merchant_settlements_iter315.TestMerchantPayouts" name="test_payouts_list_returns_200" time="0.055" /><testcase classname="backend.tests.test_merchant_settlements_iter315.TestMerchantPayouts" name="test_payouts_instant_availability" time="0.052" /><testcase classname="backend.tests.test_merchant_settlements_iter315.TestMerchantPayouts" name="test_payouts_requires_auth" time="0.142" /><testcase classname="backend.tests.test_merchant_settlements_iter315.TestMerchantDailyClosing" name="test_daily_closing_preview_returns_200" time="0.054" /><testcase classname="backend.tests.test_merchant_settlements_iter315.TestMerchantDailyClosing" name="test_daily_closing_with_date_param" time="0.057" /><testcase classname="backend.tests.test_merchant_settlements_iter315.TestMerchantDailyClosing" name="test_daily_closing_requires_auth" time="0.099" /><testcase classname="backend.tests.test_merchant_settlements_iter315.TestMerchantSettlements" name="test_settlements_list_returns_200" time="0.065" /><testcase classname="backend.tests.test_merchant_settlements_iter315.TestMerchantSettlements" name="test_settlements_overview_returns_200" time="0.063" /><testcase classname="backend.tests.test_merchant_settlements_iter315.TestMerchantSettlements" name="test_settlements_requires_auth" time="0.105" /><testcase classname="backend.tests.test_merchant_settlements_iter315.TestAdminMerchantSettlements" name="test_admin_settlements_returns_200" time="0.369" /><testcase classname="backend.tests.test_merchant_settlements_iter315.TestAdminMerchantSettlements" name="test_admin_settlements_requires_admin" time="0.055" /><testcase classname="backend.tests.test_merchant_settlements_iter315.TestAdminMerchantSettlements" name="test_admin_settlements_requires_auth" time="0.102" /><testcase classname="backend.tests.test_merchant_settlements_iter315.TestSettlementCalculation" name="test_calculate_settlement_returns_200" time="0.060" /><testcase classname="backend.tests.test_merchant_settlements_iter315.TestSettlementCalculation" name="test_calculate_settlement_idempotency" time="0.126" /><testcase classname="backend.tests.test_merchant_settlements_iter315.TestSettlementDetail" name="test_settlement_detail_not_found" time="0.109" /></testsuite></testsuites>