<?xml version="1.0" encoding="utf-8"?><testsuites name="pytest tests"><testsuite name="pytest" errors="0" failures="0" skipped="0" tests="11" time="4.878" timestamp="2026-07-07T08:27:40.999268+00:00" hostname="agent-env-8c4f8949-ad1c-4337-961b-803039d97cb1"><testcase classname="backend.tests.test_iter200_mobility_premium_tracking.TestMobilityPremiumTracking" name="test_vip_booking_returns_premium_tracking_fields" time="0.480" /><testcase classname="backend.tests.test_iter200_mobility_premium_tracking.TestMobilityPremiumTracking" name="test_vip_tracking_has_checkpoints" time="0.391" /><testcase classname="backend.tests.test_iter200_mobility_premium_tracking.TestMobilityPremiumTracking" name="test_vip_tracking_vehicle_phase" time="0.382" /><testcase classname="backend.tests.test_iter200_mobility_premium_tracking.TestMobilityPremiumTracking" name="test_vip_tracking_progress_percentages" time="0.417" /><testcase classname="backend.tests.test_iter200_mobility_premium_tracking.TestMobilityPremiumTracking" name="test_existing_tracking_fields_still_present" time="0.389" /><testcase classname="backend.tests.test_iter200_mobility_premium_tracking.TestMobilityPremiumTracking" name="test_my_bookings_endpoint_works" time="0.369" /><testcase classname="backend.tests.test_iter200_mobility_premium_tracking.TestMobilityTrackingRegression" name="test_route_endpoint_works" time="0.849" /><testcase classname="backend.tests.test_iter200_mobility_premium_tracking.TestMobilityTrackingRegression" name="test_search_endpoint_works" time="0.373" /><testcase classname="backend.tests.test_iter200_mobility_premium_tracking.TestMobilityTrackingRegression" name="test_preferences_endpoint_works" time="0.374" /><testcase classname="backend.tests.test_iter200_mobility_premium_tracking.TestMobilityTrackingRegression" name="test_frequent_routes_endpoint_works" time="0.369" /><testcase classname="backend.tests.test_iter200_mobility_premium_tracking.TestMobilityBookingCancel" name="test_cancel_button_available_for_pending_booking" time="0.377" /></testsuite></testsuites>