<?xml version="1.0" encoding="utf-8"?><testsuites name="pytest tests"><testsuite name="pytest" errors="1" failures="2" skipped="0" tests="13" time="8.114" timestamp="2026-05-25T23:30:06.406325+00:00" hostname="agent-env-3ffed1c7-9f2d-443b-8300-da3e09627c12"><testcase classname="tests.test_iter131_restaurant_ws_live.TestAuthWSToken" name="test_ws_token_requires_auth" time="0.272" /><testcase classname="tests.test_iter131_restaurant_ws_live.TestAuthWSToken" name="test_ws_token_after_login" time="0.406" /><testcase classname="tests.test_iter131_restaurant_ws_live.TestRestaurantTablesAPI" name="test_list_tables" time="0.434" /><testcase classname="tests.test_iter131_restaurant_ws_live.TestRestaurantTablesAPI" name="test_create_table" time="0.457" /><testcase classname="tests.test_iter131_restaurant_ws_live.TestRestaurantOrdersAPI" name="test_list_orders" time="0.397" /><testcase classname="tests.test_iter131_restaurant_ws_live.TestRestaurantOrdersAPI" name="test_update_order_status" time="0.447" /><testcase classname="tests.test_iter131_restaurant_ws_live.TestRestaurantServiceCallAPI" name="test_list_service_calls" time="0.452" /><testcase classname="tests.test_iter131_restaurant_ws_live.TestRestaurantServiceCallAPI" name="test_create_service_call" time="0.455"><failure message="AssertionError: Expected 200, got 500: {&quot;detail&quot;:&quot;Druckfehler: [Errno 2] No such file or directory: '/dev/usb/lp0'&quot;}&#10;assert 500 == 200&#10; +  where 500 = &lt;Response [500]&gt;.status_code">tests/test_iter131_restaurant_ws_live.py:207: in test_create_service_call
    assert response.status_code == 200, f"Expected 200, got {response.status_code}: {response.text}"
E   AssertionError: Expected 200, got 500: {"detail":"Druckfehler: [Errno 2] No such file or directory: '/dev/usb/lp0'"}
E   assert 500 == 200
E    +  where 500 = &lt;Response [500]&gt;.status_code</failure></testcase><testcase classname="tests.test_iter131_restaurant_ws_live.TestRestaurantServiceCallAPI" name="test_update_service_call_status" time="0.529" /><testcase classname="tests.test_iter131_restaurant_ws_live.TestPrinterDiagnostics" name="test_get_diagnostics_history" time="0.397" /><testcase classname="tests.test_iter131_restaurant_ws_live.TestPrinterDiagnostics" name="test_run_diagnostics" time="3.428" /><testcase classname="tests.test_iter131_restaurant_ws_live.TestWebSocketHandshake" name="test_websocket_connection" time="0.184"><failure message="AssertionError: Login failed: {&quot;error&quot;:&quot;rate_limit_exceeded&quot;,&quot;message&quot;:&quot;Too many requests. Please slow down and try again.&quot;,&quot;retry_after&quot;:60}&#10;assert 429 == 200&#10; +  where 429 = &lt;Response [429]&gt;.status_code">tests/test_iter131_restaurant_ws_live.py:322: in test_websocket_connection
    assert login_res.status_code == 200, f"Login failed: {login_res.text}"
E   AssertionError: Login failed: {"error":"rate_limit_exceeded","message":"Too many requests. Please slow down and try again.","retry_after":60}
E   assert 429 == 200
E    +  where 429 = &lt;Response [429]&gt;.status_code</failure></testcase><testcase classname="tests.test_iter131_restaurant_ws_live.TestHardwareConfig" name="test_get_hardware_config" time="0.119"><error message="failed on setup with &quot;AssertionError: Login failed: {&quot;error&quot;:&quot;rate_limit_exceeded&quot;,&quot;message&quot;:&quot;Too many requests. Please slow down and try again.&quot;,&quot;retry_after&quot;:60}&#10;assert 429 == 200&#10; +  where 429 = &lt;Response [429]&gt;.status_code&quot;">tests/test_iter131_restaurant_ws_live.py:368: in setup
    assert login_res.status_code == 200, f"Login failed: {login_res.text}"
E   AssertionError: Login failed: {"error":"rate_limit_exceeded","message":"Too many requests. Please slow down and try again.","retry_after":60}
E   assert 429 == 200
E    +  where 429 = &lt;Response [429]&gt;.status_code</error></testcase></testsuite></testsuites>