<?xml version="1.0" encoding="utf-8"?><testsuites name="pytest tests"><testsuite name="pytest" errors="0" failures="0" skipped="0" tests="13" time="10.156" timestamp="2026-07-07T08:17:16.264712+00:00" hostname="agent-env-8c4f8949-ad1c-4337-961b-803039d97cb1"><testcase classname="backend.tests.test_iter199_move_roi_v2.TestMoveROIv2Backend" name="test_admin_move_stats_returns_200" time="0.597" /><testcase classname="backend.tests.test_iter199_move_roi_v2.TestMoveROIv2Backend" name="test_admin_move_stats_has_roi_object" time="0.053" /><testcase classname="backend.tests.test_iter199_move_roi_v2.TestMoveROIv2Backend" name="test_admin_move_stats_has_commerce_roi_object" time="0.052" /><testcase classname="backend.tests.test_iter199_move_roi_v2.TestMoveROIv2Backend" name="test_commerce_roi_summary_fields" time="0.052" /><testcase classname="backend.tests.test_iter199_move_roi_v2.TestMoveROIv2Backend" name="test_commerce_roi_channels_structure" time="0.052" /><testcase classname="backend.tests.test_iter199_move_roi_v2.TestMoveROIv2Backend" name="test_commerce_roi_attribution_windows_structure" time="0.052" /><testcase classname="backend.tests.test_iter199_move_roi_v2.TestMoveROIv2Backend" name="test_trend_14d_has_attributed_conversion_fields" time="0.053" /><testcase classname="backend.tests.test_iter199_move_roi_v2.TestMoveROIv2Backend" name="test_api_stable_with_zero_conversions" time="0.056" /><testcase classname="backend.tests.test_iter199_move_roi_v2.TestMoveROIv2Backend" name="test_summary_has_roi_v2_fields" time="0.053" /><testcase classname="backend.tests.test_iter199_move_roi_v2.TestMoveStatusEndpoint" name="test_move_status_returns_200" time="4.304" /><testcase classname="backend.tests.test_iter199_move_roi_v2.TestMoveStatusEndpoint" name="test_move_status_has_required_fields" time="4.610" /><testcase classname="backend.tests.test_iter199_move_roi_v2.TestMoveAdminSettings" name="test_admin_move_settings_returns_200" time="0.048" /><testcase classname="backend.tests.test_iter199_move_roi_v2.TestMoveAdminSettings" name="test_admin_move_settings_has_required_fields" time="0.049" /></testsuite></testsuites>