<?xml version="1.0" encoding="utf-8"?><testsuites name="pytest tests"><testsuite name="pytest" errors="0" failures="0" skipped="0" tests="13" time="3.385" timestamp="2026-05-01T18:52:45.335111+00:00" hostname="agent-env-e411b08f-2d54-4ed0-b7f7-d64dbe1b6fb1"><testcase classname="backend.tests.test_pay_sdk.TestAdminKeys" name="test_create_keys_format" time="0.477" /><testcase classname="backend.tests.test_pay_sdk.TestAdminKeys" name="test_list_keys_hides_secret" time="0.051" /><testcase classname="backend.tests.test_pay_sdk.TestAdminKeys" name="test_create_keys_requires_admin" time="0.675" /><testcase classname="backend.tests.test_pay_sdk.TestSession" name="test_create_session_ok" time="0.137" /><testcase classname="backend.tests.test_pay_sdk.TestSession" name="test_create_session_invalid_key" time="0.149" /><testcase classname="backend.tests.test_pay_sdk.TestSession" name="test_create_session_amount_zero" time="0.136" /><testcase classname="backend.tests.test_pay_sdk.TestSession" name="test_get_session_hides_public_key" time="0.110" /><testcase classname="backend.tests.test_pay_sdk.TestSession" name="test_confirm_requires_auth" time="0.149" /><testcase classname="backend.tests.test_pay_sdk.TestPaymentFlow" name="test_confirm_payment_full_flow" time="0.533" /><testcase classname="backend.tests.test_pay_sdk.TestPaymentFlow" name="test_cancel_session" time="0.304" /><testcase classname="backend.tests.test_pay_sdk.TestAdminRevoke" name="test_revoke_key_blocks_new_sessions" time="0.381" /><testcase classname="backend.tests.test_pay_sdk.TestMerchantOwn" name="test_my_sessions_summary" time="0.051" /><testcase classname="backend.tests.test_pay_sdk.TestPayJs" name="test_pay_js_served" time="0.139" /></testsuite></testsuites>