<?xml version="1.0" encoding="utf-8"?><testsuites name="pytest tests"><testsuite name="pytest" errors="0" failures="0" skipped="0" tests="14" time="8.772" timestamp="2026-07-29T06:52:51.564391+00:00" hostname="agent-env-26662b5c-cbf6-4da0-a8f6-9fc904e66bf3"><testcase classname="backend.tests.test_charge_app_v2.TestChargeAppV2" name="test_01_dashboard_loads" time="0.535" /><testcase classname="backend.tests.test_charge_app_v2.TestChargeAppV2" name="test_02_register_warranty_for_upload_test" time="0.450" /><testcase classname="backend.tests.test_charge_app_v2.TestChargeAppV2" name="test_03_upload_warranty_attachment_pdf" time="1.036" /><testcase classname="backend.tests.test_charge_app_v2.TestChargeAppV2" name="test_04_upload_warranty_attachment_image" time="0.907" /><testcase classname="backend.tests.test_charge_app_v2.TestChargeAppV2" name="test_05_download_warranty_attachment" time="0.781" /><testcase classname="backend.tests.test_charge_app_v2.TestChargeAppV2" name="test_06_save_invoice_for_upload_test" time="0.425" /><testcase classname="backend.tests.test_charge_app_v2.TestChargeAppV2" name="test_07_upload_invoice_attachment" time="1.049" /><testcase classname="backend.tests.test_charge_app_v2.TestChargeAppV2" name="test_08_download_invoice_attachment" time="0.622" /><testcase classname="backend.tests.test_charge_app_v2.TestChargeAppV2" name="test_09_get_warranty_pass" time="0.437" /><testcase classname="backend.tests.test_charge_app_v2.TestChargeAppV2" name="test_10_download_warranty_pass" time="0.463" /><testcase classname="backend.tests.test_charge_app_v2.TestChargeAppV2" name="test_11_warranty_pass_head_request" time="0.437" /><testcase classname="backend.tests.test_charge_app_v2.TestChargeAppV2" name="test_12_get_merchant_detail" time="0.543" /><testcase classname="backend.tests.test_charge_app_v2.TestChargeAppV2" name="test_13_upload_invalid_file_type_rejected" time="0.491" /><testcase classname="backend.tests.test_charge_app_v2.TestChargeAppV2" name="test_14_dashboard_shows_attachments" time="0.485" /></testsuite></testsuites>