<?xml version="1.0" encoding="utf-8"?><testsuites name="pytest tests"><testsuite name="pytest" errors="0" failures="0" skipped="0" tests="7" time="1.473" timestamp="2026-05-15T17:36:41.680883+00:00" hostname="agent-env-43f83302-198c-4cf9-be60-0d3831b528f7"><testcase classname="backend.tests.test_iter113_multi_signal.TestGeofencePatch" name="test_patch_geofence_wifi_bluetooth" time="0.748" /><testcase classname="backend.tests.test_iter113_multi_signal.TestGeofencePatch" name="test_geofence_persisted" time="0.074" /><testcase classname="backend.tests.test_iter113_multi_signal.TestCheckPresenceMultiSignal" name="test_wifi_match_far_gps" time="0.196" /><testcase classname="backend.tests.test_iter113_multi_signal.TestCheckPresenceMultiSignal" name="test_bluetooth_match_far_gps" time="0.089" /><testcase classname="backend.tests.test_iter113_multi_signal.TestCheckPresenceMultiSignal" name="test_combined_gps_inside_plus_wifi" time="0.101" /><testcase classname="backend.tests.test_iter113_multi_signal.TestCheckPresenceMultiSignal" name="test_wifi_mismatch_far_gps" time="0.091" /><testcase classname="backend.tests.test_iter113_multi_signal.TestCheckPresenceMultiSignal" name="test_wifi_mismatch_gps_inside" time="0.090" /></testsuite></testsuites>