<?xml version="1.0" encoding="utf-8"?><testsuites name="pytest tests"><testsuite name="pytest" errors="0" failures="1" skipped="0" tests="7" time="2.296" timestamp="2026-07-01T18:03:26.602884+00:00" hostname="agent-env-4e4ad77f-aa60-4921-a668-59574991d2cb"><testcase classname="backend.tests.test_admin_customer_intelligence" name="test_admin_login_sets_httponly_cookie" time="0.360" /><testcase classname="backend.tests.test_admin_customer_intelligence" name="test_customer_intelligence_overview_rejects_unauthenticated" time="0.109" /><testcase classname="backend.tests.test_admin_customer_intelligence" name="test_customer_intelligence_overview_rejects_non_admin" time="0.414" /><testcase classname="backend.tests.test_admin_customer_intelligence" name="test_customer_intelligence_overview_contract_and_no_objectid" time="0.406" /><testcase classname="backend.tests.test_admin_customer_intelligence" name="test_customer_intelligence_customer_contract_and_no_objectid" time="0.488" /><testcase classname="backend.tests.test_admin_customer_intelligence" name="test_auth_preflight_has_credentials_and_explicit_origin" time="0.071"><failure message="AssertionError: assert '' == 'true'&#10;  &#10;  - true">backend/tests/test_admin_customer_intelligence.py:201: in test_auth_preflight_has_credentials_and_explicit_origin
    assert allow_credentials.lower() == "true"
E   AssertionError: assert '' == 'true'
E     
E     - true</failure></testcase><testcase classname="backend.tests.test_admin_customer_intelligence" name="test_auth_bruteforce_lockout_after_five_failures" time="0.341" /></testsuite></testsuites>