<?xml version="1.0" encoding="utf-8"?><testsuites name="pytest tests"><testsuite name="pytest" errors="0" failures="0" skipped="0" tests="3" time="0.981" timestamp="2026-07-02T05:42:46.831820+00:00" hostname="agent-env-4e4ad77f-aa60-4921-a668-59574991d2cb"><testcase classname="backend.tests.test_iter178_admin_ci_vip_rule" name="test_create_rule_vip_contract_and_list" time="0.619" /><testcase classname="backend.tests.test_iter178_admin_ci_vip_rule" name="test_run_rule_dry_run_match_and_daily_cap" time="0.055" /><testcase classname="backend.tests.test_iter178_admin_ci_vip_rule" name="test_run_rule_live_persists_actions_and_cooldown_skip" time="0.195" /></testsuite></testsuites>