<?xml version="1.0" encoding="utf-8"?><testsuites name="pytest tests"><testsuite name="pytest" errors="0" failures="0" skipped="0" tests="14" time="1.707" timestamp="2026-07-12T07:47:42.490317+00:00" hostname="agent-env-2794b739-c3d3-4798-8c94-d2100a8574f8"><testcase classname="backend.tests.test_iter246_child_to_user_preview.TestChildToUserPreviewEndpoint" name="test_preview_anuar_with_new_email_returns_restore_ready" time="0.523" /><testcase classname="backend.tests.test_iter246_child_to_user_preview.TestChildToUserPreviewEndpoint" name="test_preview_emma_with_new_email_returns_restore_ready" time="0.054" /><testcase classname="backend.tests.test_iter246_child_to_user_preview.TestChildToUserPreviewEndpoint" name="test_preview_albin_with_existing_alias_blocked" time="0.052" /><testcase classname="backend.tests.test_iter246_child_to_user_preview.TestChildToUserPreviewEndpoint" name="test_preview_albin_with_secondary_alias_blocked" time="0.095" /><testcase classname="backend.tests.test_iter246_child_to_user_preview.TestChildToUserPreviewEndpoint" name="test_preview_without_email_returns_missing_fields" time="0.042" /><testcase classname="backend.tests.test_iter246_child_to_user_preview.TestChildToUserPreviewEndpoint" name="test_preview_nonexistent_candidate_returns_404" time="0.092" /><testcase classname="backend.tests.test_iter246_child_to_user_preview.TestChildToUserPreviewEndpoint" name="test_preview_requires_admin_auth" time="0.104" /><testcase classname="backend.tests.test_iter246_child_to_user_preview.TestReviewEnrichmentIntegration" name="test_review_enrichment_returns_enriched_candidates" time="0.060" /><testcase classname="backend.tests.test_iter246_child_to_user_preview.TestReviewEnrichmentIntegration" name="test_overview_returns_possible_real_customer_candidates" time="0.056" /><testcase classname="backend.tests.test_iter246_child_to_user_preview.TestLegacyRestoreNoRegression" name="test_overview_endpoint_works" time="0.053" /><testcase classname="backend.tests.test_iter246_child_to_user_preview.TestLegacyRestoreNoRegression" name="test_view_filters_work" time="0.222" /><testcase classname="backend.tests.test_iter246_child_to_user_preview.TestLegacyRestoreNoRegression" name="test_candidate_detail_endpoint_works" time="0.115" /><testcase classname="backend.tests.test_iter246_child_to_user_preview.TestLegacyRestoreNoRegression" name="test_bulk_preview_endpoint_works" time="0.086" /><testcase classname="backend.tests.test_iter246_child_to_user_preview.TestLegacyRestoreNoRegression" name="test_history_endpoint_works" time="0.050" /></testsuite></testsuites>