<?xml version="1.0" encoding="utf-8"?><testsuites name="pytest tests"><testsuite name="pytest" errors="0" failures="0" skipped="0" tests="14" time="4.168" timestamp="2026-05-02T11:47:27.143056+00:00" hostname="agent-env-b935cda7-78f0-4fd9-bbef-b470b7cca576"><testcase classname="tests.test_stripe_issuing_gated_iter41.TestStripeIssuingGated" name="test_get_cards_gated_authed" time="2.991" /><testcase classname="tests.test_stripe_issuing_gated_iter41.TestStripeIssuingGated" name="test_get_cards_gated_unauth" time="0.111" /><testcase classname="tests.test_stripe_issuing_gated_iter41.TestStripeIssuingGated" name="test_get_cardholders_me_gated_authed" time="0.050" /><testcase classname="tests.test_stripe_issuing_gated_iter41.TestStripeIssuingGated" name="test_get_cardholders_me_gated_unauth" time="0.152" /><testcase classname="tests.test_stripe_issuing_gated_iter41.TestStripeIssuingGated" name="test_post_cardholders_gated" time="0.048" /><testcase classname="tests.test_stripe_issuing_gated_iter41.TestStripeIssuingGated" name="test_post_cards_gated" time="0.047" /><testcase classname="tests.test_stripe_issuing_gated_iter41.TestStripeIssuingGated" name="test_post_card_ephemeral_key_gated" time="0.049" /><testcase classname="tests.test_stripe_issuing_gated_iter41.TestStripeIssuingGated" name="test_post_card_status_gated" time="0.051" /><testcase classname="tests.test_stripe_issuing_gated_iter41.TestStripeIssuingGated" name="test_webhook_without_signature" time="0.122" /><testcase classname="tests.test_stripe_issuing_gated_iter41.TestBackwardsCompat" name="test_auctions_active" time="0.119" /><testcase classname="tests.test_stripe_issuing_gated_iter41.TestBackwardsCompat" name="test_admin_stats_with_cookie" time="0.057" /><testcase classname="tests.test_stripe_issuing_gated_iter41.TestBackwardsCompat" name="test_pay_admin_applications_unauth" time="0.134" /><testcase classname="tests.test_stripe_issuing_gated_iter41.TestBackwardsCompat" name="test_pay_admin_applications_authed" time="0.049" /><testcase classname="tests.test_stripe_issuing_gated_iter41.TestBackwardsCompat" name="test_pay_merchant_apply" time="0.109" /></testsuite></testsuites>