<?xml version="1.0" encoding="utf-8"?><testsuites name="pytest tests"><testsuite name="pytest" errors="0" failures="0" skipped="0" tests="6" time="3.969" timestamp="2026-07-03T21:24:53.910310+00:00" hostname="agent-env-4e4ad77f-aa60-4921-a668-59574991d2cb"><testcase classname="backend.tests.test_iter181_admin_alias_login_email" name="test_login_response_contains_correct_login_email[admin@bidblitz.ae-admin@bidblitz.ae]" time="1.991" /><testcase classname="backend.tests.test_iter181_admin_alias_login_email" name="test_login_response_contains_correct_login_email[admin@bid-blitz.ae-admin@bidblitz.ae]" time="0.328" /><testcase classname="backend.tests.test_iter181_admin_alias_login_email" name="test_login_response_contains_correct_login_email[admin@bidblitz.com-admin@bidblitz.com]" time="0.344" /><testcase classname="backend.tests.test_iter181_admin_alias_login_email" name="test_alias_login_email_persists_through_me_and_refresh" time="0.510" /><testcase classname="backend.tests.test_iter181_admin_alias_login_email" name="test_non_admin_kyc_behavior_unchanged[agimk@me.com-Aldink56600]" time="0.333" /><testcase classname="backend.tests.test_iter181_admin_alias_login_email" name="test_non_admin_kyc_behavior_unchanged[haendler@bidblitz.com-Haendler2026!]" time="0.348" /></testsuite></testsuites>