<?xml version="1.0" encoding="utf-8"?><testsuites name="pytest tests"><testsuite name="pytest" errors="0" failures="3" skipped="3" tests="20" time="5.516" timestamp="2026-07-10T11:41:39.876132+00:00" hostname="agent-env-8c4f8949-ad1c-4337-961b-803039d97cb1"><testcase classname="backend.tests.test_dating_video_profile.TestVideoProfileUpload" name="test_upload_video_profile_success" time="0.526"><failure message="AssertionError: Upload failed: {&quot;detail&quot;:[{&quot;type&quot;:&quot;missing&quot;,&quot;loc&quot;:[&quot;body&quot;,&quot;file&quot;],&quot;msg&quot;:&quot;Field required&quot;,&quot;input&quot;:null,&quot;url&quot;:&quot;https://errors.pydantic.dev/2.12/v/missing&quot;},{&quot;type&quot;:&quot;missing&quot;,&quot;loc&quot;:[&quot;body&quot;,&quot;duration_seconds&quot;],&quot;msg&quot;:&quot;Field required&quot;,&quot;input&quot;:null,&quot;url&quot;:&quot;https://errors.pydantic.dev/2.12/v/missing&quot;}]}&#10;assert 422 == 200&#10; +  where 422 = &lt;Response [422]&gt;.status_code">backend/tests/test_dating_video_profile.py:57: in test_upload_video_profile_success
    assert response.status_code == 200, f"Upload failed: {response.text}"
E   AssertionError: Upload failed: {"detail":[{"type":"missing","loc":["body","file"],"msg":"Field required","input":null,"url":"https://errors.pydantic.dev/2.12/v/missing"},{"type":"missing","loc":["body","duration_seconds"],"msg":"Field required","input":null,"url":"https://errors.pydantic.dev/2.12/v/missing"}]}
E   assert 422 == 200
E    +  where 422 = &lt;Response [422]&gt;.status_code</failure></testcase><testcase classname="backend.tests.test_dating_video_profile.TestVideoProfileUpload" name="test_upload_video_profile_invalid_format" time="0.054"><failure message="assert 422 == 400&#10; +  where 422 = &lt;Response [422]&gt;.status_code">backend/tests/test_dating_video_profile.py:86: in test_upload_video_profile_invalid_format
    assert response.status_code == 400
E   assert 422 == 400
E    +  where 422 = &lt;Response [422]&gt;.status_code</failure></testcase><testcase classname="backend.tests.test_dating_video_profile.TestVideoProfileUpload" name="test_upload_video_profile_invalid_duration" time="0.051"><failure message="assert 422 == 400&#10; +  where 422 = &lt;Response [422]&gt;.status_code">backend/tests/test_dating_video_profile.py:107: in test_upload_video_profile_invalid_duration
    assert response.status_code == 400
E   assert 422 == 400
E    +  where 422 = &lt;Response [422]&gt;.status_code</failure></testcase><testcase classname="backend.tests.test_dating_video_profile.TestVideoProfileStream" name="test_stream_video_profile_success" time="0.052"><skipped type="pytest.skip" message="Upload failed, cannot test stream">/app/backend/tests/test_dating_video_profile.py:134: Upload failed, cannot test stream</skipped></testcase><testcase classname="backend.tests.test_dating_video_profile.TestVideoProfileStream" name="test_stream_video_profile_not_found" time="0.054" /><testcase classname="backend.tests.test_dating_video_profile.TestVideoProfileDelete" name="test_delete_video_profile_success" time="0.051"><skipped type="pytest.skip" message="Upload failed, cannot test delete">/app/backend/tests/test_dating_video_profile.py:175: Upload failed, cannot test delete</skipped></testcase><testcase classname="backend.tests.test_dating_video_profile.TestVideoProfileMetadataPropagation" name="test_profile_me_returns_video_profile_with_stream_url" time="0.055"><skipped type="pytest.skip" message="Upload failed">/app/backend/tests/test_dating_video_profile.py:215: Upload failed</skipped></testcase><testcase classname="backend.tests.test_dating_video_profile.TestVideoProfileMetadataPropagation" name="test_discover_returns_video_profile_metadata" time="0.058" /><testcase classname="backend.tests.test_dating_video_profile.TestVideoProfileMetadataPropagation" name="test_matches_returns_video_profile_metadata" time="0.055" /><testcase classname="backend.tests.test_dating_video_profile.TestVideoProfileMetadataPropagation" name="test_likes_you_returns_video_profile_metadata" time="0.056" /><testcase classname="backend.tests.test_dating_video_profile.TestDatingRegressionAfterVideoProfile" name="test_discover_endpoint_works" time="0.054" /><testcase classname="backend.tests.test_dating_video_profile.TestDatingRegressionAfterVideoProfile" name="test_matches_endpoint_works" time="0.052" /><testcase classname="backend.tests.test_dating_video_profile.TestDatingRegressionAfterVideoProfile" name="test_likes_you_endpoint_works" time="0.056" /><testcase classname="backend.tests.test_dating_video_profile.TestDatingRegressionAfterVideoProfile" name="test_nearby_endpoint_works" time="0.058" /><testcase classname="backend.tests.test_dating_video_profile.TestDatingRegressionAfterVideoProfile" name="test_crossed_paths_endpoint_works" time="0.054" /><testcase classname="backend.tests.test_dating_video_profile.TestDatingRegressionAfterVideoProfile" name="test_swipes_left_endpoint_works" time="0.052" /><testcase classname="backend.tests.test_dating_video_profile.TestDatingRegressionAfterVideoProfile" name="test_voice_intro_endpoint_works" time="0.057" /><testcase classname="backend.tests.test_dating_video_profile.TestDatingRegressionAfterVideoProfile" name="test_boost_state_in_profile" time="0.056" /><testcase classname="backend.tests.test_dating_video_profile.TestDatingRegressionAfterVideoProfile" name="test_ai_bio_endpoint_works" time="3.826" /><testcase classname="backend.tests.test_dating_video_profile.TestDatingRegressionAfterVideoProfile" name="test_profile_update_works" time="0.104" /></testsuite></testsuites>