<?xml version="1.0" encoding="utf-8"?><testsuites name="pytest tests"><testsuite name="pytest" errors="0" failures="1" skipped="0" tests="19" time="2.809" timestamp="2026-08-01T06:53:22.264637+00:00" hostname="agent-env-26662b5c-cbf6-4da0-a8f6-9fc904e66bf3"><testcase classname="tests.test_bidblitz_pay.TestBidBlitzPayConfig" name="test_config_returns_mock_mode" time="0.230" /><testcase classname="tests.test_bidblitz_pay.TestBidBlitzPayPaymentCreation" name="test_create_sandbox_payment" time="0.050" /><testcase classname="tests.test_bidblitz_pay.TestBidBlitzPayPaymentCreation" name="test_idempotency_reuses_payment" time="0.088" /><testcase classname="tests.test_bidblitz_pay.TestBidBlitzPayGetPayment" name="test_get_payment_by_id" time="0.132" /><testcase classname="tests.test_bidblitz_pay.TestBidBlitzPayGetPayment" name="test_get_nonexistent_payment_returns_404" time="0.048" /><testcase classname="tests.test_bidblitz_pay.TestBidBlitzPayMockConfirm" name="test_mock_confirm_requires_auth" time="0.150" /><testcase classname="tests.test_bidblitz_pay.TestBidBlitzPayMockConfirm" name="test_mock_confirm_changes_status_to_paid" time="0.373" /><testcase classname="tests.test_bidblitz_pay.TestBidBlitzPayCancel" name="test_cancel_pending_payment" time="0.133" /><testcase classname="tests.test_bidblitz_pay.TestBidBlitzPayCancel" name="test_cannot_cancel_already_cancelled" time="0.216" /><testcase classname="tests.test_bidblitz_pay.TestBidBlitzPayRefund" name="test_refund_paid_payment" time="0.182" /><testcase classname="tests.test_bidblitz_pay.TestBidBlitzPayRefund" name="test_partial_refund" time="0.143" /><testcase classname="tests.test_bidblitz_pay.TestBidBlitzPayRefund" name="test_cannot_refund_pending_payment" time="0.093" /><testcase classname="tests.test_bidblitz_pay.TestBidBlitzPayWebhook" name="test_webhook_with_valid_signature" time="0.100" /><testcase classname="tests.test_bidblitz_pay.TestBidBlitzPayWebhook" name="test_webhook_rejects_invalid_signature" time="0.045" /><testcase classname="tests.test_bidblitz_pay.TestBidBlitzPayAuditLogs" name="test_audit_logs_requires_admin_or_merchant" time="0.109" /><testcase classname="tests.test_bidblitz_pay.TestBidBlitzPayAuditLogs" name="test_admin_can_access_audit_logs" time="0.387" /><testcase classname="tests.test_bidblitz_pay.TestBidBlitzPayAuditLogs" name="test_audit_logs_filter_by_payment_id" time="0.107" /><testcase classname="tests.test_bidblitz_pay.TestLegacyPayRoutes" name="test_pay_docs_page_accessible" time="0.049"><failure message="assert 404 == 200&#10; +  where 404 = &lt;Response [404]&gt;.status_code">tests/test_bidblitz_pay.py:468: in test_pay_docs_page_accessible
    assert resp.status_code == 200
E   assert 404 == 200
E    +  where 404 = &lt;Response [404]&gt;.status_code</failure></testcase><testcase classname="tests.test_bidblitz_pay.TestLegacyPayRoutes" name="test_pay_session_endpoint_exists" time="0.049" /></testsuite></testsuites>