<?xml version="1.0" encoding="utf-8"?><testsuites name="pytest tests"><testsuite name="pytest" errors="0" failures="0" skipped="0" tests="29" time="6.600" timestamp="2026-04-30T21:08:44.824809+00:00" hostname="agent-env-e411b08f-2d54-4ed0-b7f7-d64dbe1b6fb1"><testcase classname="tests.test_iter33_new_features.TestRoundup" name="test_preview_basic" time="0.250" /><testcase classname="tests.test_iter33_new_features.TestRoundup" name="test_preview_round_amount" time="0.145" /><testcase classname="tests.test_iter33_new_features.TestRoundup" name="test_preview_multiplier_round5" time="0.118" /><testcase classname="tests.test_iter33_new_features.TestRoundup" name="test_config_default" time="0.515" /><testcase classname="tests.test_iter33_new_features.TestRoundup" name="test_config_set_and_get" time="0.260" /><testcase classname="tests.test_iter33_new_features.TestRoundup" name="test_process_tx_idempotent" time="0.517" /><testcase classname="tests.test_iter33_new_features.TestRoundup" name="test_history" time="0.121" /><testcase classname="tests.test_iter33_new_features.TestGroupchat" name="test_create_unauthed" time="0.126" /><testcase classname="tests.test_iter33_new_features.TestGroupchat" name="test_create_group" time="0.138" /><testcase classname="tests.test_iter33_new_features.TestGroupchat" name="test_list_returns_groups" time="0.128" /><testcase classname="tests.test_iter33_new_features.TestGroupchat" name="test_get_group_as_member" time="0.113" /><testcase classname="tests.test_iter33_new_features.TestGroupchat" name="test_get_group_non_member_404" time="0.531" /><testcase classname="tests.test_iter33_new_features.TestGroupchat" name="test_post_message_and_list" time="0.260" /><testcase classname="tests.test_iter33_new_features.TestGroupchat" name="test_mark_read" time="0.171" /><testcase classname="tests.test_iter33_new_features.TestGroupchat" name="test_invite" time="0.145" /><testcase classname="tests.test_iter33_new_features.TestGroupchat" name="test_leave" time="0.238" /><testcase classname="tests.test_iter33_new_features.TestApartments" name="test_create_apartment" time="0.514" /><testcase classname="tests.test_iter33_new_features.TestApartments" name="test_search_by_city" time="0.115" /><testcase classname="tests.test_iter33_new_features.TestApartments" name="test_get_detail" time="0.137" /><testcase classname="tests.test_iter33_new_features.TestApartments" name="test_get_nonexistent_404" time="0.155" /><testcase classname="tests.test_iter33_new_features.TestApartments" name="test_book_invalid_dates" time="0.119" /><testcase classname="tests.test_iter33_new_features.TestApartments" name="test_book_too_many_guests" time="0.105" /><testcase classname="tests.test_iter33_new_features.TestApartments" name="test_book_success" time="0.143" /><testcase classname="tests.test_iter33_new_features.TestApartments" name="test_book_insufficient_wallet" time="0.739" /><testcase classname="tests.test_iter33_new_features.TestApartments" name="test_my_bookings" time="0.143" /><testcase classname="tests.test_iter33_new_features.TestApartments" name="test_my_hosting" time="0.116" /><testcase classname="tests.test_iter33_new_features.TestRegression" name="test_auctions_list" time="0.166" /><testcase classname="tests.test_iter33_new_features.TestRegression" name="test_food_restaurants" time="0.130" /><testcase classname="tests.test_iter33_new_features.TestRegression" name="test_live_active" time="0.140" /></testsuite></testsuites>