<?xml version="1.0" encoding="utf-8"?><testsuites name="pytest tests"><testsuite name="pytest" errors="0" failures="0" skipped="0" tests="4" time="2.831" timestamp="2026-07-06T06:32:08.264770+00:00" hostname="agent-env-4e4ad77f-aa60-4921-a668-59574991d2cb"><testcase classname="backend.tests.test_iter184_taxi_personalized_kosovo" name="test_estimate_prishtina_region_profile" time="2.110" /><testcase classname="backend.tests.test_iter184_taxi_personalized_kosovo" name="test_estimate_prizren_region_profile" time="0.118" /><testcase classname="backend.tests.test_iter184_taxi_personalized_kosovo" name="test_estimate_peja_region_profile" time="0.099" /><testcase classname="backend.tests.test_iter184_taxi_personalized_kosovo" name="test_operator_status_returns_operator_contract" time="0.424" /></testsuite></testsuites>