<?xml version="1.0" encoding="utf-8"?><testsuites name="pytest tests"><testsuite name="pytest" errors="0" failures="0" skipped="0" tests="19" time="6.580" timestamp="2026-06-25T09:49:23.461794+00:00" hostname="agent-env-dca90259-c859-447a-9f21-a21fe30c48f9"><testcase classname="backend.tests.test_iter149_frequent_routes_xp_claims.TestMobilityFrequentRoutes" name="test_get_frequent_routes_endpoint" time="0.843" /><testcase classname="backend.tests.test_iter149_frequent_routes_xp_claims.TestMobilityFrequentRoutes" name="test_save_frequent_route" time="0.052" /><testcase classname="backend.tests.test_iter149_frequent_routes_xp_claims.TestMobilityFrequentRoutes" name="test_frequent_route_appears_in_list" time="0.100" /><testcase classname="backend.tests.test_iter149_frequent_routes_xp_claims.TestBestRouteBook" name="test_best_route_book_requires_route_id" time="0.045" /><testcase classname="backend.tests.test_iter149_frequent_routes_xp_claims.TestBestRouteBook" name="test_best_route_book_with_saved_route" time="4.734" /><testcase classname="backend.tests.test_iter149_frequent_routes_xp_claims.TestBestRouteBook" name="test_best_route_book_invalid_route_id" time="0.050" /><testcase classname="backend.tests.test_iter149_frequent_routes_xp_claims.TestGameCenterXPClaims" name="test_game_center_overview_has_milestones" time="0.052" /><testcase classname="backend.tests.test_iter149_frequent_routes_xp_claims.TestGameCenterXPClaims" name="test_season_claim_endpoint_exists" time="0.053" /><testcase classname="backend.tests.test_iter149_frequent_routes_xp_claims.TestGameCenterXPClaims" name="test_season_claim_invalid_milestone" time="0.052" /><testcase classname="backend.tests.test_iter149_frequent_routes_xp_claims.TestVIPPerkActivations" name="test_game_center_overview_has_vip_perks" time="0.052" /><testcase classname="backend.tests.test_iter149_frequent_routes_xp_claims.TestVIPPerkActivations" name="test_vip_claim_endpoint_exists" time="0.052" /><testcase classname="backend.tests.test_iter149_frequent_routes_xp_claims.TestVIPPerkActivations" name="test_vip_claim_invalid_perk" time="0.052" /><testcase classname="backend.tests.test_iter149_frequent_routes_xp_claims.TestVIPPerkActivations" name="test_subscription_plans_endpoint" time="0.046" /><testcase classname="backend.tests.test_iter149_frequent_routes_xp_claims.TestVIPPerkActivations" name="test_subscription_my_endpoint" time="0.048" /><testcase classname="backend.tests.test_iter149_frequent_routes_xp_claims.TestStaffManagementNoRegression" name="test_staff_subscription_status_endpoint" time="0.050" /><testcase classname="backend.tests.test_iter149_frequent_routes_xp_claims.TestStaffManagementNoRegression" name="test_staff_members_endpoint" time="0.047" /><testcase classname="backend.tests.test_iter149_frequent_routes_xp_claims.TestStaffManagementNoRegression" name="test_admin_overview_endpoint" time="0.052" /><testcase classname="backend.tests.test_iter149_frequent_routes_xp_claims.TestStaffManagementNoRegression" name="test_admin_users_endpoint" time="0.049" /><testcase classname="backend.tests.test_iter149_frequent_routes_xp_claims.TestMobilityCenterDataTestIds" name="test_frequent_routes_have_route_id" time="0.049" /></testsuite></testsuites>