<?xml version="1.0" encoding="utf-8"?><testsuites name="pytest tests"><testsuite name="pytest" errors="0" failures="0" skipped="0" tests="9" time="4.249" timestamp="2026-07-07T18:42:32.815445+00:00" hostname="agent-env-8c4f8949-ad1c-4337-961b-803039d97cb1"><testcase classname="tests.test_iter212_kyc_normalization.TestKYCStatusNormalization" name="test_admin_customers_no_legacy_verified_status" time="0.478" /><testcase classname="tests.test_iter212_kyc_normalization.TestKYCStatusNormalization" name="test_admin_customers_no_legacy_failed_status" time="0.411" /><testcase classname="tests.test_iter212_kyc_normalization.TestKYCStatusNormalization" name="test_admin_customers_no_legacy_error_status" time="0.409" /><testcase classname="tests.test_iter212_kyc_normalization.TestKYCStatusNormalization" name="test_admin_customers_valid_kyc_statuses_only" time="0.451" /><testcase classname="tests.test_iter212_kyc_normalization.TestKYCStatusNormalization" name="test_admin_customer_detail_no_legacy_status" time="0.444" /><testcase classname="tests.test_iter212_kyc_normalization.TestKYCStatusNormalization" name="test_rejected_customer_has_rejection_reason" time="0.389" /><testcase classname="tests.test_iter212_kyc_normalization.TestKYCStatusEndpoint" name="test_kyc_status_returns_normalized_status" time="0.725" /><testcase classname="tests.test_iter212_kyc_normalization.TestKYCStatusEndpoint" name="test_kyc_status_valid_statuses_only" time="0.415" /><testcase classname="tests.test_iter212_kyc_normalization.TestKYCStatusDistribution" name="test_kyc_status_distribution" time="0.435" /></testsuite></testsuites>