<?xml version="1.0" encoding="utf-8"?><testsuites name="pytest tests"><testsuite name="pytest" errors="0" failures="0" skipped="0" tests="11" time="2.134" timestamp="2026-05-17T18:00:58.411467+00:00" hostname="agent-env-3ffed1c7-9f2d-443b-8300-da3e09627c12"><testcase classname="backend.tests.test_iter125_taxi_zones_p1.TestBackendStartup" name="test_health_check" time="0.329" /><testcase classname="backend.tests.test_iter125_taxi_zones_p1.TestBackendStartup" name="test_no_dead_router_imports" time="0.112" /><testcase classname="backend.tests.test_iter125_taxi_zones_p1.TestTaxiTariffZonesAPI" name="test_public_get_tariff_zones" time="0.151" /><testcase classname="backend.tests.test_iter125_taxi_zones_p1.TestTaxiTariffZonesAPI" name="test_admin_create_zone" time="0.387" /><testcase classname="backend.tests.test_iter125_taxi_zones_p1.TestTaxiTariffZonesAPI" name="test_zone_appears_in_list" time="0.151" /><testcase classname="backend.tests.test_iter125_taxi_zones_p1.TestTaxiTariffZonesAPI" name="test_admin_delete_zone" time="0.048" /><testcase classname="backend.tests.test_iter125_taxi_zones_p1.TestTaxiTariffZonesAPI" name="test_deleted_zone_not_in_list" time="0.135" /><testcase classname="backend.tests.test_iter125_taxi_zones_p1.TestTaxiTariffZonesValidation" name="test_create_zone_missing_name" time="0.412" /><testcase classname="backend.tests.test_iter125_taxi_zones_p1.TestTaxiTariffZonesValidation" name="test_create_zone_short_name" time="0.049" /><testcase classname="backend.tests.test_iter125_taxi_zones_p1.TestTaxiTariffZonesValidation" name="test_unauthenticated_create_fails" time="0.164" /><testcase classname="backend.tests.test_iter125_taxi_zones_p1.TestTaxiTariffZonesValidation" name="test_unauthenticated_delete_fails" time="0.104" /></testsuite></testsuites>