<?xml version="1.0" encoding="utf-8"?><testsuites name="pytest tests"><testsuite name="pytest" errors="0" failures="0" skipped="0" tests="18" time="2.889" timestamp="2026-05-23T19:20:36.560103+00:00" hostname="agent-env-3ffed1c7-9f2d-443b-8300-da3e09627c12"><testcase classname="backend.tests.test_iter130_restaurant_upgrades.TestHardwareMapping" name="test_get_table_hardware_config" time="1.032" /><testcase classname="backend.tests.test_iter130_restaurant_upgrades.TestHardwareMapping" name="test_save_printer_mapping_kitchen" time="0.063" /><testcase classname="backend.tests.test_iter130_restaurant_upgrades.TestHardwareMapping" name="test_save_printer_mapping_service" time="0.055" /><testcase classname="backend.tests.test_iter130_restaurant_upgrades.TestHardwareMapping" name="test_save_printer_mapping_bill" time="0.075" /><testcase classname="backend.tests.test_iter130_restaurant_upgrades.TestHardwareMapping" name="test_printer_mapping_persists" time="0.123" /><testcase classname="backend.tests.test_iter130_restaurant_upgrades.TestFloorplanXYPersistence" name="test_table_created_with_xy" time="0.058" /><testcase classname="backend.tests.test_iter130_restaurant_upgrades.TestFloorplanXYPersistence" name="test_update_table_xy_position" time="0.062" /><testcase classname="backend.tests.test_iter130_restaurant_upgrades.TestFloorplanXYPersistence" name="test_xy_position_persists" time="0.132" /><testcase classname="backend.tests.test_iter130_restaurant_upgrades.TestPublicBillLink" name="test_public_bill_link_no_orders" time="0.115" /><testcase classname="backend.tests.test_iter130_restaurant_upgrades.TestPublicBillLink" name="test_public_bill_link_endpoint_exists" time="0.107" /><testcase classname="backend.tests.test_iter130_restaurant_upgrades.TestLowStockIntegration" name="test_low_stock_endpoint" time="0.053" /><testcase classname="backend.tests.test_iter130_restaurant_upgrades.TestLowStockIntegration" name="test_low_stock_with_store_id" time="0.111" /><testcase classname="backend.tests.test_iter130_restaurant_upgrades.TestHardwareHealth" name="test_hardware_health_endpoint" time="0.116" /><testcase classname="backend.tests.test_iter130_restaurant_upgrades.TestHardwareHealth" name="test_hardware_health_requires_store_id" time="0.062" /><testcase classname="backend.tests.test_iter130_restaurant_upgrades.TestOrderCreationWithStock" name="test_order_creation_checks_stock" time="0.143" /><testcase classname="backend.tests.test_iter130_restaurant_upgrades.TestExistingTableFromSelfTest" name="test_existing_table_accessible" time="0.055" /><testcase classname="backend.tests.test_iter130_restaurant_upgrades.TestExistingTableFromSelfTest" name="test_existing_table_menu_public" time="0.120" /><testcase classname="backend.tests.test_iter130_restaurant_upgrades.TestButtonWebhookWithButtonId" name="test_button_webhook_btn001" time="0.307" /></testsuite></testsuites>