<?xml version="1.0" encoding="utf-8"?><testsuites name="pytest tests"><testsuite name="pytest" errors="0" failures="0" skipped="0" tests="3" time="1.739" timestamp="2026-05-15T15:47:53.997118+00:00" hostname="agent-env-43f83302-198c-4cf9-be60-0d3831b528f7"><testcase classname="backend.tests.test_iter110_geofence" name="test_list_geofences_as_merchant" time="1.119" /><testcase classname="backend.tests.test_iter110_geofence" name="test_geofence_events_endpoint" time="0.063" /><testcase classname="backend.tests.test_iter110_geofence" name="test_check_presence_inside_termokos" time="0.476" /></testsuite></testsuites>