<?xml version="1.0" encoding="utf-8"?><testsuites name="pytest tests"><testsuite name="pytest" errors="0" failures="0" skipped="0" tests="17" time="1.996" timestamp="2026-06-04T15:48:06.918591+00:00" hostname="agent-env-559104a9-cb79-474a-961e-78dad8c58887"><testcase classname="tests.test_iter134_full_sweep.TestAuth" name="test_login_success" time="0.590" /><testcase classname="tests.test_iter134_full_sweep.TestAuth" name="test_login_invalid_credentials" time="0.067" /><testcase classname="tests.test_iter134_full_sweep.TestLegal" name="test_impressum_loads" time="0.059" /><testcase classname="tests.test_iter134_full_sweep.TestLegal" name="test_impressum_no_empty_end" time="0.053" /><testcase classname="tests.test_iter134_full_sweep.TestLegal" name="test_agb_loads" time="0.056" /><testcase classname="tests.test_iter134_full_sweep.TestLegal" name="test_datenschutz_loads" time="0.069" /><testcase classname="tests.test_iter134_full_sweep.TestLegal" name="test_sicherheit_loads" time="0.056" /><testcase classname="tests.test_iter134_full_sweep.TestLeaderboard" name="test_leaderboard_balance" time="0.062" /><testcase classname="tests.test_iter134_full_sweep.TestLeaderboard" name="test_leaderboard_gaming" time="0.059" /><testcase classname="tests.test_iter134_full_sweep.TestLeaderboard" name="test_leaderboard_rating" time="0.073" /><testcase classname="tests.test_iter134_full_sweep.TestAuctions" name="test_auctions_list" time="0.082" /><testcase classname="tests.test_iter134_full_sweep.TestAuctions" name="test_auctions_active" time="0.069" /><testcase classname="tests.test_iter134_full_sweep.TestRestaurantTableSystem" name="test_table_hardware_config" time="0.334" /><testcase classname="tests.test_iter134_full_sweep.TestRestaurantTableSystem" name="test_usb_discover_endpoint" time="0.057" /><testcase classname="tests.test_iter134_full_sweep.TestRestaurantTableSystem" name="test_tables_list" time="0.074" /><testcase classname="tests.test_iter134_full_sweep.TestRestaurantTableSystem" name="test_printer_diagnostics_history" time="0.075" /><testcase classname="tests.test_iter134_full_sweep.TestExtras" name="test_global_search" time="0.068" /></testsuite></testsuites>