<?xml version="1.0" encoding="utf-8"?><testsuites name="pytest tests"><testsuite name="pytest" errors="0" failures="0" skipped="0" tests="9" time="0.868" timestamp="2026-07-11T23:11:45.717359+00:00" hostname="agent-env-2794b739-c3d3-4798-8c94-d2100a8574f8"><testcase classname="backend.tests.test_admin_canonical_identity_iter239.TestAdminCanonicalIdentity" name="test_auth_me_returns_canonical_admin" time="0.433" /><testcase classname="backend.tests.test_admin_canonical_identity_iter239.TestAdminCanonicalIdentity" name="test_admin_wallet_search_returns_canonical_admin" time="0.048" /><testcase classname="backend.tests.test_admin_canonical_identity_iter239.TestAdminCanonicalIdentity" name="test_admin_wallet_login_history_returns_canonical_admin" time="0.049" /><testcase classname="backend.tests.test_admin_canonical_identity_iter239.TestAdminCanonicalIdentity" name="test_admin_customers_returns_canonical_admin" time="0.049" /><testcase classname="backend.tests.test_admin_canonical_identity_iter239.TestAdminCanonicalIdentity" name="test_balance_consistency_across_endpoints" time="0.000" /><testcase classname="backend.tests.test_admin_canonical_identity_iter239.TestAdminCanonicalIdentity" name="test_identity_fields_consistency" time="0.000" /><testcase classname="backend.tests.test_admin_canonical_identity_iter239.TestAdminCanonicalIdentity" name="test_no_mixed_legacy_admin_data" time="0.047" /><testcase classname="backend.tests.test_admin_canonical_identity_iter239.TestAdminCanonicalIdentity" name="test_admin_wallet_search_shows_single_canonical_record" time="0.046" /><testcase classname="backend.tests.test_admin_canonical_identity_iter239.TestWalletBalanceEndpoint" name="test_wallet_balance_matches_auth_me" time="0.122" /></testsuite></testsuites>