<?xml version="1.0" encoding="utf-8"?><testsuites name="pytest tests"><testsuite name="pytest" errors="0" failures="0" skipped="0" tests="9" time="3.125" timestamp="2026-05-08T13:07:24.822864+00:00" hostname="agent-env-d68c6d58-2e26-4210-81be-293bef4b829d"><testcase classname="backend.tests.test_iter56_wallet_features" name="test_wallet_root_returns_user_number_and_user" time="1.448" /><testcase classname="backend.tests.test_iter56_wallet_features" name="test_lookup_recipient_by_user_number" time="0.157" /><testcase classname="backend.tests.test_iter56_wallet_features" name="test_lookup_recipient_by_email" time="0.160" /><testcase classname="backend.tests.test_iter56_wallet_features" name="test_lookup_recipient_unknown_returns_404" time="0.157" /><testcase classname="backend.tests.test_iter56_wallet_features" name="test_wallet_send_with_recipient_number" time="0.185" /><testcase classname="backend.tests.test_iter56_wallet_features" name="test_wallet_send_with_recipient_email" time="0.159" /><testcase classname="backend.tests.test_iter56_wallet_features" name="test_wallet_send_with_generic_recipient_autodetect" time="0.169" /><testcase classname="backend.tests.test_iter56_wallet_features" name="test_saved_recipients_with_auth" time="0.155" /><testcase classname="backend.tests.test_iter56_wallet_features" name="test_saved_recipients_without_auth" time="0.456" /></testsuite></testsuites>