<?xml version="1.0" encoding="utf-8"?><testsuites name="pytest tests"><testsuite name="pytest" errors="2" failures="0" skipped="0" tests="10" time="3.086" timestamp="2026-06-27T18:18:09.724270+00:00" hostname="agent-env-dca90259-c859-447a-9f21-a21fe30c48f9"><testcase classname="tests.test_agimk_auth_kyc.TestAgimkAuthAndKYC" name="test_login_agimk_success" time="0.383" /><testcase classname="tests.test_agimk_auth_kyc.TestAgimkAuthAndKYC" name="test_login_returns_kyc_fields" time="0.347" /><testcase classname="tests.test_agimk_auth_kyc.TestAgimkAuthAndKYC" name="test_user_is_unverified" time="0.344" /><testcase classname="tests.test_agimk_auth_kyc.TestAgimkAuthAndKYC" name="test_login_returns_complete_user_structure" time="0.339" /><testcase classname="tests.test_agimk_auth_kyc.TestAgimkAuthAndKYC" name="test_login_sets_cookies" time="0.329" /><testcase classname="tests.test_agimk_auth_kyc.TestAgimkAuthAndKYC" name="test_get_me_after_login" time="0.379" /><testcase classname="tests.test_agimk_auth_kyc.TestAgimkAuthAndKYC" name="test_login_with_wrong_password_fails" time="0.328" /><testcase classname="tests.test_agimk_auth_kyc.TestAgimkAuthAndKYC" name="test_user_role_is_user" time="0.325" /><testcase classname="tests.test_agimk_auth_kyc.TestKYCRestrictedEndpoints" name="test_wallet_endpoint_accessible" time="0.108"><error message="failed on setup with &quot;assert 429 == 200&#10; +  where 429 = &lt;Response [429]&gt;.status_code&quot;">tests/test_agimk_auth_kyc.py:178: in setup
    assert response.status_code == 200
E   assert 429 == 200
E    +  where 429 = &lt;Response [429]&gt;.status_code</error></testcase><testcase classname="tests.test_agimk_auth_kyc.TestKYCRestrictedEndpoints" name="test_kyc_status_endpoint" time="0.112"><error message="failed on setup with &quot;assert 429 == 200&#10; +  where 429 = &lt;Response [429]&gt;.status_code&quot;">tests/test_agimk_auth_kyc.py:178: in setup
    assert response.status_code == 200
E   assert 429 == 200
E    +  where 429 = &lt;Response [429]&gt;.status_code</error></testcase></testsuite></testsuites>