<?xml version="1.0" encoding="utf-8"?><testsuites name="pytest tests"><testsuite name="pytest" errors="0" failures="6" skipped="0" tests="16" time="57.148" timestamp="2026-07-07T07:52:49.614831+00:00" hostname="agent-env-8c4f8949-ad1c-4337-961b-803039d97cb1"><testcase classname="backend.tests.test_iter198_move_native_steps.TestMoveNativeStepsIntegration" name="test_move_status_endpoint" time="7.804" /><testcase classname="backend.tests.test_iter198_move_native_steps.TestMoveNativeStepsIntegration" name="test_sync_steps_with_native_provider_fields" time="9.643" /><testcase classname="backend.tests.test_iter198_move_native_steps.TestMoveNativeStepsIntegration" name="test_sync_steps_with_health_connect_fields" time="4.169"><failure message="AssertionError: Sync failed: {&quot;detail&quot;:&quot;Zu viele Geräte für Move &amp; Earn heute&quot;}&#10;assert 429 == 200&#10; +  where 429 = &lt;Response [429]&gt;.status_code">backend/tests/test_iter198_move_native_steps.py:130: in test_sync_steps_with_health_connect_fields
    assert response.status_code == 200, f"Sync failed: {response.text}"
E   AssertionError: Sync failed: {"detail":"Zu viele Geräte für Move &amp; Earn heute"}
E   assert 429 == 200
E    +  where 429 = &lt;Response [429]&gt;.status_code</failure></testcase><testcase classname="backend.tests.test_iter198_move_native_steps.TestMoveNativeStepsIntegration" name="test_sync_steps_with_web_fallback" time="6.318"><failure message="AssertionError: Sync failed: {&quot;detail&quot;:&quot;Zu viele Geräte für Move &amp; Earn heute&quot;}&#10;assert 429 == 200&#10; +  where 429 = &lt;Response [429]&gt;.status_code">backend/tests/test_iter198_move_native_steps.py:162: in test_sync_steps_with_web_fallback
    assert response.status_code == 200, f"Sync failed: {response.text}"
E   AssertionError: Sync failed: {"detail":"Zu viele Geräte für Move &amp; Earn heute"}
E   assert 429 == 200
E    +  where 429 = &lt;Response [429]&gt;.status_code</failure></testcase><testcase classname="backend.tests.test_iter198_move_native_steps.TestMoveNativeStepsIntegration" name="test_sync_steps_permission_denied_state" time="4.344"><failure message="AssertionError: Sync failed: {&quot;detail&quot;:&quot;Zu viele Geräte für Move &amp; Earn heute&quot;}&#10;assert 429 == 200&#10; +  where 429 = &lt;Response [429]&gt;.status_code">backend/tests/test_iter198_move_native_steps.py:195: in test_sync_steps_permission_denied_state
    assert response.status_code == 200, f"Sync failed: {response.text}"
E   AssertionError: Sync failed: {"detail":"Zu viele Geräte für Move &amp; Earn heute"}
E   assert 429 == 200
E    +  where 429 = &lt;Response [429]&gt;.status_code</failure></testcase><testcase classname="backend.tests.test_iter198_move_native_steps.TestMoveNativeStepsIntegration" name="test_move_history_endpoint" time="0.428" /><testcase classname="backend.tests.test_iter198_move_native_steps.TestMoveNativeStepsIntegration" name="test_move_leaderboard_endpoint" time="0.389" /><testcase classname="backend.tests.test_iter198_move_native_steps.TestMoveNativeStepsIntegration" name="test_admin_move_settings_endpoint" time="0.416" /><testcase classname="backend.tests.test_iter198_move_native_steps.TestMoveNativeStepsIntegration" name="test_admin_move_stats_endpoint" time="0.436" /><testcase classname="backend.tests.test_iter198_move_native_steps.TestMoveNativeStepsIntegration" name="test_coach_session_endpoint" time="4.460" /><testcase classname="backend.tests.test_iter198_move_native_steps.TestMoveNativeStepsIntegration" name="test_refresh_coach_session_endpoint" time="4.254" /><testcase classname="backend.tests.test_iter198_move_native_steps.TestMoveNativeStepsValidation" name="test_sync_rejects_negative_steps" time="0.379" /><testcase classname="backend.tests.test_iter198_move_native_steps.TestMoveNativeStepsValidation" name="test_sync_rejects_excessive_steps" time="0.374" /><testcase classname="backend.tests.test_iter198_move_native_steps.TestMoveNativeStepsValidation" name="test_sync_accepts_optional_native_fields" time="4.724"><failure message="AssertionError: Minimal sync failed: {&quot;detail&quot;:&quot;Zu viele Geräte für Move &amp; Earn heute&quot;}&#10;assert 429 == 200&#10; +  where 429 = &lt;Response [429]&gt;.status_code">backend/tests/test_iter198_move_native_steps.py:345: in test_sync_accepts_optional_native_fields
    assert response.status_code == 200, f"Minimal sync failed: {response.text}"
E   AssertionError: Minimal sync failed: {"detail":"Zu viele Geräte für Move &amp; Earn heute"}
E   assert 429 == 200
E    +  where 429 = &lt;Response [429]&gt;.status_code</failure></testcase><testcase classname="backend.tests.test_iter198_move_native_steps.TestMoveNativeStepsValidation" name="test_sync_validates_distance_meters_range" time="5.004"><failure message="AssertionError: Valid distance failed: {&quot;detail&quot;:&quot;Zu viele Geräte für Move &amp; Earn heute&quot;}&#10;assert 429 == 200&#10; +  where 429 = &lt;Response [429]&gt;.status_code">backend/tests/test_iter198_move_native_steps.py:359: in test_sync_validates_distance_meters_range
    assert response.status_code == 200, f"Valid distance failed: {response.text}"
E   AssertionError: Valid distance failed: {"detail":"Zu viele Geräte für Move &amp; Earn heute"}
E   assert 429 == 200
E    +  where 429 = &lt;Response [429]&gt;.status_code</failure></testcase><testcase classname="backend.tests.test_iter198_move_native_steps.TestMoveNativeStepsValidation" name="test_sync_validates_sample_count_range" time="3.729"><failure message="AssertionError: Valid sample count failed: {&quot;detail&quot;:&quot;Zu viele Geräte für Move &amp; Earn heute&quot;}&#10;assert 429 == 200&#10; +  where 429 = &lt;Response [429]&gt;.status_code">backend/tests/test_iter198_move_native_steps.py:382: in test_sync_validates_sample_count_range
    assert response.status_code == 200, f"Valid sample count failed: {response.text}"
E   AssertionError: Valid sample count failed: {"detail":"Zu viele Geräte für Move &amp; Earn heute"}
E   assert 429 == 200
E    +  where 429 = &lt;Response [429]&gt;.status_code</failure></testcase></testsuite></testsuites>