<?xml version="1.0" encoding="utf-8"?><testsuites name="pytest tests"><testsuite name="pytest" errors="0" failures="0" skipped="1" tests="15" time="1.928" timestamp="2026-07-10T12:20:35.651021+00:00" hostname="agent-env-2794b739-c3d3-4798-8c94-d2100a8574f8"><testcase classname="backend.tests.test_dating_onboarding_match_reasons_chat_safety.TestDatingProfileSyncFromRegistration" name="test_profile_me_returns_synced_fields" time="0.563" /><testcase classname="backend.tests.test_dating_onboarding_match_reasons_chat_safety.TestDatingProfileSyncFromRegistration" name="test_profile_update_preserves_dating_specific_fields" time="0.392" /><testcase classname="backend.tests.test_dating_onboarding_match_reasons_chat_safety.TestMatchReasonsInDiscover" name="test_discover_profiles_have_match_reasons" time="0.051"><skipped type="pytest.skip" message="No discover profiles available">/app/backend/tests/test_dating_onboarding_match_reasons_chat_safety.py:112: No discover profiles available</skipped></testcase><testcase classname="backend.tests.test_dating_onboarding_match_reasons_chat_safety.TestMatchReasonsInMatches" name="test_matches_have_match_reasons" time="0.057" /><testcase classname="backend.tests.test_dating_onboarding_match_reasons_chat_safety.TestMatchReasonsInLikesYou" name="test_likes_you_have_match_reasons" time="0.049" /><testcase classname="backend.tests.test_dating_onboarding_match_reasons_chat_safety.TestChatSafetyAnalysis" name="test_messages_endpoint_returns_chat_safety_summary" time="0.100" /><testcase classname="backend.tests.test_dating_onboarding_match_reasons_chat_safety.TestChatSafetyAnalysis" name="test_chat_safety_refresh_endpoint" time="0.098" /><testcase classname="backend.tests.test_dating_onboarding_match_reasons_chat_safety.TestHighRiskMessageBlocking" name="test_normal_message_sends_successfully" time="0.104" /><testcase classname="backend.tests.test_dating_onboarding_match_reasons_chat_safety.TestHighRiskMessageBlocking" name="test_high_risk_message_is_blocked" time="0.099" /><testcase classname="backend.tests.test_dating_onboarding_match_reasons_chat_safety.TestDatingRegression" name="test_discover_endpoint_works" time="0.055" /><testcase classname="backend.tests.test_dating_onboarding_match_reasons_chat_safety.TestDatingRegression" name="test_matches_endpoint_works" time="0.050" /><testcase classname="backend.tests.test_dating_onboarding_match_reasons_chat_safety.TestDatingRegression" name="test_likes_you_endpoint_works" time="0.053" /><testcase classname="backend.tests.test_dating_onboarding_match_reasons_chat_safety.TestDatingRegression" name="test_swipes_left_endpoint_works" time="0.048" /><testcase classname="backend.tests.test_dating_onboarding_match_reasons_chat_safety.TestDatingRegression" name="test_safety_scan_endpoint_works" time="0.048" /><testcase classname="backend.tests.test_dating_onboarding_match_reasons_chat_safety.TestDatingRegression" name="test_premium_plans_endpoint_works" time="0.053" /></testsuite></testsuites>