<?xml version="1.0" encoding="utf-8"?><testsuites name="pytest tests"><testsuite name="pytest" errors="0" failures="0" skipped="0" tests="4" time="0.799" timestamp="2026-05-14T21:22:39.671590+00:00" hostname="agent-env-dfa818cb-6bfb-43e5-99e8-fd0879d78675"><testcase classname="backend.tests.test_taxi_cancel_iter95" name="test_cancel_missing_ride_id_returns_422" time="0.243" /><testcase classname="backend.tests.test_taxi_cancel_iter95" name="test_cancel_with_reason_authenticated" time="0.368" /><testcase classname="backend.tests.test_taxi_cancel_iter95" name="test_cancel_reason_too_long_returns_422" time="0.059" /><testcase classname="backend.tests.test_taxi_cancel_iter95" name="test_taxi_status_endpoint_ok" time="0.058" /></testsuite></testsuites>