<?xml version="1.0" encoding="utf-8"?><testsuites name="pytest tests"><testsuite name="pytest" errors="0" failures="0" skipped="0" tests="17" time="2.822" timestamp="2026-04-03T20:46:07.551269+00:00" hostname="agent-env-4eca6b7a-c991-4980-a10d-e55301db3196"><testcase classname="backend.tests.test_merchant_scan_payment.TestMerchantScanPaymentSetup" name="test_customer_login" time="0.426" /><testcase classname="backend.tests.test_merchant_scan_payment.TestMerchantScanPaymentSetup" name="test_merchant_login" time="0.388" /><testcase classname="backend.tests.test_merchant_scan_payment.TestMyBarcodeEndpoint" name="test_get_my_barcode_returns_valid_format" time="0.054" /><testcase classname="backend.tests.test_merchant_scan_payment.TestMyBarcodeEndpoint" name="test_get_my_barcode_returns_same_barcode" time="0.101" /><testcase classname="backend.tests.test_merchant_scan_payment.TestMyBarcodeEndpoint" name="test_get_my_barcode_unauthenticated" time="0.106" /><testcase classname="backend.tests.test_merchant_scan_payment.TestMerchantScanValidPayment" name="test_valid_payment_10_eur" time="0.274" /><testcase classname="backend.tests.test_merchant_scan_payment.TestMerchantScanIdempotency" name="test_duplicate_idempotency_key_returns_cached" time="0.264" /><testcase classname="backend.tests.test_merchant_scan_payment.TestMerchantScanInvalidBarcode" name="test_malformed_barcode_returns_400" time="0.058" /><testcase classname="backend.tests.test_merchant_scan_payment.TestMerchantScanInvalidBarcode" name="test_unknown_barcode_returns_404" time="0.051" /><testcase classname="backend.tests.test_merchant_scan_payment.TestMerchantScanInvalidBarcode" name="test_lowercase_barcode_normalized" time="0.065" /><testcase classname="backend.tests.test_merchant_scan_payment.TestMerchantScanInsufficientBalance" name="test_insufficient_balance_returns_400" time="0.110" /><testcase classname="backend.tests.test_merchant_scan_payment.TestMerchantScanComplianceLimits" name="test_amount_over_2500_blocked" time="0.057" /><testcase classname="backend.tests.test_merchant_scan_payment.TestMerchantScanTransactionRecords" name="test_customer_transaction_created" time="0.112" /><testcase classname="backend.tests.test_merchant_scan_payment.TestMerchantScanAuditLog" name="test_audit_log_created_on_payment" time="0.452" /><testcase classname="backend.tests.test_merchant_scan_payment.TestMerchantScanEdgeCases" name="test_unauthenticated_request_returns_401" time="0.111" /><testcase classname="backend.tests.test_merchant_scan_payment.TestMerchantScanEdgeCases" name="test_zero_amount_rejected" time="0.046" /><testcase classname="backend.tests.test_merchant_scan_payment.TestMerchantScanEdgeCases" name="test_negative_amount_rejected" time="0.049" /></testsuite></testsuites>