<?xml version="1.0" encoding="utf-8"?><testsuites name="pytest tests"><testsuite name="pytest" errors="0" failures="0" skipped="0" tests="10" time="1.013" timestamp="2026-02-05T07:06:48.212856+00:00" hostname="agent-env-974e422b-e0b4-4afc-9b06-586a92ae83ea"><testcase classname="backend.tests.test_deal_radar_timer.TestDealRadarAPI" name="test_health_check" time="0.089" /><testcase classname="backend.tests.test_deal_radar_timer.TestDealRadarAPI" name="test_deal_radar_bargains_endpoint" time="0.045" /><testcase classname="backend.tests.test_deal_radar_timer.TestDealRadarAPI" name="test_deal_radar_low_activity_endpoint" time="0.050" /><testcase classname="backend.tests.test_deal_radar_timer.TestDealRadarAPI" name="test_deal_radar_price_history_endpoint" time="0.041" /><testcase classname="backend.tests.test_deal_radar_timer.TestDealRadarAPI" name="test_deal_radar_price_history_unknown_product" time="0.039" /><testcase classname="backend.tests.test_deal_radar_timer.TestAuctionTimerFormat" name="test_auctions_have_fixed_end_flag" time="0.149" /><testcase classname="backend.tests.test_deal_radar_timer.TestAuctionTimerFormat" name="test_auctions_have_long_duration" time="0.132" /><testcase classname="backend.tests.test_deal_radar_timer.TestAuctionTimerFormat" name="test_auction_end_time_format" time="0.141" /><testcase classname="backend.tests.test_deal_radar_timer.TestBotBehavior" name="test_auction_has_bid_history" time="0.134" /><testcase classname="backend.tests.test_deal_radar_timer.TestBotBehavior" name="test_different_bots_per_auction" time="0.133" /></testsuite></testsuites>