<?xml version="1.0" encoding="utf-8"?><testsuites name="pytest tests"><testsuite name="pytest" errors="0" failures="0" skipped="0" tests="11" time="4.141" timestamp="2026-02-05T22:24:08.237607+00:00" hostname="agent-env-706fb573-fe84-4789-8907-ddcbc2445389"><testcase classname="backend.tests.test_voice_debug_bidding.TestHealthAndAuth" name="test_health_endpoint" time="0.072" /><testcase classname="backend.tests.test_voice_debug_bidding.TestHealthAndAuth" name="test_admin_login" time="0.267" /><testcase classname="backend.tests.test_voice_debug_bidding.TestVoiceDebugAPI" name="test_voice_debug_requires_auth" time="0.081" /><testcase classname="backend.tests.test_voice_debug_bidding.TestVoiceDebugAPI" name="test_voice_debug_with_admin_auth" time="1.457" /><testcase classname="backend.tests.test_voice_debug_bidding.TestVoiceDebugAPI" name="test_voice_debug_reports_endpoint" time="0.302" /><testcase classname="backend.tests.test_voice_debug_bidding.TestBiddingWithoutAuth" name="test_bid_without_auth_returns_401" time="0.345" /><testcase classname="backend.tests.test_voice_debug_bidding.TestBiddingWithoutAuth" name="test_place_bid_without_auth_returns_401" time="0.317" /><testcase classname="backend.tests.test_voice_debug_bidding.TestBiddingWithAuth" name="test_bid_with_auth_works" time="0.584" /><testcase classname="backend.tests.test_voice_debug_bidding.TestAuctionEndpoints" name="test_get_active_auctions" time="0.287" /><testcase classname="backend.tests.test_voice_debug_bidding.TestAuctionEndpoints" name="test_get_vip_auctions" time="0.062" /><testcase classname="backend.tests.test_voice_debug_bidding.TestAuctionEndpoints" name="test_get_beginner_auctions" time="0.306" /></testsuite></testsuites>