<?xml version="1.0" encoding="utf-8"?><testsuites name="pytest tests"><testsuite name="pytest" errors="0" failures="0" skipped="0" tests="18" time="14.036" timestamp="2026-02-22T13:33:36.361812+00:00" hostname="agent-env-0d6d196f-53cd-4848-95bc-f35c8619fcb4"><testcase classname="backend.tests.test_kyc_verification.TestKYCVerificationAPIs" name="test_01_admin_login" time="0.868" /><testcase classname="backend.tests.test_kyc_verification.TestKYCVerificationAPIs" name="test_02_get_pending_kyc_users" time="0.364" /><testcase classname="backend.tests.test_kyc_verification.TestKYCVerificationAPIs" name="test_03_get_all_kyc_users" time="0.401" /><testcase classname="backend.tests.test_kyc_verification.TestKYCVerificationAPIs" name="test_04_get_kyc_users_filtered_pending" time="0.363" /><testcase classname="backend.tests.test_kyc_verification.TestKYCVerificationAPIs" name="test_05_get_kyc_users_filtered_approved" time="0.351" /><testcase classname="backend.tests.test_kyc_verification.TestKYCVerificationAPIs" name="test_06_get_kyc_users_filtered_rejected" time="0.380" /><testcase classname="backend.tests.test_kyc_verification.TestKYCVerificationAPIs" name="test_07_approve_kyc_user" time="0.511" /><testcase classname="backend.tests.test_kyc_verification.TestKYCVerificationAPIs" name="test_08_reject_kyc_user_with_reason" time="0.525" /><testcase classname="backend.tests.test_kyc_verification.TestKYCVerificationAPIs" name="test_09_approve_kyc_user_again" time="0.515" /><testcase classname="backend.tests.test_kyc_verification.TestKYCVerificationAPIs" name="test_10_verified_user_can_login" time="0.848" /><testcase classname="backend.tests.test_kyc_verification.TestKYCVerificationAPIs" name="test_11_get_kyc_status_for_verified_user" time="1.135" /><testcase classname="backend.tests.test_kyc_verification.TestKYCVerificationAPIs" name="test_12_admin_bypasses_kyc" time="0.813" /><testcase classname="backend.tests.test_kyc_verification.TestKYCVerificationAPIs" name="test_13_non_admin_cannot_access_pending_users" time="1.013" /><testcase classname="backend.tests.test_kyc_verification.TestKYCVerificationAPIs" name="test_14_non_admin_cannot_approve_kyc" time="1.000" /><testcase classname="backend.tests.test_kyc_verification.TestKYCVerificationAPIs" name="test_15_kyc_upload_endpoint_works" time="1.160" /><testcase classname="backend.tests.test_kyc_verification.TestKYCVerificationAPIs" name="test_16_kyc_upload_invalid_type_rejected" time="1.074" /><testcase classname="backend.tests.test_kyc_verification.TestKYCVerificationAPIs" name="test_17_kyc_submit_endpoint_works" time="1.098" /><testcase classname="backend.tests.test_kyc_verification.TestKYCVerificationAPIs" name="test_18_kyc_resubmit_requires_rejected_status" time="1.546" /></testsuite></testsuites>