<?xml version="1.0" encoding="utf-8"?><testsuites name="pytest tests"><testsuite name="pytest" errors="0" failures="0" skipped="0" tests="18" time="7.927" timestamp="2026-02-18T22:32:17.020418+00:00" hostname="agent-env-a2eb7434-8c09-4297-b46e-8c8207ecbb8c"><testcase classname="backend.tests.test_customer_number_system.TestCustomerNumberSystem" name="test_my_customer_number_authenticated" time="1.324" /><testcase classname="backend.tests.test_customer_number_system.TestCustomerNumberSystem" name="test_my_customer_number_unauthenticated" time="0.159" /><testcase classname="backend.tests.test_customer_number_system.TestCustomerNumberSystem" name="test_lookup_customer_valid" time="0.251" /><testcase classname="backend.tests.test_customer_number_system.TestCustomerNumberSystem" name="test_lookup_customer_invalid" time="0.243" /><testcase classname="backend.tests.test_customer_number_system.TestCustomerNumberSystem" name="test_lookup_customer_case_insensitive" time="0.246" /><testcase classname="backend.tests.test_customer_number_system.TestCustomerNumberSystem" name="test_admin_credit_by_customer_number_success" time="0.924" /><testcase classname="backend.tests.test_customer_number_system.TestCustomerNumberSystem" name="test_admin_credit_invalid_customer_number" time="0.270" /><testcase classname="backend.tests.test_customer_number_system.TestCustomerNumberSystem" name="test_admin_credit_invalid_amount" time="0.120" /><testcase classname="backend.tests.test_customer_number_system.TestCustomerNumberSystem" name="test_admin_credit_zero_amount" time="0.109" /><testcase classname="backend.tests.test_customer_number_system.TestCustomerNumberSystem" name="test_admin_search_customer_by_number" time="0.275" /><testcase classname="backend.tests.test_customer_number_system.TestCustomerNumberSystem" name="test_admin_search_customer_by_email" time="0.295" /><testcase classname="backend.tests.test_customer_number_system.TestCustomerNumberSystem" name="test_admin_search_customer_by_name" time="0.298" /><testcase classname="backend.tests.test_customer_number_system.TestCustomerNumberSystem" name="test_admin_search_customer_min_length" time="0.118" /><testcase classname="backend.tests.test_customer_number_system.TestCustomerNumberSystem" name="test_admin_wallet_topup_search_by_customer_number" time="0.366" /><testcase classname="backend.tests.test_customer_number_system.TestCustomerNumberSystem" name="test_admin_wallet_topup_search_by_email" time="0.396" /><testcase classname="backend.tests.test_customer_number_system.TestCustomerNumberSystem" name="test_admin_wallet_topup_search_by_name" time="0.405" /><testcase classname="backend.tests.test_customer_number_system.TestCustomerNumberFormat" name="test_customer_number_format_regex" time="0.000" /><testcase classname="backend.tests.test_customer_number_system.TestCustomerNumberIntegration" name="test_credit_and_verify_balance" time="2.036" /></testsuite></testsuites>