<?xml version="1.0" encoding="utf-8"?><testsuites name="pytest tests"><testsuite name="pytest" errors="0" failures="0" skipped="0" tests="21" time="1.683" timestamp="2026-02-02T13:17:18.955761+00:00" hostname="agent-env-a05e5ec8-6fd4-4e8e-af09-47d6cc0bb66c"><testcase classname="backend.tests.test_batch_features.TestMysteryBoxAPI" name="test_get_active_mystery_auctions" time="0.099" /><testcase classname="backend.tests.test_batch_features.TestMysteryBoxAPI" name="test_mystery_box_tiers_structure" time="0.032" /><testcase classname="backend.tests.test_batch_features.TestMysteryBoxAPI" name="test_mystery_box_tier_values" time="0.074" /><testcase classname="backend.tests.test_batch_features.TestPriceAlertsAPI" name="test_get_my_alerts_requires_auth" time="0.038" /><testcase classname="backend.tests.test_batch_features.TestPriceAlertsAPI" name="test_get_my_alerts_authenticated" time="0.299" /><testcase classname="backend.tests.test_batch_features.TestPriceAlertsAPI" name="test_create_alert_requires_auth" time="0.032" /><testcase classname="backend.tests.test_batch_features.TestPriceAlertsAPI" name="test_create_alert_requires_product_or_auction" time="0.032" /><testcase classname="backend.tests.test_batch_features.TestSocialShareAPI" name="test_get_shareable_wins_requires_auth" time="0.037" /><testcase classname="backend.tests.test_batch_features.TestSocialShareAPI" name="test_get_shareable_wins_authenticated" time="0.044" /><testcase classname="backend.tests.test_batch_features.TestSocialShareAPI" name="test_shareable_wins_count" time="0.047" /><testcase classname="backend.tests.test_batch_features.TestSocialShareAPI" name="test_shareable_wins_structure" time="0.043" /><testcase classname="backend.tests.test_batch_features.TestSocialShareAPI" name="test_get_my_shares_authenticated" time="0.033" /><testcase classname="backend.tests.test_batch_features.TestPWAManifest" name="test_manifest_exists" time="0.033" /><testcase classname="backend.tests.test_batch_features.TestPWAManifest" name="test_manifest_required_fields" time="0.034" /><testcase classname="backend.tests.test_batch_features.TestPWAManifest" name="test_manifest_bidblitz_values" time="0.032" /><testcase classname="backend.tests.test_batch_features.TestPWAManifest" name="test_manifest_icons" time="0.039" /><testcase classname="backend.tests.test_batch_features.TestGoogleOAuth" name="test_google_oauth_endpoint_exists" time="0.038" /><testcase classname="backend.tests.test_batch_features.TestGoogleOAuth" name="test_google_oauth_requires_session_id" time="0.042" /><testcase classname="backend.tests.test_batch_features.TestAuthEndpoints" name="test_login_success" time="0.328" /><testcase classname="backend.tests.test_batch_features.TestAuthEndpoints" name="test_login_invalid_credentials" time="0.038" /><testcase classname="backend.tests.test_batch_features.TestAuthEndpoints" name="test_get_me_authenticated" time="0.206" /></testsuite></testsuites>