<?xml version="1.0" encoding="utf-8"?><testsuites name="pytest tests"><testsuite name="pytest" errors="0" failures="0" skipped="0" tests="22" time="7.466" timestamp="2026-04-03T13:16:37.797550+00:00" hostname="agent-env-4eca6b7a-c991-4980-a10d-e55301db3196"><testcase classname="backend.tests.test_bidblitz_api.TestHealthCheck" name="test_api_health" time="0.224" /><testcase classname="backend.tests.test_bidblitz_api.TestAuthLogin" name="test_login_admin_success" time="0.362" /><testcase classname="backend.tests.test_bidblitz_api.TestAuthLogin" name="test_login_wrong_password" time="0.324" /><testcase classname="backend.tests.test_bidblitz_api.TestAuthLogin" name="test_login_nonexistent_user" time="0.119" /><testcase classname="backend.tests.test_bidblitz_api.TestAuthLogin" name="test_login_invalid_email_format" time="0.101" /><testcase classname="backend.tests.test_bidblitz_api.TestAuthRegister" name="test_register_new_user" time="0.325" /><testcase classname="backend.tests.test_bidblitz_api.TestAuthRegister" name="test_register_duplicate_email" time="0.110" /><testcase classname="backend.tests.test_bidblitz_api.TestAuthRegister" name="test_register_short_password" time="0.120" /><testcase classname="backend.tests.test_bidblitz_api.TestAuthSession" name="test_get_me_authenticated" time="0.387" /><testcase classname="backend.tests.test_bidblitz_api.TestAuthSession" name="test_get_me_unauthenticated" time="0.098" /><testcase classname="backend.tests.test_bidblitz_api.TestAuthSession" name="test_logout" time="0.466" /><testcase classname="backend.tests.test_bidblitz_api.TestWallet" name="test_get_wallet" time="0.421" /><testcase classname="backend.tests.test_bidblitz_api.TestWallet" name="test_get_wallet_unauthenticated" time="0.104" /><testcase classname="backend.tests.test_bidblitz_api.TestWallet" name="test_topup_wallet" time="0.506" /><testcase classname="backend.tests.test_bidblitz_api.TestWallet" name="test_topup_invalid_amount" time="0.378" /><testcase classname="backend.tests.test_bidblitz_api.TestPayment" name="test_payment_success" time="0.526" /><testcase classname="backend.tests.test_bidblitz_api.TestPayment" name="test_payment_insufficient_balance" time="0.415" /><testcase classname="backend.tests.test_bidblitz_api.TestMerchant" name="test_get_merchant_dashboard" time="0.395" /><testcase classname="backend.tests.test_bidblitz_api.TestMerchant" name="test_merchant_dashboard_unauthenticated" time="0.139" /><testcase classname="backend.tests.test_bidblitz_api.TestTransactions" name="test_get_transactions" time="0.386" /><testcase classname="backend.tests.test_bidblitz_api.TestTransactions" name="test_get_transactions_filtered" time="0.439" /><testcase classname="backend.tests.test_bidblitz_api.TestBruteForceProtection" name="test_lockout_after_failed_attempts" time="0.888" /></testsuite></testsuites>