<?xml version="1.0" encoding="utf-8"?><testsuites name="pytest tests"><testsuite name="pytest" errors="0" failures="0" skipped="0" tests="15" time="1.067" timestamp="2026-02-01T14:19:19.358684+00:00" hostname="agent-env-ecf09ce4-d3f6-4476-b0c4-d0e182c7d90f"><testcase classname="backend.tests.test_gamification_features.TestHappyHour" name="test_happy_hour_status_endpoint" time="0.080" /><testcase classname="backend.tests.test_gamification_features.TestHappyHour" name="test_happy_hour_shows_next_start_when_inactive" time="0.015" /><testcase classname="backend.tests.test_gamification_features.TestBeginnerStatus" name="test_beginner_status_endpoint" time="0.298" /><testcase classname="backend.tests.test_gamification_features.TestBeginnerStatus" name="test_beginner_status_requires_auth" time="0.011" /><testcase classname="backend.tests.test_gamification_features.TestBeginnerStatus" name="test_beginner_auctions_endpoint" time="0.017" /><testcase classname="backend.tests.test_gamification_features.TestAchievements" name="test_achievements_list_endpoint" time="0.012" /><testcase classname="backend.tests.test_gamification_features.TestAchievements" name="test_achievements_check_endpoint" time="0.031" /><testcase classname="backend.tests.test_gamification_features.TestAchievements" name="test_achievements_requires_auth" time="0.013" /><testcase classname="backend.tests.test_gamification_features.TestStreak" name="test_streak_endpoint_requires_auth" time="0.014" /><testcase classname="backend.tests.test_gamification_features.TestStreak" name="test_streak_endpoint_with_invalid_auction" time="0.015" /><testcase classname="backend.tests.test_gamification_features.TestStreak" name="test_streak_endpoint_structure" time="0.238" /><testcase classname="backend.tests.test_gamification_features.TestTelegram" name="test_telegram_link_code_endpoint" time="0.021" /><testcase classname="backend.tests.test_gamification_features.TestTelegram" name="test_telegram_status_endpoint" time="0.012" /><testcase classname="backend.tests.test_gamification_features.TestTelegram" name="test_telegram_requires_auth" time="0.017" /><testcase classname="backend.tests.test_gamification_features.TestIntegration" name="test_all_gamification_endpoints_accessible" time="0.190" /></testsuite></testsuites>