<?xml version="1.0" encoding="utf-8"?><testsuites name="pytest tests"><testsuite name="pytest" errors="0" failures="0" skipped="0" tests="16" time="2.889" timestamp="2026-01-24T11:43:28.948438+00:00" hostname="agent-env-8c994884-ca92-46eb-a819-fcc7ba53bfbd"><testcase classname="backend.tests.test_new_features.TestBidEndpoint" name="test_bid_endpoint_exists" time="0.206" /><testcase classname="backend.tests.test_new_features.TestAuctionOfTheDay" name="test_aotd_endpoint_exists" time="0.080" /><testcase classname="backend.tests.test_new_features.TestAuctionOfTheDay" name="test_admin_set_aotd_requires_auth" time="0.139" /><testcase classname="backend.tests.test_new_features.TestUserStats" name="test_user_stats_requires_auth" time="0.034" /><testcase classname="backend.tests.test_new_features.TestUserStats" name="test_achievements_endpoint" time="0.036" /><testcase classname="backend.tests.test_new_features.TestAuthentication" name="test_customer_login" time="0.265" /><testcase classname="backend.tests.test_new_features.TestAuthentication" name="test_admin_login" time="0.261" /><testcase classname="backend.tests.test_new_features.TestAuthenticatedFeatures" name="test_authenticated_bid" time="0.413" /><testcase classname="backend.tests.test_new_features.TestAuthenticatedFeatures" name="test_user_achievements" time="0.360" /><testcase classname="backend.tests.test_new_features.TestAuthenticatedFeatures" name="test_admin_set_aotd" time="0.459" /><testcase classname="backend.tests.test_new_features.TestAuctionEndpoints" name="test_get_auctions" time="0.110" /><testcase classname="backend.tests.test_new_features.TestAuctionEndpoints" name="test_get_active_auctions" time="0.105" /><testcase classname="backend.tests.test_new_features.TestAuctionEndpoints" name="test_get_auction_detail" time="0.149" /><testcase classname="backend.tests.test_new_features.TestAuctionEndpoints" name="test_get_bid_history" time="0.135" /><testcase classname="backend.tests.test_new_features.TestProducts" name="test_get_products" time="0.036" /><testcase classname="backend.tests.test_new_features.TestHealthCheck" name="test_health" time="0.034" /></testsuite></testsuites>