<?xml version="1.0" encoding="utf-8"?><testsuites name="pytest tests"><testsuite name="pytest" errors="0" failures="0" skipped="0" tests="16" time="5.376" timestamp="2026-04-03T12:14:08.777889+00:00" hostname="agent-env-4eca6b7a-c991-4980-a10d-e55301db3196"><testcase classname="tests.test_bidblitz_api.TestHealthCheck" name="test_api_health" time="0.149" /><testcase classname="tests.test_bidblitz_api.TestAuthRegister" name="test_register_new_user" time="0.333" /><testcase classname="tests.test_bidblitz_api.TestAuthRegister" name="test_register_duplicate_email" time="0.873" /><testcase classname="tests.test_bidblitz_api.TestAuthLogin" name="test_login_admin_success" time="0.322" /><testcase classname="tests.test_bidblitz_api.TestAuthLogin" name="test_login_wrong_password" time="0.352" /><testcase classname="tests.test_bidblitz_api.TestAuthLogin" name="test_login_nonexistent_user" time="0.136" /><testcase classname="tests.test_bidblitz_api.TestAuthMe" name="test_get_me_with_valid_session" time="0.377" /><testcase classname="tests.test_bidblitz_api.TestAuthMe" name="test_get_me_without_session" time="0.096" /><testcase classname="tests.test_bidblitz_api.TestWallet" name="test_get_wallet" time="0.448" /><testcase classname="tests.test_bidblitz_api.TestWallet" name="test_wallet_topup" time="0.455" /><testcase classname="tests.test_bidblitz_api.TestWallet" name="test_wallet_without_auth" time="0.101" /><testcase classname="tests.test_bidblitz_api.TestTransactions" name="test_get_transactions" time="0.374" /><testcase classname="tests.test_bidblitz_api.TestTransactions" name="test_transactions_without_auth" time="0.107" /><testcase classname="tests.test_bidblitz_api.TestMerchantDashboard" name="test_get_merchant_dashboard" time="0.436" /><testcase classname="tests.test_bidblitz_api.TestMerchantDashboard" name="test_merchant_without_auth" time="0.101" /><testcase classname="tests.test_bidblitz_api.TestAuthLogout" name="test_logout" time="0.527" /></testsuite></testsuites>