<?xml version="1.0" encoding="utf-8"?><testsuites name="pytest tests"><testsuite name="pytest" errors="0" failures="1" skipped="0" tests="22" time="5.964" timestamp="2026-01-17T22:21:39.142189+00:00" hostname="agent-env-6497f480-ec70-49cf-b71a-efa36029e115"><testcase classname="tests.test_new_features.TestPasswordResetFlow" name="test_forgot_password_valid_email" time="0.065" /><testcase classname="tests.test_new_features.TestPasswordResetFlow" name="test_forgot_password_invalid_email" time="0.039" /><testcase classname="tests.test_new_features.TestPasswordResetFlow" name="test_verify_reset_code_invalid" time="0.038" /><testcase classname="tests.test_new_features.TestPasswordResetFlow" name="test_full_password_reset_flow" time="0.619" /><testcase classname="tests.test_new_features.TestUserProfileManagement" name="test_get_profile_unauthorized" time="0.035" /><testcase classname="tests.test_new_features.TestUserProfileManagement" name="test_update_profile_name" time="0.336" /><testcase classname="tests.test_new_features.TestUserProfileManagement" name="test_update_profile_email_already_taken" time="0.302" /><testcase classname="tests.test_new_features.TestUserProfileManagement" name="test_change_password_wrong_current" time="0.522" /><testcase classname="tests.test_new_features.TestUserProfileManagement" name="test_change_password_success" time="1.357"><failure message="assert 401 == 200&#10; +  where 401 = &lt;Response [401]&gt;.status_code">tests/test_new_features.py:207: in test_change_password_success
    assert response.status_code == 200
E   assert 401 == 200
E    +  where 401 = &lt;Response [401]&gt;.status_code</failure></testcase><testcase classname="tests.test_new_features.TestBidHistory" name="test_get_bid_history_unauthorized" time="0.038" /><testcase classname="tests.test_new_features.TestBidHistory" name="test_get_bid_history" time="0.301" /><testcase classname="tests.test_new_features.TestPurchases" name="test_get_purchases_unauthorized" time="0.036" /><testcase classname="tests.test_new_features.TestPurchases" name="test_get_purchases" time="0.297" /><testcase classname="tests.test_new_features.TestAdminPayments" name="test_get_payments_unauthorized" time="0.036" /><testcase classname="tests.test_new_features.TestAdminPayments" name="test_get_payments_non_admin" time="0.306" /><testcase classname="tests.test_new_features.TestAdminPayments" name="test_get_payments_admin" time="0.322" /><testcase classname="tests.test_new_features.TestAdminLogs" name="test_get_logs_unauthorized" time="0.036" /><testcase classname="tests.test_new_features.TestAdminLogs" name="test_get_logs_non_admin" time="0.297" /><testcase classname="tests.test_new_features.TestAdminLogs" name="test_get_logs_admin" time="0.314" /><testcase classname="tests.test_new_features.TestAuthEndpoints" name="test_admin_login" time="0.259" /><testcase classname="tests.test_new_features.TestAuthEndpoints" name="test_customer_login" time="0.268" /><testcase classname="tests.test_new_features.TestAuthEndpoints" name="test_invalid_login" time="0.035" /></testsuite></testsuites>