<?xml version="1.0" encoding="utf-8"?><testsuites name="pytest tests"><testsuite name="pytest" errors="0" failures="0" skipped="2" tests="13" time="12.451" timestamp="2026-01-17T23:23:06.191019+00:00" hostname="agent-env-fc6a04a0-0c1c-45ff-99a9-b4159f001185"><testcase classname="tests.test_websocket_realtime.TestWebSocketConnection" name="test_websocket_single_auction_connection" time="0.083" /><testcase classname="tests.test_websocket_realtime.TestWebSocketConnection" name="test_websocket_all_auctions_connection" time="0.040" /><testcase classname="tests.test_websocket_realtime.TestWebSocketConnection" name="test_websocket_ping_pong" time="0.545" /><testcase classname="tests.test_websocket_realtime.TestBidPlacementREST" name="test_bid_placement_returns_correct_data" time="0.343"><skipped type="pytest.skip" message="Cannot place bid: Auction is not active">/app/tests/test_websocket_realtime.py:178: Cannot place bid: Auction is not active</skipped></testcase><testcase classname="tests.test_websocket_realtime.TestBidPlacementREST" name="test_auction_state_updates_after_bid" time="0.331"><skipped type="pytest.skip" message="Cannot place bid: Auction is not active">/app/tests/test_websocket_realtime.py:206: Cannot place bid: Auction is not active</skipped></testcase><testcase classname="tests.test_websocket_realtime.TestWebSocketBidBroadcast" name="test_bid_broadcast_to_single_auction_ws" time="10.264" /><testcase classname="tests.test_websocket_realtime.TestAuctionEndpoints" name="test_get_all_auctions" time="0.062" /><testcase classname="tests.test_websocket_realtime.TestAuctionEndpoints" name="test_get_active_auctions" time="0.037" /><testcase classname="tests.test_websocket_realtime.TestAuctionEndpoints" name="test_get_single_auction" time="0.036" /><testcase classname="tests.test_websocket_realtime.TestAuctionEndpoints" name="test_auction_has_required_fields" time="0.077" /><testcase classname="tests.test_websocket_realtime.TestAuthenticationFlow" name="test_customer_login" time="0.259" /><testcase classname="tests.test_websocket_realtime.TestAuthenticationFlow" name="test_admin_login" time="0.266" /><testcase classname="tests.test_websocket_realtime.TestAuthenticationFlow" name="test_bid_requires_authentication" time="0.034" /></testsuite></testsuites>