<?xml version="1.0" encoding="utf-8"?><testsuites name="pytest tests"><testsuite name="pytest" errors="0" failures="1" skipped="0" tests="15" time="3.951" timestamp="2026-01-18T09:32:12.830948+00:00" hostname="agent-env-88fd322a-9eae-4519-a5ee-7a03c5590583"><testcase classname="tests.test_buy_now_autobidder.TestAuthentication" name="test_buy_now_price_requires_auth" time="0.059" /><testcase classname="tests.test_buy_now_autobidder.TestAuthentication" name="test_buy_now_requires_auth" time="0.036" /><testcase classname="tests.test_buy_now_autobidder.TestAuthentication" name="test_autobidder_create_requires_auth" time="0.039" /><testcase classname="tests.test_buy_now_autobidder.TestAuthentication" name="test_autobidder_my_requires_auth" time="0.035" /><testcase classname="tests.test_buy_now_autobidder.TestBuyNowPrice" name="test_buy_now_price_returns_200" time="0.297" /><testcase classname="tests.test_buy_now_autobidder.TestBuyNowPrice" name="test_buy_now_price_structure" time="0.305" /><testcase classname="tests.test_buy_now_autobidder.TestBuyNowPrice" name="test_buy_now_price_calculation" time="0.295" /><testcase classname="tests.test_buy_now_autobidder.TestBuyNowPrice" name="test_buy_now_price_invalid_auction" time="0.302" /><testcase classname="tests.test_buy_now_autobidder.TestAutobidder" name="test_create_autobidder" time="0.293"><failure message="AssertionError: Expected 200, got 400: {&quot;detail&quot;:&quot;Auction is not active&quot;}&#10;assert 400 == 200&#10; +  where 400 = &lt;Response [400]&gt;.status_code">tests/test_buy_now_autobidder.py:156: in test_create_autobidder
    assert response.status_code == 200, f"Expected 200, got {response.status_code}: {response.text}"
E   AssertionError: Expected 200, got 400: {"detail":"Auction is not active"}
E   assert 400 == 200
E    +  where 400 = &lt;Response [400]&gt;.status_code</failure></testcase><testcase classname="tests.test_buy_now_autobidder.TestAutobidder" name="test_get_my_autobidders" time="0.291" /><testcase classname="tests.test_buy_now_autobidder.TestAutobidder" name="test_autobidder_structure" time="0.327" /><testcase classname="tests.test_buy_now_autobidder.TestBuyNowPurchase" name="test_buy_now_on_ended_auction_fails" time="0.609" /><testcase classname="tests.test_buy_now_autobidder.TestBuyNowPurchase" name="test_buy_now_invalid_auction_fails" time="0.598" /><testcase classname="tests.test_buy_now_autobidder.TestTranslations" name="test_auction_detail_loads" time="0.037" /><testcase classname="tests.test_buy_now_autobidder.TestBidCreditsCalculation" name="test_bid_credit_formula" time="0.335" /></testsuite></testsuites>