<?xml version="1.0" encoding="utf-8"?><testsuites name="pytest tests"><testsuite name="pytest" errors="0" failures="0" skipped="0" tests="13" time="9.825" timestamp="2026-02-19T17:14:06.114283+00:00" hostname="agent-env-0787638a-f9a0-467d-ab01-687f8bd4ccab"><testcase classname="backend.tests.test_referral_notifications.TestReferralAPIs" name="test_get_my_referral_code" time="1.507" /><testcase classname="backend.tests.test_referral_notifications.TestReferralAPIs" name="test_get_my_referral_code_unauthenticated" time="0.141" /><testcase classname="backend.tests.test_referral_notifications.TestReferralAPIs" name="test_get_my_referrals" time="1.250" /><testcase classname="backend.tests.test_referral_notifications.TestActivePromotions" name="test_get_active_promotions_default_language" time="0.232" /><testcase classname="backend.tests.test_referral_notifications.TestActivePromotions" name="test_get_active_promotions_english" time="0.271" /><testcase classname="backend.tests.test_referral_notifications.TestActivePromotions" name="test_get_active_promotions_turkish" time="0.273" /><testcase classname="backend.tests.test_referral_notifications.TestNotifications" name="test_get_notifications" time="1.361" /><testcase classname="backend.tests.test_referral_notifications.TestNotifications" name="test_get_notifications_with_limit" time="1.420" /><testcase classname="backend.tests.test_referral_notifications.TestNotifications" name="test_get_notifications_unauthenticated" time="0.178" /><testcase classname="backend.tests.test_referral_notifications.TestNotifications" name="test_mark_all_notifications_read" time="1.521" /><testcase classname="backend.tests.test_referral_notifications.TestPartnerDepositCommissions" name="test_partner_stats_endpoint_exists" time="0.151" /><testcase classname="backend.tests.test_referral_notifications.TestReferralCodeUsage" name="test_use_invalid_referral_code" time="1.321" /><testcase classname="backend.tests.test_referral_notifications.TestReferralCodeUsage" name="test_use_referral_code_unauthenticated" time="0.127" /></testsuite></testsuites>