<?xml version="1.0" encoding="utf-8"?><testsuites name="pytest tests"><testsuite name="pytest" errors="0" failures="1" skipped="0" tests="10" time="1.926" timestamp="2026-02-08T10:51:03.452565+00:00" hostname="agent-env-a8eab12d-5e21-4207-8358-2189de7d13cd"><testcase classname="backend.tests.test_maintenance_referral.TestMaintenanceAPI" name="test_maintenance_status_public" time="0.073" /><testcase classname="backend.tests.test_maintenance_referral.TestMaintenanceAPI" name="test_maintenance_admin_status_requires_auth" time="0.032" /><testcase classname="backend.tests.test_maintenance_referral.TestMaintenanceAPI" name="test_maintenance_admin_status_with_auth" time="0.307" /><testcase classname="backend.tests.test_maintenance_referral.TestMaintenanceAPI" name="test_maintenance_toggle_requires_auth" time="0.035" /><testcase classname="backend.tests.test_maintenance_referral.TestMaintenanceAPI" name="test_maintenance_toggle_enable" time="0.368" /><testcase classname="backend.tests.test_maintenance_referral.TestMaintenanceAPI" name="test_maintenance_toggle_disable" time="0.329" /><testcase classname="backend.tests.test_maintenance_referral.TestReferralAPI" name="test_referral_stats_requires_auth" time="0.032" /><testcase classname="backend.tests.test_maintenance_referral.TestReferralAPI" name="test_referral_stats_with_auth" time="0.338"><failure message="AssertionError: Response should contain 'referral_code'&#10;assert 'referral_code' in {'code': None, 'pending_referrals': 0, 'successful_referrals': 0, 'total_earned': 0, ...}">backend/tests/test_maintenance_referral.py:196: in test_referral_stats_with_auth
    assert "referral_code" in data, "Response should contain 'referral_code'"
E   AssertionError: Response should contain 'referral_code'
E   assert 'referral_code' in {'code': None, 'pending_referrals': 0, 'successful_referrals': 0, 'total_earned': 0, ...}</failure></testcase><testcase classname="backend.tests.test_maintenance_referral.TestInfluencerAPI" name="test_influencer_list_requires_auth" time="0.032" /><testcase classname="backend.tests.test_maintenance_referral.TestInfluencerAPI" name="test_influencer_list_with_auth" time="0.302" /></testsuite></testsuites>