<?xml version="1.0" encoding="utf-8"?><testsuites name="pytest tests"><testsuite name="pytest" errors="0" failures="6" skipped="0" tests="16" time="2.877" timestamp="2026-01-24T11:42:45.256444+00:00" hostname="agent-env-8c994884-ca92-46eb-a819-fcc7ba53bfbd"><testcase classname="backend.tests.test_new_features.TestBidEndpoint" name="test_bid_endpoint_exists" time="0.238" /><testcase classname="backend.tests.test_new_features.TestAuctionOfTheDay" name="test_aotd_endpoint_exists" time="0.074" /><testcase classname="backend.tests.test_new_features.TestAuctionOfTheDay" name="test_admin_set_aotd_requires_auth" time="0.140" /><testcase classname="backend.tests.test_new_features.TestUserStats" name="test_user_stats_requires_auth" time="0.037" /><testcase classname="backend.tests.test_new_features.TestUserStats" name="test_achievements_endpoint" time="0.034" /><testcase classname="backend.tests.test_new_features.TestAuthentication" name="test_customer_login" time="0.271"><failure message="AssertionError: assert 'access_token' in {'token': 'eyJhbGciOiJIUzI1NiIsInR5cCI6IkpXVCJ9.eyJ1c2VyX2lkIjoiOTM3NTFjZDQtZmNkMy00MWRhLTgyZTItOGY0NTUzMjJiYTI0IiwiaXNfYWRtaW4iOmZhbHNlLCJleHAiOjE3NjkzNDEzNjZ9.gHrjNF5hBJG0PcvCltJFACosMRLNGLrtENMD5p0myrE', 'user': {'bids_balance': 109, 'email': 'kunde@bidblitz.de', 'id': '93751cd4-fcd3-41da-82e2-8f455322ba24', 'is_admin': False, ...}}">backend/tests/test_new_features.py:117: in test_customer_login
    assert "access_token" in data
E   AssertionError: assert 'access_token' in {'token': 'eyJhbGciOiJIUzI1NiIsInR5cCI6IkpXVCJ9.eyJ1c2VyX2lkIjoiOTM3NTFjZDQtZmNkMy00MWRhLTgyZTItOGY0NTUzMjJiYTI0IiwiaXNfYWRtaW4iOmZhbHNlLCJleHAiOjE3NjkzNDEzNjZ9.gHrjNF5hBJG0PcvCltJFACosMRLNGLrtENMD5p0myrE', 'user': {'bids_balance': 109, 'email': 'kunde@bidblitz.de', 'id': '93751cd4-fcd3-41da-82e2-8f455322ba24', 'is_admin': False, ...}}</failure></testcase><testcase classname="backend.tests.test_new_features.TestAuthentication" name="test_admin_login" time="0.259"><failure message="AssertionError: assert 'access_token' in {'token': 'eyJhbGciOiJIUzI1NiIsInR5cCI6IkpXVCJ9.eyJ1c2VyX2lkIjoiMDExYTA4NDYtNDE2Ni00YThmLWI0ZDEtYTVjNWM4YzAyNGNhIiwiaXNfYWRtaW4iOnRydWUsImV4cCI6MTc2OTM0MTM2Nn0.azBU1cqIFZXOCTyQwBC-SaR4pvuQuoUOZdDX7rYx1HA', 'user': {'bids_balance': 1014, 'email': 'admin@bidblitz.de', 'id': '011a0846-4166-4a8f-b4d1-a5c5c8c024ca', 'is_admin': True, ...}}">backend/tests/test_new_features.py:128: in test_admin_login
    assert "access_token" in data
E   AssertionError: assert 'access_token' in {'token': 'eyJhbGciOiJIUzI1NiIsInR5cCI6IkpXVCJ9.eyJ1c2VyX2lkIjoiMDExYTA4NDYtNDE2Ni00YThmLWI0ZDEtYTVjNWM4YzAyNGNhIiwiaXNfYWRtaW4iOnRydWUsImV4cCI6MTc2OTM0MTM2Nn0.azBU1cqIFZXOCTyQwBC-SaR4pvuQuoUOZdDX7rYx1HA', 'user': {'bids_balance': 1014, 'email': 'admin@bidblitz.de', 'id': '011a0846-4166-4a8f-b4d1-a5c5c8c024ca', 'is_admin': True, ...}}</failure></testcase><testcase classname="backend.tests.test_new_features.TestAuthenticatedFeatures" name="test_authenticated_bid" time="0.409"><failure message="AssertionError: Unexpected status: 401&#10;assert 401 in [200, 400]&#10; +  where 401 = &lt;Response [401]&gt;.status_code">backend/tests/test_new_features.py:176: in test_authenticated_bid
    assert bid_response.status_code in [200, 400], f"Unexpected status: {bid_response.status_code}"
E   AssertionError: Unexpected status: 401
E   assert 401 in [200, 400]
E    +  where 401 = &lt;Response [401]&gt;.status_code</failure></testcase><testcase classname="backend.tests.test_new_features.TestAuthenticatedFeatures" name="test_user_achievements" time="0.333"><failure message="assert 401 == 200&#10; +  where 401 = &lt;Response [401]&gt;.status_code">backend/tests/test_new_features.py:188: in test_user_achievements
    assert response.status_code == 200
E   assert 401 == 200
E    +  where 401 = &lt;Response [401]&gt;.status_code</failure></testcase><testcase classname="backend.tests.test_new_features.TestAuthenticatedFeatures" name="test_admin_set_aotd" time="0.392"><failure message="assert 401 == 200&#10; +  where 401 = &lt;Response [401]&gt;.status_code">backend/tests/test_new_features.py:205: in test_admin_set_aotd
    assert set_response.status_code == 200
E   assert 401 == 200
E    +  where 401 = &lt;Response [401]&gt;.status_code</failure></testcase><testcase classname="backend.tests.test_new_features.TestAuctionEndpoints" name="test_get_auctions" time="0.107" /><testcase classname="backend.tests.test_new_features.TestAuctionEndpoints" name="test_get_active_auctions" time="0.102"><failure message="AssertionError: assert 'ended' == 'active'&#10;  &#10;  - active&#10;  + ended">backend/tests/test_new_features.py:237: in test_get_active_auctions
    assert auction.get('status') == 'active'
E   AssertionError: assert 'ended' == 'active'
E     
E     - active
E     + ended</failure></testcase><testcase classname="backend.tests.test_new_features.TestAuctionEndpoints" name="test_get_auction_detail" time="0.140" /><testcase classname="backend.tests.test_new_features.TestAuctionEndpoints" name="test_get_bid_history" time="0.158" /><testcase classname="backend.tests.test_new_features.TestProducts" name="test_get_products" time="0.043" /><testcase classname="backend.tests.test_new_features.TestHealthCheck" name="test_health" time="0.036" /></testsuite></testsuites>