<?xml version="1.0" encoding="utf-8"?><testsuites name="pytest tests"><testsuite name="pytest" errors="0" failures="0" skipped="0" tests="11" time="10.388" timestamp="2026-02-18T21:34:17.759849+00:00" hostname="agent-env-a2eb7434-8c09-4297-b46e-8c8207ecbb8c"><testcase classname="backend.tests.test_voucher_bots_cashback.TestVoucherBotSystem" name="test_configure_voucher_bots" time="2.295" /><testcase classname="backend.tests.test_voucher_bots_cashback.TestVoucherBotSystem" name="test_configure_voucher_bots_custom_percent" time="2.165" /><testcase classname="backend.tests.test_voucher_bots_cashback.TestVoucherBotSystem" name="test_configure_voucher_bots_invalid_percent" time="1.091" /><testcase classname="backend.tests.test_voucher_bots_cashback.TestVoucherBotSystem" name="test_get_voucher_bot_status" time="1.270" /><testcase classname="backend.tests.test_voucher_bots_cashback.TestCashbackPromotions" name="test_get_promotions" time="0.409" /><testcase classname="backend.tests.test_voucher_bots_cashback.TestCashbackPromotions" name="test_create_promotion" time="0.448" /><testcase classname="backend.tests.test_voucher_bots_cashback.TestCashbackPromotions" name="test_create_promotion_invalid_rate" time="0.143" /><testcase classname="backend.tests.test_voucher_bots_cashback.TestCashbackPromotions" name="test_create_promotion_invalid_duration" time="0.136" /><testcase classname="backend.tests.test_voucher_bots_cashback.TestCashbackPromotions" name="test_create_promotion_invalid_partner" time="0.387" /><testcase classname="backend.tests.test_voucher_bots_cashback.TestCashbackPromotions" name="test_remove_promotion" time="0.721" /><testcase classname="backend.tests.test_voucher_bots_cashback.TestCashbackPromotions" name="test_promotion_lifecycle" time="1.258" /></testsuite></testsuites>