<?xml version="1.0" encoding="utf-8"?><testsuites name="pytest tests"><testsuite name="pytest" errors="0" failures="0" skipped="0" tests="8" time="5.479" timestamp="2026-02-24T22:13:45.977094+00:00" hostname="agent-env-b02ceb6b-831c-4b94-a626-eef202085103"><testcase classname="backend.tests.test_staff_permission_system.TestStaffPermissionSystem" name="test_counter_role_permissions" time="0.570" /><testcase classname="backend.tests.test_staff_permission_system.TestStaffPermissionSystem" name="test_support_role_permissions" time="0.525" /><testcase classname="backend.tests.test_staff_permission_system.TestStaffPermissionSystem" name="test_marketing_role_permissions" time="0.555" /><testcase classname="backend.tests.test_staff_permission_system.TestStaffPermissionSystem" name="test_role_permissions_mapping" time="2.029" /><testcase classname="backend.tests.test_staff_permission_system.TestPOSAccessLogic" name="test_counter_pos_access" time="0.505" /><testcase classname="backend.tests.test_staff_permission_system.TestPOSAccessLogic" name="test_support_pos_access" time="0.487" /><testcase classname="backend.tests.test_staff_permission_system.TestPOSAccessLogic" name="test_marketing_pos_access" time="0.588" /><testcase classname="backend.tests.test_staff_permission_system.TestHealthCheck" name="test_api_health" time="0.147" /></testsuite></testsuites>