<?xml version="1.0" encoding="utf-8"?><testsuites name="pytest tests"><testsuite name="pytest" errors="0" failures="1" skipped="0" tests="7" time="2.128" timestamp="2026-02-08T11:11:01.599771+00:00" hostname="agent-env-a8eab12d-5e21-4207-8358-2189de7d13cd"><testcase classname="backend.tests.test_wholesale_translations.TestWholesaleAPI" name="test_get_wholesale_applications" time="0.336" /><testcase classname="backend.tests.test_wholesale_translations.TestWholesaleAPI" name="test_get_wholesale_customers" time="0.345" /><testcase classname="backend.tests.test_wholesale_translations.TestWholesaleAPI" name="test_wholesale_apply_and_approve_without_user" time="0.404" /><testcase classname="backend.tests.test_wholesale_translations.TestMaintenanceAPI" name="test_maintenance_status_public" time="0.299" /><testcase classname="backend.tests.test_wholesale_translations.TestMaintenanceAPI" name="test_maintenance_toggle_enable" time="0.335" /><testcase classname="backend.tests.test_wholesale_translations.TestMaintenanceAPI" name="test_maintenance_toggle_disable" time="0.332" /><testcase classname="backend.tests.test_wholesale_translations.TestTranslations" name="test_translation_keys_in_file" time="0.004"><failure message="AssertionError: Expected at least 20 uvp translations, found 17&#10;assert 17 &gt;= 20">backend/tests/test_wholesale_translations.py:184: in test_translation_keys_in_file
    assert uvp_count &gt;= 20, f"Expected at least 20 uvp translations, found {uvp_count}"
E   AssertionError: Expected at least 20 uvp translations, found 17
E   assert 17 &gt;= 20</failure></testcase></testsuite></testsuites>