<?xml version="1.0" encoding="utf-8"?><testsuites name="pytest tests"><testsuite name="pytest" errors="0" failures="0" skipped="0" tests="19" time="8.415" timestamp="2026-02-19T03:56:52.703456+00:00" hostname="agent-env-fe85f6b1-d69d-4173-a1bb-99d63e83ece8"><testcase classname="backend.tests.test_priority2_features.TestAutoBidSystem" name="test_get_my_auto_bids_empty" time="1.949" /><testcase classname="backend.tests.test_priority2_features.TestAutoBidSystem" name="test_configure_auto_bid_requires_auth" time="1.219" /><testcase classname="backend.tests.test_priority2_features.TestAutoBidSystem" name="test_configure_auto_bid_invalid_auction" time="0.309" /><testcase classname="backend.tests.test_priority2_features.TestAutoBidSystem" name="test_configure_auto_bid_invalid_price" time="0.336" /><testcase classname="backend.tests.test_priority2_features.TestAutoBidSystem" name="test_toggle_auto_bid_not_configured" time="0.314" /><testcase classname="backend.tests.test_priority2_features.TestAutoBidSystem" name="test_update_auto_bid_not_found" time="0.394" /><testcase classname="backend.tests.test_priority2_features.TestAutoBidSystem" name="test_delete_auto_bid_not_found" time="0.337" /><testcase classname="backend.tests.test_priority2_features.TestWatchlistSystem" name="test_get_my_watchlist" time="0.311" /><testcase classname="backend.tests.test_priority2_features.TestWatchlistSystem" name="test_get_my_watchlist_with_status_filter" time="0.318" /><testcase classname="backend.tests.test_priority2_features.TestWatchlistSystem" name="test_add_to_watchlist_requires_auth" time="0.068" /><testcase classname="backend.tests.test_priority2_features.TestWatchlistSystem" name="test_add_to_watchlist_invalid_auction" time="0.303" /><testcase classname="backend.tests.test_priority2_features.TestWatchlistSystem" name="test_add_to_watchlist_success" time="0.724" /><testcase classname="backend.tests.test_priority2_features.TestWatchlistSystem" name="test_check_watchlist_status" time="0.306" /><testcase classname="backend.tests.test_priority2_features.TestWatchlistSystem" name="test_remove_from_watchlist_not_found" time="0.313" /><testcase classname="backend.tests.test_priority2_features.TestVIPLoyaltyProgram" name="test_loyalty_status_returns_restaurant_data_bug" time="0.309" /><testcase classname="backend.tests.test_priority2_features.TestVIPLoyaltyProgram" name="test_loyalty_tiers_not_found_bug" time="0.061" /><testcase classname="backend.tests.test_priority2_features.TestVIPLoyaltyProgram" name="test_claim_daily_not_found_bug" time="0.050" /><testcase classname="backend.tests.test_priority2_features.TestVIPLoyaltyProgram" name="test_leaderboard_returns_restaurant_data_bug" time="0.406" /><testcase classname="backend.tests.test_priority2_features.TestIntegration" name="test_watchlist_add_and_verify" time="0.309" /></testsuite></testsuites>