<?xml version="1.0" encoding="utf-8"?><testsuites name="pytest tests"><testsuite name="pytest" errors="0" failures="2" skipped="2" tests="13" time="14.546" timestamp="2026-01-17T23:19:57.798710+00:00" hostname="agent-env-fc6a04a0-0c1c-45ff-99a9-b4159f001185"><testcase classname="tests.test_websocket_realtime.TestWebSocketConnection" name="test_websocket_single_auction_connection" time="1.079"><failure message="AssertionError: Should receive initial auction state&#10;assert 0 &gt; 0&#10; +  where 0 = len([])">tests/test_websocket_realtime.py:64: in test_websocket_single_auction_connection
    assert len(received_messages) &gt; 0, "Should receive initial auction state"
E   AssertionError: Should receive initial auction state
E   assert 0 &gt; 0
E    +  where 0 = len([])</failure></testcase><testcase classname="tests.test_websocket_realtime.TestWebSocketConnection" name="test_websocket_all_auctions_connection" time="1.044"><failure message="AssertionError: Should receive initial auctions state&#10;assert 0 &gt; 0&#10; +  where 0 = len([])">tests/test_websocket_realtime.py:106: in test_websocket_all_auctions_connection
    assert len(received_messages) &gt; 0, "Should receive initial auctions state"
E   AssertionError: Should receive initial auctions state
E   assert 0 &gt; 0
E    +  where 0 = len([])</failure></testcase><testcase classname="tests.test_websocket_realtime.TestWebSocketConnection" name="test_websocket_ping_pong" time="0.544" /><testcase classname="tests.test_websocket_realtime.TestBidPlacementREST" name="test_bid_placement_returns_correct_data" time="0.356"><skipped type="pytest.skip" message="Cannot place bid: Auction is not active">/app/tests/test_websocket_realtime.py:182: Cannot place bid: Auction is not active</skipped></testcase><testcase classname="tests.test_websocket_realtime.TestBidPlacementREST" name="test_auction_state_updates_after_bid" time="0.343"><skipped type="pytest.skip" message="Cannot place bid: Auction is not active">/app/tests/test_websocket_realtime.py:210: Cannot place bid: Auction is not active</skipped></testcase><testcase classname="tests.test_websocket_realtime.TestWebSocketBidBroadcast" name="test_bid_broadcast_to_single_auction_ws" time="10.263" /><testcase classname="tests.test_websocket_realtime.TestAuctionEndpoints" name="test_get_all_auctions" time="0.069" /><testcase classname="tests.test_websocket_realtime.TestAuctionEndpoints" name="test_get_active_auctions" time="0.039" /><testcase classname="tests.test_websocket_realtime.TestAuctionEndpoints" name="test_get_single_auction" time="0.077" /><testcase classname="tests.test_websocket_realtime.TestAuctionEndpoints" name="test_auction_has_required_fields" time="0.038" /><testcase classname="tests.test_websocket_realtime.TestAuthenticationFlow" name="test_customer_login" time="0.258" /><testcase classname="tests.test_websocket_realtime.TestAuthenticationFlow" name="test_admin_login" time="0.301" /><testcase classname="tests.test_websocket_realtime.TestAuthenticationFlow" name="test_bid_requires_authentication" time="0.036" /></testsuite></testsuites>