<?xml version="1.0" encoding="utf-8"?><testsuites name="pytest tests"><testsuite name="pytest" errors="0" failures="0" skipped="0" tests="10" time="8.093" timestamp="2026-02-22T23:21:08.157465+00:00" hostname="agent-env-cd559e82-eaed-40a9-b2a3-a3a8481d883a"><testcase classname="backend.tests.test_sales_commission.TestSalesCommissionAPI" name="test_get_commission_settings_includes_sales_commission" time="0.397" /><testcase classname="backend.tests.test_sales_commission.TestSalesCommissionAPI" name="test_put_commission_settings_with_sales_commission" time="0.393" /><testcase classname="backend.tests.test_sales_commission.TestSalesCommissionAPI" name="test_sales_commission_persistence" time="0.640" /><testcase classname="backend.tests.test_sales_commission.TestSalesCommissionAPI" name="test_sales_commission_validation_max" time="0.280" /><testcase classname="backend.tests.test_sales_commission.TestSalesCommissionAPI" name="test_sales_commission_validation_negative" time="0.254" /><testcase classname="backend.tests.test_sales_commission.TestSalesCommissionAPI" name="test_sales_commission_valid_range" time="2.938" /><testcase classname="backend.tests.test_sales_commission.TestSalesCommissionAPI" name="test_sales_commission_decimal_precision" time="0.609" /><testcase classname="backend.tests.test_sales_commission.TestAdminListWithSalesCommission" name="test_admin_list_includes_sales_commission" time="1.062" /><testcase classname="backend.tests.test_sales_commission.TestAdminListWithSalesCommission" name="test_sales_commission_default_value_in_list" time="1.103" /><testcase classname="backend.tests.test_sales_commission.TestSalesCommissionCleanup" name="test_reset_commission_settings_with_sales_commission" time="0.351" /></testsuite></testsuites>