<?xml version="1.0" encoding="utf-8"?><testsuites name="pytest tests"><testsuite name="pytest" errors="0" failures="0" skipped="0" tests="16" time="2.252" timestamp="2026-02-02T16:44:09.040532+00:00" hostname="agent-env-cae35154-016c-4172-a7a7-d185ea9f289b"><testcase classname="backend.tests.test_manager_system.TestManagerLogin" name="test_manager_login_success" time="0.075" /><testcase classname="backend.tests.test_manager_system.TestManagerLogin" name="test_manager_login_invalid_credentials" time="0.043" /><testcase classname="backend.tests.test_manager_system.TestManagerLogin" name="test_manager_login_missing_fields" time="0.077" /><testcase classname="backend.tests.test_manager_system.TestManagerDashboard" name="test_manager_dashboard_success" time="0.079" /><testcase classname="backend.tests.test_manager_system.TestManagerDashboard" name="test_manager_dashboard_invalid_id" time="0.034" /><testcase classname="backend.tests.test_manager_system.TestAdminManagerCreate" name="test_create_manager_success" time="0.306" /><testcase classname="backend.tests.test_manager_system.TestAdminManagerCreate" name="test_create_manager_duplicate_email" time="0.307" /><testcase classname="backend.tests.test_manager_system.TestAdminManagerCreate" name="test_create_manager_unauthorized" time="0.034" /><testcase classname="backend.tests.test_manager_system.TestAdminManagerList" name="test_list_managers_success" time="0.303" /><testcase classname="backend.tests.test_manager_system.TestAdminManagerList" name="test_list_managers_unauthorized" time="0.033" /><testcase classname="backend.tests.test_manager_system.TestManagerInfluencerManagement" name="test_approve_influencer_endpoint_exists" time="0.077" /><testcase classname="backend.tests.test_manager_system.TestManagerInfluencerManagement" name="test_block_influencer_endpoint_exists" time="0.068" /><testcase classname="backend.tests.test_manager_system.TestManagerCommissionCalculation" name="test_commission_percent_is_15" time="0.034" /><testcase classname="backend.tests.test_manager_system.TestManagerCommissionCalculation" name="test_dashboard_shows_commission_calculation" time="0.078" /><testcase classname="backend.tests.test_manager_system.TestAdminPanelManagerTab" name="test_admin_can_access_manager_list" time="0.304" /><testcase classname="backend.tests.test_manager_system.TestAdminPanelManagerTab" name="test_admin_can_access_cities_list" time="0.315" /></testsuite></testsuites>