<?xml version="1.0" encoding="utf-8"?><testsuites name="pytest tests"><testsuite name="pytest" errors="0" failures="0" skipped="0" tests="22" time="16.130" timestamp="2026-02-18T21:53:40.487464+00:00" hostname="agent-env-a2eb7434-8c09-4297-b46e-8c8207ecbb8c"><testcase classname="tests.test_partner_referral_staff_cards.TestPartnerReferralMyCode" name="test_get_referral_code_success" time="1.343" /><testcase classname="tests.test_partner_referral_staff_cards.TestPartnerReferralMyCode" name="test_get_referral_code_invalid_token" time="0.199" /><testcase classname="tests.test_partner_referral_staff_cards.TestPartnerReferralStats" name="test_get_referral_stats_success" time="0.917" /><testcase classname="tests.test_partner_referral_staff_cards.TestPartnerReferralStats" name="test_get_referral_stats_invalid_token" time="0.181" /><testcase classname="tests.test_partner_referral_staff_cards.TestPartnerReferralLeaderboard" name="test_get_leaderboard_success" time="0.326" /><testcase classname="tests.test_partner_referral_staff_cards.TestPartnerReferralApply" name="test_apply_invalid_code" time="0.315" /><testcase classname="tests.test_partner_referral_staff_cards.TestPartnerReferralApply" name="test_apply_invalid_partner" time="1.209" /><testcase classname="tests.test_partner_referral_staff_cards.TestStaffCardsPreview" name="test_preview_staff_card_success" time="1.382" /><testcase classname="tests.test_partner_referral_staff_cards.TestStaffCardsPreview" name="test_preview_invalid_staff" time="0.332" /><testcase classname="tests.test_partner_referral_staff_cards.TestStaffCardsPreview" name="test_preview_invalid_token" time="0.184" /><testcase classname="tests.test_partner_referral_staff_cards.TestStaffCardsSingle" name="test_get_single_card_success" time="1.899" /><testcase classname="tests.test_partner_referral_staff_cards.TestStaffCardsSingle" name="test_single_card_invalid_staff" time="0.336" /><testcase classname="tests.test_partner_referral_staff_cards.TestStaffCardsA4Sheet" name="test_a4_sheet_success" time="1.341" /><testcase classname="tests.test_partner_referral_staff_cards.TestStaffCardsA4Sheet" name="test_a4_sheet_empty_list" time="0.200" /><testcase classname="tests.test_partner_referral_staff_cards.TestStaffCardsA4Sheet" name="test_a4_sheet_invalid_staff" time="0.465" /><testcase classname="tests.test_partner_referral_staff_cards.TestStaffCardsA4Sheet" name="test_a4_sheet_too_many_staff" time="0.212" /><testcase classname="tests.test_partner_referral_staff_cards.TestStaffCardsAll" name="test_get_all_cards_success" time="0.999" /><testcase classname="tests.test_partner_referral_staff_cards.TestStaffCardsAll" name="test_get_all_cards_invalid_token" time="0.223" /><testcase classname="tests.test_partner_referral_staff_cards.TestStaffCardsAdminAllPartners" name="test_admin_all_partners_success" time="1.561" /><testcase classname="tests.test_partner_referral_staff_cards.TestStaffCardsAdminAllPartners" name="test_admin_all_partners_no_auth" time="0.199" /><testcase classname="tests.test_partner_referral_staff_cards.TestIntegration" name="test_referral_code_persistence" time="1.479" /><testcase classname="tests.test_partner_referral_staff_cards.TestIntegration" name="test_staff_card_qr_contains_correct_data" time="0.735" /></testsuite></testsuites>