<?xml version="1.0" encoding="utf-8"?><testsuites name="pytest tests"><testsuite name="pytest" errors="0" failures="0" skipped="0" tests="12" time="16.498" timestamp="2026-02-25T11:38:45.794216+00:00" hostname="agent-env-91d2cc13-b11b-45e8-9d22-ba72964531e2"><testcase classname="backend.tests.test_customer_qr_payment.TestCustomerQRPaymentFlow" name="test_01_customer_login" time="1.835" /><testcase classname="backend.tests.test_customer_qr_payment.TestCustomerQRPaymentFlow" name="test_02_get_customer_balance" time="1.378" /><testcase classname="backend.tests.test_customer_qr_payment.TestCustomerQRPaymentFlow" name="test_03_generate_customer_qr" time="1.211" /><testcase classname="backend.tests.test_customer_qr_payment.TestCustomerQRPaymentFlow" name="test_04_pos_payment_with_compact_qr_format" time="2.602" /><testcase classname="backend.tests.test_customer_qr_payment.TestCustomerQRPaymentFlow" name="test_05_token_reuse_prevention" time="1.590" /><testcase classname="backend.tests.test_customer_qr_payment.TestCustomerQRPaymentFlow" name="test_06_generate_new_qr_for_direct_token_test" time="1.191" /><testcase classname="backend.tests.test_customer_qr_payment.TestCustomerQRPaymentFlow" name="test_07_pos_payment_with_direct_token" time="3.093" /><testcase classname="backend.tests.test_customer_qr_payment.TestCustomerQRPaymentFlow" name="test_08_verify_balance_deduction" time="1.354" /><testcase classname="backend.tests.test_customer_qr_payment.TestQRCodeFormats" name="test_01_bidblitz_v1_format" time="0.720" /><testcase classname="backend.tests.test_customer_qr_payment.TestQRCodeFormats" name="test_02_invalid_qr_format" time="0.728" /><testcase classname="backend.tests.test_customer_qr_payment.TestStaffPOSPaymentTab" name="test_01_staff_login" time="0.499" /><testcase classname="backend.tests.test_customer_qr_payment.TestStaffPOSPaymentTab" name="test_02_pos_payment_endpoint_exists" time="0.224" /></testsuite></testsuites>