<?xml version="1.0" encoding="utf-8"?><testsuites name="pytest tests"><testsuite name="pytest" errors="0" failures="0" skipped="0" tests="16" time="14.155" timestamp="2026-02-17T12:18:34.776599+00:00" hostname="agent-env-9d0c9c38-ee33-4f7b-a9d0-926a47a07260"><testcase classname="backend.tests.test_partner_portal.TestPartnerPortalAuth" name="test_login_success" time="0.760" /><testcase classname="backend.tests.test_partner_portal.TestPartnerPortalAuth" name="test_login_invalid_credentials" time="0.532" /><testcase classname="backend.tests.test_partner_portal.TestPartnerPortalAuth" name="test_login_missing_fields" time="0.181" /><testcase classname="backend.tests.test_partner_portal.TestPartnerDashboard" name="test_dashboard_returns_stats" time="1.467" /><testcase classname="backend.tests.test_partner_portal.TestPartnerDashboard" name="test_dashboard_recent_redemptions_format" time="1.434" /><testcase classname="backend.tests.test_partner_portal.TestPartnerDashboard" name="test_dashboard_unauthorized" time="0.407" /><testcase classname="backend.tests.test_partner_portal.TestPartnerStatistics" name="test_statistics_returns_overview" time="1.111" /><testcase classname="backend.tests.test_partner_portal.TestPartnerStatistics" name="test_statistics_returns_financials" time="1.136" /><testcase classname="backend.tests.test_partner_portal.TestPartnerStatistics" name="test_statistics_returns_chart_data" time="1.066" /><testcase classname="backend.tests.test_partner_portal.TestStripeConnect" name="test_account_status_returns_connection_info" time="0.990" /><testcase classname="backend.tests.test_partner_portal.TestStripeConnect" name="test_payout_history_returns_list" time="1.051" /><testcase classname="backend.tests.test_partner_portal.TestDocumentVerification" name="test_document_types_returns_list" time="0.118" /><testcase classname="backend.tests.test_partner_portal.TestDocumentVerification" name="test_document_types_has_required_documents" time="0.098" /><testcase classname="backend.tests.test_partner_portal.TestDocumentVerification" name="test_verification_status_returns_info" time="1.182" /><testcase classname="backend.tests.test_partner_portal.TestDocumentVerification" name="test_my_documents_returns_list" time="1.059" /><testcase classname="backend.tests.test_partner_portal.TestPartnerProfile" name="test_dashboard_returns_partner_info" time="1.466" /></testsuite></testsuites>