<?xml version="1.0" encoding="utf-8"?><testsuites name="pytest tests"><testsuite name="pytest" errors="0" failures="0" skipped="0" tests="11" time="1.813" timestamp="2026-02-09T08:10:48.012411+00:00" hostname="agent-env-e6f798e0-5f1a-4ea4-9d9b-690eb900ec06"><testcase classname="backend.tests.test_mobile_app_apis.TestAuthAPI" name="test_login_success" time="0.300" /><testcase classname="backend.tests.test_mobile_app_apis.TestAuthAPI" name="test_login_invalid_credentials" time="0.047" /><testcase classname="backend.tests.test_mobile_app_apis.TestAuthAPI" name="test_login_missing_fields" time="0.039" /><testcase classname="backend.tests.test_mobile_app_apis.TestAuthAPI" name="test_get_profile" time="0.304" /><testcase classname="backend.tests.test_mobile_app_apis.TestAuthAPI" name="test_get_profile_unauthorized" time="0.037" /><testcase classname="backend.tests.test_mobile_app_apis.TestAuctionsAPI" name="test_get_auctions_list" time="0.073" /><testcase classname="backend.tests.test_mobile_app_apis.TestAuctionsAPI" name="test_get_auctions_with_filters" time="0.151" /><testcase classname="backend.tests.test_mobile_app_apis.TestAuctionsAPI" name="test_get_single_auction" time="0.133" /><testcase classname="backend.tests.test_mobile_app_apis.TestJackpotAPI" name="test_get_jackpot_status" time="0.038" /><testcase classname="backend.tests.test_mobile_app_apis.TestUserStatsAPI" name="test_get_user_stats" time="0.309" /><testcase classname="backend.tests.test_mobile_app_apis.TestDailyRewardAPI" name="test_get_daily_reward_status" time="0.313" /></testsuite></testsuites>