<?xml version="1.0" encoding="utf-8"?><testsuites name="pytest tests"><testsuite name="pytest" errors="0" failures="0" skipped="0" tests="13" time="1.502" timestamp="2026-02-02T16:19:30.083735+00:00" hostname="agent-env-cae35154-016c-4172-a7a7-d185ea9f289b"><testcase classname="backend.tests.test_products_i18n.TestProductsAPI" name="test_products_count" time="0.058" /><testcase classname="backend.tests.test_products_i18n.TestProductsAPI" name="test_products_are_2025_2026" time="0.035" /><testcase classname="backend.tests.test_products_i18n.TestProductsAPI" name="test_product_structure" time="0.039" /><testcase classname="backend.tests.test_products_i18n.TestProductsAPI" name="test_product_categories" time="0.035" /><testcase classname="backend.tests.test_products_i18n.TestLastChanceAPI" name="test_ending_soon" time="0.071" /><testcase classname="backend.tests.test_products_i18n.TestLastChanceAPI" name="test_hot_auctions" time="0.076" /><testcase classname="backend.tests.test_products_i18n.TestReviewsAPI" name="test_public_reviews" time="0.079" /><testcase classname="backend.tests.test_products_i18n.TestBundlesAPI" name="test_bundles_requires_auth" time="0.044" /><testcase classname="backend.tests.test_products_i18n.TestFriendBattleAPI" name="test_battle_types" time="0.037" /><testcase classname="backend.tests.test_products_i18n.TestFriendBattleAPI" name="test_leaderboard" time="0.038" /><testcase classname="backend.tests.test_products_i18n.TestAuthenticatedEndpoints" name="test_bundles_with_auth" time="0.303" /><testcase classname="backend.tests.test_products_i18n.TestAuthenticatedEndpoints" name="test_friend_battle_my_battles" time="0.323" /><testcase classname="backend.tests.test_products_i18n.TestAuthenticatedEndpoints" name="test_reviews_my_pending" time="0.301" /></testsuite></testsuites>