<?xml version="1.0" encoding="utf-8"?><testsuites name="pytest tests"><testsuite name="pytest" errors="0" failures="0" skipped="0" tests="26" time="3.512" timestamp="2026-02-09T17:24:40.021687+00:00" hostname="agent-env-76eda438-6b85-4a04-a31b-cec1fdc93cf6"><testcase classname="backend.tests.test_9_new_features.TestHealthAndAuth" name="test_health_endpoint" time="0.076" /><testcase classname="backend.tests.test_9_new_features.TestHealthAndAuth" name="test_login_success" time="0.267" /><testcase classname="backend.tests.test_9_new_features.TestActivityFeedAPI" name="test_get_activity_stats" time="0.040" /><testcase classname="backend.tests.test_9_new_features.TestActivityFeedAPI" name="test_get_recent_wins" time="0.042" /><testcase classname="backend.tests.test_9_new_features.TestActivityFeedAPI" name="test_get_live_bids" time="0.040" /><testcase classname="backend.tests.test_9_new_features.TestActivityFeedAPI" name="test_get_recent_activity" time="0.048" /><testcase classname="backend.tests.test_9_new_features.TestTournamentAPI" name="test_get_current_tournament" time="0.042" /><testcase classname="backend.tests.test_9_new_features.TestTournamentAPI" name="test_get_tournament_leaderboard" time="0.043" /><testcase classname="backend.tests.test_9_new_features.TestTournamentAPI" name="test_get_tournament_history" time="0.041" /><testcase classname="backend.tests.test_9_new_features.TestRecommendationsAPI" name="test_get_trending_auctions" time="0.070" /><testcase classname="backend.tests.test_9_new_features.TestRecommendationsAPI" name="test_get_ending_soon" time="0.043" /><testcase classname="backend.tests.test_9_new_features.TestRecommendationsAPI" name="test_get_hot_deals" time="0.044" /><testcase classname="backend.tests.test_9_new_features.TestWatchersAPI" name="test_get_watcher_stats" time="0.036" /><testcase classname="backend.tests.test_9_new_features.TestWatchersAPI" name="test_get_hot_auctions" time="0.038" /><testcase classname="backend.tests.test_9_new_features.TestAuctionChatAPI" name="test_get_available_reactions" time="0.043" /><testcase classname="backend.tests.test_9_new_features.TestAuthenticatedEndpoints" name="test_get_welcome_bonus_status" time="0.320" /><testcase classname="backend.tests.test_9_new_features.TestAuthenticatedEndpoints" name="test_get_available_bonuses" time="0.301" /><testcase classname="backend.tests.test_9_new_features.TestAuthenticatedEndpoints" name="test_get_my_bid_alarms" time="0.296" /><testcase classname="backend.tests.test_9_new_features.TestAuthenticatedEndpoints" name="test_get_my_wallet_passes" time="0.296" /><testcase classname="backend.tests.test_9_new_features.TestAuthenticatedEndpoints" name="test_get_my_tournament_rank" time="0.299" /><testcase classname="backend.tests.test_9_new_features.TestAuthenticatedEndpoints" name="test_get_personalized_recommendations" time="0.324" /><testcase classname="backend.tests.test_9_new_features.TestAuthenticatedEndpoints" name="test_get_revenge_stats" time="0.297" /><testcase classname="backend.tests.test_9_new_features.TestAuthenticatedEndpoints" name="test_get_my_revenge_history" time="0.297" /><testcase classname="backend.tests.test_9_new_features.TestUnauthorizedAccess" name="test_welcome_bonus_status_unauthorized" time="0.033" /><testcase classname="backend.tests.test_9_new_features.TestUnauthorizedAccess" name="test_bid_alarm_my_alarms_unauthorized" time="0.036" /><testcase classname="backend.tests.test_9_new_features.TestUnauthorizedAccess" name="test_wallet_my_passes_unauthorized" time="0.034" /></testsuite></testsuites>