<?xml version="1.0" encoding="utf-8"?><testsuites name="pytest tests"><testsuite name="pytest" errors="0" failures="0" skipped="0" tests="6" time="1.904" timestamp="2026-02-07T09:35:35.311611+00:00" hostname="agent-env-ded52461-da95-4705-8df9-c0d77bd149a9"><testcase classname="backend.tests.test_personalized_homepage.TestPersonalizedHomepage" name="test_personalized_homepage_requires_auth" time="0.367" /><testcase classname="backend.tests.test_personalized_homepage.TestPersonalizedHomepage" name="test_personalized_homepage_returns_sections" time="0.280" /><testcase classname="backend.tests.test_personalized_homepage.TestPersonalizedHomepage" name="test_personalized_homepage_returns_greeting" time="0.287" /><testcase classname="backend.tests.test_personalized_homepage.TestPersonalizedHomepage" name="test_personalized_homepage_returns_user_preferences" time="0.319" /><testcase classname="backend.tests.test_personalized_homepage.TestPersonalizedHomepage" name="test_hot_right_now_section_structure" time="0.295" /><testcase classname="backend.tests.test_personalized_homepage.TestPersonalizedHomepage" name="test_similar_products_endpoint" time="0.308" /></testsuite></testsuites>