<?xml version="1.0" encoding="utf-8"?><testsuites name="pytest tests"><testsuite name="pytest" errors="0" failures="0" skipped="0" tests="11" time="4.382" timestamp="2026-04-03T18:59:10.551575+00:00" hostname="agent-env-4eca6b7a-c991-4980-a10d-e55301db3196"><testcase classname="backend.tests.test_rate_limiting.TestHealthCheck" name="test_health_endpoint_returns_200" time="0.158" /><testcase classname="backend.tests.test_rate_limiting.TestLoginEndpoint" name="test_login_with_correct_credentials_returns_200" time="0.407" /><testcase classname="backend.tests.test_rate_limiting.TestLoginEndpoint" name="test_login_with_wrong_credentials_returns_401" time="0.111" /><testcase classname="backend.tests.test_rate_limiting.TestRegisterRateLimiting" name="test_register_rate_limit_triggers_429" time="1.482" /><testcase classname="backend.tests.test_rate_limiting.Test429ResponseFormat" name="test_429_response_has_correct_structure" time="0.115" /><testcase classname="backend.tests.test_rate_limiting.TestRateLimitConfigCentralized" name="test_rate_limit_config_file_exists" time="0.115" /><testcase classname="backend.tests.test_rate_limiting.TestWalletEndpointWithAuth" name="test_wallet_with_auth_returns_balance" time="0.406" /><testcase classname="backend.tests.test_rate_limiting.TestBackendStartsWithoutErrors" name="test_backend_is_running" time="0.104" /><testcase classname="backend.tests.test_rate_limiting.TestBackendStartsWithoutErrors" name="test_multiple_endpoints_work" time="0.540" /><testcase classname="backend.tests.test_rate_limiting.TestNormalUsageStillWorks" name="test_normal_login_logout_flow" time="0.439" /><testcase classname="backend.tests.test_rate_limiting.TestNormalUsageStillWorks" name="test_normal_wallet_operations" time="0.427" /></testsuite></testsuites>