<?xml version="1.0" encoding="utf-8"?><testsuites name="pytest tests"><testsuite name="pytest" errors="0" failures="0" skipped="0" tests="7" time="5.498" timestamp="2026-05-14T12:17:25.447165+00:00" hostname="agent-env-dfa818cb-6bfb-43e5-99e8-fd0879d78675"><testcase classname="backend.tests.test_staff_connect.TestStaffConnect" name="test_onboard_requires_auth" time="0.206" /><testcase classname="backend.tests.test_staff_connect.TestStaffConnect" name="test_onboard_invalid_staff_returns_404" time="0.410" /><testcase classname="backend.tests.test_staff_connect.TestStaffConnect" name="test_onboard_real_staff_returns_account_link" time="1.143" /><testcase classname="backend.tests.test_staff_connect.TestStaffConnect" name="test_status_cached" time="0.051" /><testcase classname="backend.tests.test_staff_connect.TestStaffConnect" name="test_status_live" time="0.560" /><testcase classname="backend.tests.test_staff_connect.TestStaffConnect" name="test_payout_with_stripe_connect_needs_onboarding_when_not_enabled" time="0.183" /><testcase classname="backend.tests.test_staff_connect.TestStaffConnect" name="test_disconnect" time="2.867" /></testsuite></testsuites>