<?xml version="1.0" encoding="utf-8"?><testsuites name="pytest tests"><testsuite name="pytest" errors="0" failures="1" skipped="0" tests="14" time="3.321" timestamp="2026-05-12T18:00:08.400358+00:00" hostname="agent-env-dfa818cb-6bfb-43e5-99e8-fd0879d78675"><testcase classname="backend.tests.test_staff_subscription" name="test_01_plans_public" time="1.147" /><testcase classname="backend.tests.test_staff_subscription" name="test_02_feature_flags" time="0.132" /><testcase classname="backend.tests.test_staff_subscription" name="test_03_status_requires_auth" time="0.155" /><testcase classname="backend.tests.test_staff_subscription" name="test_04_members_without_subscription_402" time="0.126" /><testcase classname="backend.tests.test_staff_subscription" name="test_05_status_no_sub_or_cancelled" time="0.066" /><testcase classname="backend.tests.test_staff_subscription" name="test_06_admin_override_pro_trial" time="0.082" /><testcase classname="backend.tests.test_staff_subscription" name="test_07_status_after_trial" time="0.074"><failure message="assert None is not None">backend/tests/test_staff_subscription.py:122: in test_07_status_after_trial
    assert data["trial_days_left"] is not None
E   assert None is not None</failure></testcase><testcase classname="backend.tests.test_staff_subscription" name="test_08_create_member_after_trial" time="0.072" /><testcase classname="backend.tests.test_staff_subscription" name="test_09_admin_override_basic_limit" time="0.073" /><testcase classname="backend.tests.test_staff_subscription" name="test_10_limit_reached_on_6th_member" time="0.324" /><testcase classname="backend.tests.test_staff_subscription" name="test_11_create_checkout_pro_placeholder" time="0.129" /><testcase classname="backend.tests.test_staff_subscription" name="test_12_admin_toggle_module" time="0.177" /><testcase classname="backend.tests.test_staff_subscription" name="test_13_cancel_subscription" time="0.136" /><testcase classname="backend.tests.test_staff_subscription" name="test_14_cleanup_members" time="0.523" /></testsuite></testsuites>