<?xml version="1.0" encoding="utf-8"?><testsuites name="pytest tests"><testsuite name="pytest" errors="0" failures="1" skipped="0" tests="24" time="6.508" timestamp="2026-05-12T18:31:39.430830+00:00" hostname="agent-env-dfa818cb-6bfb-43e5-99e8-fd0879d78675"><testcase classname="backend.tests.test_staff_phase2" name="test_00_ensure_trial" time="1.195" /><testcase classname="backend.tests.test_staff_phase2" name="test_01_templates_list" time="0.195" /><testcase classname="backend.tests.test_staff_phase2" name="test_02_templates_apply" time="0.077" /><testcase classname="backend.tests.test_staff_phase2" name="test_03_templates_active" time="0.068" /><testcase classname="backend.tests.test_staff_phase2" name="test_04_roles_list" time="0.171" /><testcase classname="backend.tests.test_staff_phase2" name="test_05_locations_create_list_patch" time="0.239" /><testcase classname="backend.tests.test_staff_phase2" name="test_06_invite_create_preview_accept" time="0.735" /><testcase classname="backend.tests.test_staff_phase2" name="test_07_roles_assign" time="0.071" /><testcase classname="backend.tests.test_staff_phase2" name="test_08_clock_geofence_out_of_range" time="0.675"><failure message="AssertionError: Expected gps_out_of_range warning, got types: set()&#10;assert 'gps_out_of_range' in set()">backend/tests/test_staff_phase2.py:159: in test_08_clock_geofence_out_of_range
    assert "gps_out_of_range" in types, f"Expected gps_out_of_range warning, got types: {types}"
E   AssertionError: Expected gps_out_of_range warning, got types: set()
E   assert 'gps_out_of_range' in set()</failure></testcase><testcase classname="backend.tests.test_staff_phase2" name="test_09_warnings_scan_and_resolve" time="0.345" /><testcase classname="backend.tests.test_staff_phase2" name="test_10_reports_daily_weekly_monthly" time="0.254" /><testcase classname="backend.tests.test_staff_phase2" name="test_11_reports_by_location_and_warnings" time="0.130" /><testcase classname="backend.tests.test_staff_phase2" name="test_12_reports_export_csv" time="0.069" /><testcase classname="backend.tests.test_staff_phase2" name="test_13_reports_export_datev" time="0.067" /><testcase classname="backend.tests.test_staff_phase2" name="test_14_magic_link_unknown_user_anti_enum" time="0.144" /><testcase classname="backend.tests.test_staff_phase2" name="test_15_magic_link_known_user_returns_url" time="0.162" /><testcase classname="backend.tests.test_staff_phase2" name="test_16_magic_verify_sets_cookie" time="0.202" /><testcase classname="backend.tests.test_staff_phase2" name="test_17_magic_token_reused_401" time="0.188" /><testcase classname="backend.tests.test_staff_phase2" name="test_18_me_profile_get_update" time="0.158" /><testcase classname="backend.tests.test_staff_phase2" name="test_19_me_change_pin" time="0.901" /><testcase classname="backend.tests.test_staff_phase2" name="test_20_me_dashboard" time="0.075" /><testcase classname="backend.tests.test_staff_phase2" name="test_21_metrics_overview" time="0.098" /><testcase classname="backend.tests.test_staff_phase2" name="test_22_metrics_by_plan" time="0.063" /><testcase classname="backend.tests.test_staff_phase2" name="test_99_cleanup" time="0.135" /></testsuite></testsuites>