<?xml version="1.0" encoding="utf-8"?><testsuites name="pytest tests"><testsuite name="pytest" errors="0" failures="0" skipped="1" tests="15" time="6.522" timestamp="2026-04-03T21:34:15.146468+00:00" hostname="agent-env-4eca6b7a-c991-4980-a10d-e55301db3196"><testcase classname="tests.test_v2_features.TestFeatureFlagsPublic" name="test_get_feature_flags_no_auth" time="0.280" /><testcase classname="tests.test_v2_features.TestFeatureFlagsPublic" name="test_feature_flags_structure" time="0.120" /><testcase classname="tests.test_v2_features.TestAdminFeatureFlags" name="test_get_admin_feature_flags" time="0.406" /><testcase classname="tests.test_v2_features.TestAdminFeatureFlags" name="test_update_feature_flag_toggle" time="0.556" /><testcase classname="tests.test_v2_features.TestAdminFeatureFlags" name="test_update_feature_flag_access" time="0.560" /><testcase classname="tests.test_v2_features.TestAdminFeatureFlagsUnauthorized" name="test_get_admin_feature_flags_forbidden" time="0.412" /><testcase classname="tests.test_v2_features.TestAdminFeatureFlagsUnauthorized" name="test_update_feature_flag_forbidden" time="0.406" /><testcase classname="tests.test_v2_features.TestKidsSubscription" name="test_get_kids_subscription_status" time="0.427" /><testcase classname="tests.test_v2_features.TestKidsSubscription" name="test_start_kids_trial" time="0.515" /><testcase classname="tests.test_v2_features.TestKidsSubscription" name="test_start_trial_already_used" time="0.418" /><testcase classname="tests.test_v2_features.TestKidsSubscriptionUnauthorized" name="test_get_subscription_unauthorized" time="0.114" /><testcase classname="tests.test_v2_features.TestKidsSubscriptionUnauthorized" name="test_start_trial_unauthorized" time="0.098" /><testcase classname="tests.test_v2_features.TestKidsCheckout" name="test_create_kids_checkout_monthly" time="1.136" /><testcase classname="tests.test_v2_features.TestKidsCheckout" name="test_create_kids_checkout_yearly" time="0.766" /><testcase classname="tests.test_v2_features.TestKidsCheckout" name="test_create_kids_checkout_invalid_plan" time="0.118"><skipped type="pytest.skip" message="Merchant login failed: {&quot;error&quot;:&quot;rate_limit_exceeded&quot;,&quot;message&quot;:&quot;Too many requests. Please slow down and try again.&quot;,&quot;retry_after&quot;:60}">/app/backend/tests/test_v2_features.py:309: Merchant login failed: {"error":"rate_limit_exceeded","message":"Too many requests. Please slow down and try again.","retry_after":60}</skipped></testcase></testsuite></testsuites>